30 Jun 2011 16:08:56,699  INFO [main] PluginJobManager:107 - >>>> START of PluginJobManager >>>> date=2011-06-30 16:08:56.471  EDT
30 Jun 2011 16:08:56,815  INFO [main] PluginJobManager:110 - Bioscope version: bioscope-v1.3-rBS130_50843_20101020105719 
30 Jun 2011 16:08:59,957  INFO [ActiveMQ Task] FailoverTransport:745 - Successfully connected to tcp://asp.genomics.purdue.edu:61616?wireFormat.MaxInactivityDuration=-1
30 Jun 2011 16:09:00,555  INFO [ActiveMQ Task] FailoverTransport:745 - Successfully connected to tcp://asp.genomics.purdue.edu:61616?wireFormat.MaxInactivityDuration=-1
30 Jun 2011 16:09:01,466  INFO [main] ClusterJob:142 - Template location - /scratch/genomics/bioscope/bioscope-coates/etc/template
30 Jun 2011 16:09:03,677  WARN [main] PluginJobScheduler:88 - No plugins found in wt.pe.junction.finder.ini
30 Jun 2011 16:09:03,998  INFO [main] AnalysisJobManager:63 - AnalysisJobManager.manageJobs() job.name=wt.f3.genomic.mapping.plugin.run; pluginId=wt.f3.genomic.mapping.plugin.run
30 Jun 2011 16:09:03,998  INFO [main] AnalysisJobManager:63 - AnalysisJobManager.manageJobs() job.name=wt.f3.filter.mapping.plugin.run; pluginId=wt.f3.filter.mapping.plugin.run
30 Jun 2011 16:09:04,003  INFO [main] ClusterPluginJobLauncher:187 - Spawned process for 'wt.f3.genomic.mapping.plugin.run'.
java_app.sh --memory 64 com.apldbio.aga.analysis.exec.PluginRunner -q 163912c2-b34f-45d3-b48e-b5cb5e6b26f8 -s -L /usr/rmt_share/genomics/westerm/xr00162_Morning-glory-1/000634_Cb2_396/log -l wt.f3.genomic.mapping.plugin/wt.f3.genomic.mapping.plugin.run-1.20110630200904001.log -j 1 wt.f3.genomic.mapping.plugin.run /usr/rmt_share/genomics/westerm/xr00162_Morning-glory-1/000634_Cb2_396/wt.pe.f3.mapping.ini
30 Jun 2011 16:09:04,004  INFO [main] ClusterPluginJobLauncher:187 - Spawned process for 'wt.f3.filter.mapping.plugin.run'.
java_app.sh --memory 64 com.apldbio.aga.analysis.exec.PluginRunner -q 163912c2-b34f-45d3-b48e-b5cb5e6b26f8 -s -L /usr/rmt_share/genomics/westerm/xr00162_Morning-glory-1/000634_Cb2_396/log -l wt.f3.filter.mapping.plugin/wt.f3.filter.mapping.plugin.run-2.20110630200904004.log -j 2 wt.f3.filter.mapping.plugin.run /usr/rmt_share/genomics/westerm/xr00162_Morning-glory-1/000634_Cb2_396/wt.pe.f3.mapping.ini
30 Jun 2011 16:09:04,004  INFO [main] AnalysisJobManager:46 - Waiting for events on selector '163912c2-b34f-45d3-b48e-b5cb5e6b26f8'
30 Jun 2011 17:13:37,546  INFO [main] AnalysisJobManager:118 - wt.f3.filter.mapping.plugin.run completed.
30 Jun 2011 17:13:37,546  INFO [main] AnalysisJobManager:46 - Waiting for events on selector '163912c2-b34f-45d3-b48e-b5cb5e6b26f8'
30 Jun 2011 17:14:24,501  INFO [main] AnalysisJobManager:118 - wt.f3.genomic.mapping.plugin.run completed.
30 Jun 2011 17:14:24,502  INFO [main] AnalysisJobManager:63 - AnalysisJobManager.manageJobs() job.name=wt.f3.ma.file.merger.into.ma.file.plugin.run; pluginId=wt.f3.ma.file.merger.into.ma.file.plugin.run
30 Jun 2011 17:14:24,503  INFO [main] ClusterPluginJobLauncher:187 - Spawned process for 'wt.f3.ma.file.merger.into.ma.file.plugin.run'.
java_app.sh --memory 64 com.apldbio.aga.analysis.exec.PluginRunner -q 163912c2-b34f-45d3-b48e-b5cb5e6b26f8 -s -L /usr/rmt_share/genomics/westerm/xr00162_Morning-glory-1/000634_Cb2_396/log -l wt.f3.ma.file.merger.into.ma.file.plugin/wt.f3.ma.file.merger.into.ma.file.plugin.run-3.20110630211424502.log -j 3 wt.f3.ma.file.merger.into.ma.file.plugin.run /usr/rmt_share/genomics/westerm/xr00162_Morning-glory-1/000634_Cb2_396/wt.pe.f3.mapping.ini
30 Jun 2011 17:14:24,503  INFO [main] AnalysisJobManager:46 - Waiting for events on selector '163912c2-b34f-45d3-b48e-b5cb5e6b26f8'
30 Jun 2011 17:17:46,549  INFO [main] AnalysisJobManager:118 - wt.f3.ma.file.merger.into.ma.file.plugin.run completed.
30 Jun 2011 17:17:46,549  INFO [main] AnalysisJobManager:63 - AnalysisJobManager.manageJobs() job.name=wt.f5.genomic.mapping.plugin.run; pluginId=wt.f5.genomic.mapping.plugin.run
30 Jun 2011 17:17:46,550  INFO [main] AnalysisJobManager:63 - AnalysisJobManager.manageJobs() job.name=wt.f5.filter.mapping.plugin.run; pluginId=wt.f5.filter.mapping.plugin.run
30 Jun 2011 17:17:46,550  INFO [main] ClusterPluginJobLauncher:187 - Spawned process for 'wt.f5.genomic.mapping.plugin.run'.
java_app.sh --memory 64 com.apldbio.aga.analysis.exec.PluginRunner -q 163912c2-b34f-45d3-b48e-b5cb5e6b26f8 -s -L /usr/rmt_share/genomics/westerm/xr00162_Morning-glory-1/000634_Cb2_396/log -l wt.f5.genomic.mapping.plugin/wt.f5.genomic.mapping.plugin.run-4.20110630211746550.log -j 4 wt.f5.genomic.mapping.plugin.run /usr/rmt_share/genomics/westerm/xr00162_Morning-glory-1/000634_Cb2_396/wt.pe.f5.mapping.ini
30 Jun 2011 17:17:46,554  INFO [main] ClusterPluginJobLauncher:187 - Spawned process for 'wt.f5.filter.mapping.plugin.run'.
java_app.sh --memory 64 com.apldbio.aga.analysis.exec.PluginRunner -q 163912c2-b34f-45d3-b48e-b5cb5e6b26f8 -s -L /usr/rmt_share/genomics/westerm/xr00162_Morning-glory-1/000634_Cb2_396/log -l wt.f5.filter.mapping.plugin/wt.f5.filter.mapping.plugin.run-5.20110630211746551.log -j 5 wt.f5.filter.mapping.plugin.run /usr/rmt_share/genomics/westerm/xr00162_Morning-glory-1/000634_Cb2_396/wt.pe.f5.mapping.ini
30 Jun 2011 17:17:46,555  INFO [main] AnalysisJobManager:46 - Waiting for events on selector '163912c2-b34f-45d3-b48e-b5cb5e6b26f8'
30 Jun 2011 17:36:09,317  INFO [main] AnalysisJobManager:118 - wt.f5.filter.mapping.plugin.run completed.
30 Jun 2011 17:36:09,317  INFO [main] AnalysisJobManager:46 - Waiting for events on selector '163912c2-b34f-45d3-b48e-b5cb5e6b26f8'
30 Jun 2011 17:38:12,764  INFO [main] AnalysisJobManager:118 - wt.f5.genomic.mapping.plugin.run completed.
30 Jun 2011 17:38:12,765  INFO [main] AnalysisJobManager:63 - AnalysisJobManager.manageJobs() job.name=wt.f5.ma.file.merger.into.ma.file.plugin.run; pluginId=wt.f5.ma.file.merger.into.ma.file.plugin.run
30 Jun 2011 17:38:12,765  INFO [main] ClusterPluginJobLauncher:187 - Spawned process for 'wt.f5.ma.file.merger.into.ma.file.plugin.run'.
java_app.sh --memory 64 com.apldbio.aga.analysis.exec.PluginRunner -q 163912c2-b34f-45d3-b48e-b5cb5e6b26f8 -s -L /usr/rmt_share/genomics/westerm/xr00162_Morning-glory-1/000634_Cb2_396/log -l wt.f5.ma.file.merger.into.ma.file.plugin/wt.f5.ma.file.merger.into.ma.file.plugin.run-6.20110630213812765.log -j 6 wt.f5.ma.file.merger.into.ma.file.plugin.run /usr/rmt_share/genomics/westerm/xr00162_Morning-glory-1/000634_Cb2_396/wt.pe.f5.mapping.ini
30 Jun 2011 17:38:12,768  INFO [main] AnalysisJobManager:46 - Waiting for events on selector '163912c2-b34f-45d3-b48e-b5cb5e6b26f8'
30 Jun 2011 17:41:17,682  INFO [main] AnalysisJobManager:118 - wt.f5.ma.file.merger.into.ma.file.plugin.run completed.
30 Jun 2011 17:41:17,683  INFO [main] AnalysisJobManager:63 - AnalysisJobManager.manageJobs() job.name=wt.f3.exon.table.rescue.plugin.run; pluginId=wt.f3.exon.table.rescue.plugin.run
30 Jun 2011 17:41:17,689  INFO [main] ClusterPluginJobLauncher:103 - fillinJob() ClusterJob ppn=1
30 Jun 2011 17:41:17,868  INFO [main] ClusterPluginJobLauncher:195 - SUBMIT SCRIPT>>>>#!/bin/bash
##Use user environment Variable
#PBS -V
## Job name
## Purdue mod ... was #PBS -N BioScope_wt.f3.exon.table.rescue.plugin.run_7
#PBS -N Bgin.run_7
## Declare job re-runnable
#PBS -r y
## Output files
#PBS -o '/usr/rmt_share/genomics/westerm/xr00162_Morning-glory-1/000634_Cb2_396/log/TORQUE/wt.f3.exon.table.rescue.plugin/wt.f3.exon.table.rescue.plugin.run-7.20110630214117686.log'
#PBS -j oe

## Queue name
#PBS -q mgribsko
## User nameA
## Purdue deletion was ...  #PBS -u westerm

## Resources
#PBS -l walltime=96:00:00,nodes=1:ppn=1,mem=4gb



##all files to be group writable
#PBS -W umask=002

# Log Job Info for debugging
date '+TS[START]: %Y-%m-%d %k:%M:%S.%N'
echo StartTime is `date`
#echo Working directory is $PBS_O_WORKDIR
#cd $PBS_O_WORKDIR
echo Directory is `pwd`
echo Running on host $PBS_O_HOST / `hostname`
echo Job $PBS_O_JOBID - $PBS_JOBNAME in Queue $PBS_QUEUE
## Purdue ... need newline at end of file?
## Force all files to be group writable
umask 0002

unset DISPLAY

	export BIOSCOPEROOT=/scratch/genomics/bioscope/bioscope-coates
# Note, if bioscoperoot is not set above, this will run the
# system script in /etc/profile.d/bioscope_profile.sh
# following lines has freeMarker specific syntax
if [[ -f ${BIOSCOPEROOT}/etc/profile.d/bioscope_profile.sh ]]; then
    ${BIOSCOPEROOT}/etc/profile.d/bioscope_profile.sh
fi

echo BIOSCOPEROOT=$BIOSCOPEROOT

set -x


##==== PRE =========================================================

cd /usr/rmt_share/genomics/westerm/xr00162_Morning-glory-1/000634_Cb2_396

##==================================================================
date '+TS[JOB_START]: %Y-%m-%d %k:%M:%S.%N'
set +e
## =============== COMMAND IS RUN HERE! =============================
java_app.sh --memory 4000 com.apldbio.aga.analysis.exec.PluginRunner -q 163912c2-b34f-45d3-b48e-b5cb5e6b26f8 -L /usr/rmt_share/genomics/westerm/xr00162_Morning-glory-1/000634_Cb2_396/log -l wt.f3.exon.table.rescue.plugin/wt.f3.exon.table.rescue.plugin.run-7.20110630214117683.log -j 7 wt.f3.exon.table.rescue.plugin.run /usr/rmt_share/genomics/westerm/xr00162_Morning-glory-1/000634_Cb2_396/wt.pe.f3.rescue.ini
## Save exit status
RETVAL=$?
set -e
date '+TS[JOB_END]: %Y-%m-%d %k:%M:%S.%N'
##==== POST ========================================================

##==================================================================

set +x



echo EndTime is `date`
date '+TS[END]: %Y-%m-%d %k:%M:%S.%N'

# return the executed command's exit status
exit $RETVAL

30 Jun 2011 17:41:19,918  INFO [main] ClusterPluginJobLauncher:199 - Submitted job wt.f3.exon.table.rescue.plugin.run with Id '7' for 'wt.f3.exon.table.rescue.plugin.run'
30 Jun 2011 17:41:19,918  INFO [main] AnalysisJobManager:46 - Waiting for events on selector '163912c2-b34f-45d3-b48e-b5cb5e6b26f8'
30 Jun 2011 17:47:11,354  INFO [main] AnalysisJobManager:118 - wt.f3.exon.table.rescue.plugin.run completed.
30 Jun 2011 17:47:11,355  INFO [main] AnalysisJobManager:63 - AnalysisJobManager.manageJobs() job.name=wt.f3.rescue.ma.file.merger.into.ma.file.plugin.run; pluginId=wt.f3.rescue.ma.file.merger.into.ma.file.plugin.run
30 Jun 2011 17:47:11,355  INFO [main] ClusterPluginJobLauncher:187 - Spawned process for 'wt.f3.rescue.ma.file.merger.into.ma.file.plugin.run'.
java_app.sh --memory 64 com.apldbio.aga.analysis.exec.PluginRunner -q 163912c2-b34f-45d3-b48e-b5cb5e6b26f8 -s -L /usr/rmt_share/genomics/westerm/xr00162_Morning-glory-1/000634_Cb2_396/log -l wt.f3.rescue.ma.file.merger.into.ma.file.plugin/wt.f3.rescue.ma.file.merger.into.ma.file.plugin.run-8.20110630214711355.log -j 8 wt.f3.rescue.ma.file.merger.into.ma.file.plugin.run /usr/rmt_share/genomics/westerm/xr00162_Morning-glory-1/000634_Cb2_396/wt.pe.f3.rescue.ini
30 Jun 2011 17:47:11,355  INFO [main] AnalysisJobManager:46 - Waiting for events on selector '163912c2-b34f-45d3-b48e-b5cb5e6b26f8'
30 Jun 2011 17:49:43,295  INFO [main] AnalysisJobManager:118 - wt.f3.rescue.ma.file.merger.into.ma.file.plugin.run completed.
30 Jun 2011 17:49:43,295  INFO [main] AnalysisJobManager:63 - AnalysisJobManager.manageJobs() job.name=wt.f5.exon.table.rescue.plugin.run; pluginId=wt.f5.exon.table.rescue.plugin.run
30 Jun 2011 17:49:43,297  INFO [main] ClusterPluginJobLauncher:103 - fillinJob() ClusterJob ppn=1
30 Jun 2011 17:49:43,298  INFO [main] ClusterPluginJobLauncher:195 - SUBMIT SCRIPT>>>>#!/bin/bash
##Use user environment Variable
#PBS -V
## Job name
## Purdue mod ... was #PBS -N BioScope_wt.f5.exon.table.rescue.plugin.run_9
#PBS -N Bgin.run_9
## Declare job re-runnable
#PBS -r y
## Output files
#PBS -o '/usr/rmt_share/genomics/westerm/xr00162_Morning-glory-1/000634_Cb2_396/log/TORQUE/wt.f5.exon.table.rescue.plugin/wt.f5.exon.table.rescue.plugin.run-9.20110630214943296.log'
#PBS -j oe

## Queue name
#PBS -q mgribsko
## User nameA
## Purdue deletion was ...  #PBS -u westerm

## Resources
#PBS -l walltime=96:00:00,nodes=1:ppn=1,mem=4gb



##all files to be group writable
#PBS -W umask=002

# Log Job Info for debugging
date '+TS[START]: %Y-%m-%d %k:%M:%S.%N'
echo StartTime is `date`
#echo Working directory is $PBS_O_WORKDIR
#cd $PBS_O_WORKDIR
echo Directory is `pwd`
echo Running on host $PBS_O_HOST / `hostname`
echo Job $PBS_O_JOBID - $PBS_JOBNAME in Queue $PBS_QUEUE
## Purdue ... need newline at end of file?
## Force all files to be group writable
umask 0002

unset DISPLAY

	export BIOSCOPEROOT=/scratch/genomics/bioscope/bioscope-coates
# Note, if bioscoperoot is not set above, this will run the
# system script in /etc/profile.d/bioscope_profile.sh
# following lines has freeMarker specific syntax
if [[ -f ${BIOSCOPEROOT}/etc/profile.d/bioscope_profile.sh ]]; then
    ${BIOSCOPEROOT}/etc/profile.d/bioscope_profile.sh
fi

echo BIOSCOPEROOT=$BIOSCOPEROOT

set -x


##==== PRE =========================================================

cd /usr/rmt_share/genomics/westerm/xr00162_Morning-glory-1/000634_Cb2_396

##==================================================================
date '+TS[JOB_START]: %Y-%m-%d %k:%M:%S.%N'
set +e
## =============== COMMAND IS RUN HERE! =============================
java_app.sh --memory 4000 com.apldbio.aga.analysis.exec.PluginRunner -q 163912c2-b34f-45d3-b48e-b5cb5e6b26f8 -L /usr/rmt_share/genomics/westerm/xr00162_Morning-glory-1/000634_Cb2_396/log -l wt.f5.exon.table.rescue.plugin/wt.f5.exon.table.rescue.plugin.run-9.20110630214943295.log -j 9 wt.f5.exon.table.rescue.plugin.run /usr/rmt_share/genomics/westerm/xr00162_Morning-glory-1/000634_Cb2_396/wt.pe.f5.rescue.ini
## Save exit status
RETVAL=$?
set -e
date '+TS[JOB_END]: %Y-%m-%d %k:%M:%S.%N'
##==== POST ========================================================

##==================================================================

set +x



echo EndTime is `date`
date '+TS[END]: %Y-%m-%d %k:%M:%S.%N'

# return the executed command's exit status
exit $RETVAL

30 Jun 2011 17:49:43,367  INFO [main] ClusterPluginJobLauncher:199 - Submitted job wt.f5.exon.table.rescue.plugin.run with Id '9' for 'wt.f5.exon.table.rescue.plugin.run'
30 Jun 2011 17:49:43,368  INFO [main] AnalysisJobManager:46 - Waiting for events on selector '163912c2-b34f-45d3-b48e-b5cb5e6b26f8'
30 Jun 2011 17:56:43,531  INFO [main] AnalysisJobManager:118 - wt.f5.exon.table.rescue.plugin.run completed.
30 Jun 2011 17:56:43,531  INFO [main] AnalysisJobManager:63 - AnalysisJobManager.manageJobs() job.name=wt.f5.rescue.ma.file.merger.into.ma.file.plugin.run; pluginId=wt.f5.rescue.ma.file.merger.into.ma.file.plugin.run
30 Jun 2011 17:56:43,532  INFO [main] ClusterPluginJobLauncher:187 - Spawned process for 'wt.f5.rescue.ma.file.merger.into.ma.file.plugin.run'.
java_app.sh --memory 64 com.apldbio.aga.analysis.exec.PluginRunner -q 163912c2-b34f-45d3-b48e-b5cb5e6b26f8 -s -L /usr/rmt_share/genomics/westerm/xr00162_Morning-glory-1/000634_Cb2_396/log -l wt.f5.rescue.ma.file.merger.into.ma.file.plugin/wt.f5.rescue.ma.file.merger.into.ma.file.plugin.run-10.20110630215643532.log -j 10 wt.f5.rescue.ma.file.merger.into.ma.file.plugin.run /usr/rmt_share/genomics/westerm/xr00162_Morning-glory-1/000634_Cb2_396/wt.pe.f5.rescue.ini
30 Jun 2011 17:56:43,532  INFO [main] AnalysisJobManager:46 - Waiting for events on selector '163912c2-b34f-45d3-b48e-b5cb5e6b26f8'
30 Jun 2011 17:59:46,373  INFO [main] AnalysisJobManager:118 - wt.f5.rescue.ma.file.merger.into.ma.file.plugin.run completed.
30 Jun 2011 17:59:46,374  INFO [main] AnalysisJobManager:63 - AnalysisJobManager.manageJobs() job.name=pairing.wt.run; pluginId=pairing.wt.run
30 Jun 2011 17:59:46,374  INFO [main] ClusterPluginJobLauncher:187 - Spawned process for 'pairing.wt.run'.
java_app.sh --memory 64 com.apldbio.aga.analysis.exec.PluginRunner -q 163912c2-b34f-45d3-b48e-b5cb5e6b26f8 -s -L /usr/rmt_share/genomics/westerm/xr00162_Morning-glory-1/000634_Cb2_396/log -l pairing.wt/pairing.wt.run-11.20110630215946374.log -j 11 pairing.wt.run /usr/rmt_share/genomics/westerm/xr00162_Morning-glory-1/000634_Cb2_396/wt.pe.pairing.ini
30 Jun 2011 17:59:46,374  INFO [main] AnalysisJobManager:46 - Waiting for events on selector '163912c2-b34f-45d3-b48e-b5cb5e6b26f8'
30 Jun 2011 17:59:47,570  INFO [main] AnalysisJobManager:160 - 11: WARNING:  Value for key 'insert.start' may not be less than 35, using 35.
30 Jun 2011 17:59:52,996  INFO [main] AnalysisJobManager:160 - 11.1: WARNING:  Value for key 'insert.start' may not be less than 35, using 35.
30 Jun 2011 17:59:53,013  INFO [main] AnalysisJobManager:160 - 11.1: Creating (or finding) mapping indexes.
30 Jun 2011 18:00:20,679  INFO [main] AnalysisJobManager:160 - 11.1: Counting panels.
30 Jun 2011 18:00:20,715  INFO [main] AnalysisJobManager:160 - 11.1: Grouping panels for 24 jobs.
30 Jun 2011 18:00:21,188  INFO [main] AnalysisJobManager:160 - 11: Panel grouping finished.
30 Jun 2011 18:04:27,290  INFO [main] AnalysisJobManager:160 - 11.2: WARNING:  Value for key 'insert.start' may not be less than 35, using 35.
30 Jun 2011 18:04:27,345  INFO [main] AnalysisJobManager:160 - 11.2: Starting distribute quality values
30 Jun 2011 18:04:32,301  INFO [main] AnalysisJobManager:160 - 11.3: Starting main pairing run for panels 0-18
30 Jun 2011 18:04:33,557  INFO [main] AnalysisJobManager:160 - 11.4: Starting main pairing run for panels 19-36
30 Jun 2011 18:04:40,638  INFO [main] AnalysisJobManager:160 - 11.3: Finished main pairing run for panels 0-18
30 Jun 2011 18:04:42,294  INFO [main] AnalysisJobManager:160 - 11.4: Finished main pairing run for panels 19-36
30 Jun 2011 18:04:49,540  INFO [main] AnalysisJobManager:160 - 11.5: Starting main pairing run for panels 37-54
30 Jun 2011 18:04:52,645  INFO [main] AnalysisJobManager:160 - 11.6: Starting main pairing run for panels 55-72
30 Jun 2011 18:04:56,850  INFO [main] AnalysisJobManager:160 - 11.5: Finished main pairing run for panels 37-54
30 Jun 2011 18:05:01,365  INFO [main] AnalysisJobManager:160 - 11.7: Starting main pairing run for panels 73-90
30 Jun 2011 18:05:01,384  INFO [main] AnalysisJobManager:160 - 11.8: Starting main pairing run for panels 91-108
30 Jun 2011 18:05:02,162  INFO [main] AnalysisJobManager:160 - 11.6: Finished main pairing run for panels 55-72
30 Jun 2011 18:05:08,218  INFO [main] AnalysisJobManager:160 - 11.8: Finished main pairing run for panels 91-108
30 Jun 2011 18:05:10,276  INFO [main] AnalysisJobManager:160 - 11.7: Finished main pairing run for panels 73-90
30 Jun 2011 18:06:40,359  INFO [main] AnalysisJobManager:160 - 11.9: Starting main pairing run for panels 109-126
30 Jun 2011 18:06:43,911  INFO [main] AnalysisJobManager:160 - 11.10: Starting main pairing run for panels 127-144
30 Jun 2011 18:06:49,010  INFO [main] AnalysisJobManager:160 - 11.9: Finished main pairing run for panels 109-126
30 Jun 2011 18:06:49,286  INFO [main] AnalysisJobManager:160 - 11.11: Starting main pairing run for panels 145-163
30 Jun 2011 18:06:54,190  INFO [main] AnalysisJobManager:160 - 11.10: Finished main pairing run for panels 127-144
30 Jun 2011 18:06:56,567  INFO [main] AnalysisJobManager:160 - 11.11: Finished main pairing run for panels 145-163
30 Jun 2011 18:07:03,111  INFO [main] AnalysisJobManager:160 - 11.12: Starting main pairing run for panels 164-181
30 Jun 2011 18:07:08,696  INFO [main] AnalysisJobManager:160 - 11.13: Starting main pairing run for panels 182-199
30 Jun 2011 18:07:11,681  INFO [main] AnalysisJobManager:160 - 11.12: Finished main pairing run for panels 164-181
30 Jun 2011 18:07:12,917  INFO [main] AnalysisJobManager:160 - 11.14: Starting main pairing run for panels 200-217
30 Jun 2011 18:07:17,843  INFO [main] AnalysisJobManager:160 - 11.13: Finished main pairing run for panels 182-199
30 Jun 2011 18:07:19,018  INFO [main] AnalysisJobManager:160 - 11.15: Starting main pairing run for panels 218-235
30 Jun 2011 18:07:20,893  INFO [main] AnalysisJobManager:160 - 11.14: Finished main pairing run for panels 200-217
30 Jun 2011 18:07:28,303  INFO [main] AnalysisJobManager:160 - 11.15: Finished main pairing run for panels 218-235
30 Jun 2011 18:07:32,247  INFO [main] AnalysisJobManager:160 - 11.16: Starting main pairing run for panels 236-253
30 Jun 2011 18:07:41,209  INFO [main] AnalysisJobManager:160 - 11.16: Finished main pairing run for panels 236-253
30 Jun 2011 18:07:50,122  INFO [main] AnalysisJobManager:160 - 11.17: Starting main pairing run for panels 254-271
30 Jun 2011 18:07:52,522  INFO [main] AnalysisJobManager:160 - 11.18: Starting main pairing run for panels 272-289
30 Jun 2011 18:07:57,158  INFO [main] AnalysisJobManager:160 - 11.17: Finished main pairing run for panels 254-271
30 Jun 2011 18:08:01,771  INFO [main] AnalysisJobManager:160 - 11.18: Finished main pairing run for panels 272-289
30 Jun 2011 18:08:06,461  INFO [main] AnalysisJobManager:160 - 11.19: Starting main pairing run for panels 290-307
30 Jun 2011 18:08:09,485  INFO [main] AnalysisJobManager:160 - 11.20: Starting main pairing run for panels 308-324
30 Jun 2011 18:08:15,761  INFO [main] AnalysisJobManager:160 - 11.19: Finished main pairing run for panels 290-307
30 Jun 2011 18:08:16,914  INFO [main] AnalysisJobManager:160 - 11.20: Finished main pairing run for panels 308-324
30 Jun 2011 18:08:24,061  INFO [main] AnalysisJobManager:160 - 11.21: Starting main pairing run for panels 325-341
30 Jun 2011 18:08:29,298  INFO [main] AnalysisJobManager:160 - 11.22: Starting main pairing run for panels 342-358
30 Jun 2011 18:08:32,422  INFO [main] AnalysisJobManager:160 - 11.21: Finished main pairing run for panels 325-341
30 Jun 2011 18:08:37,666  INFO [main] AnalysisJobManager:160 - 11.23: Starting main pairing run for panels 359-375
30 Jun 2011 18:08:37,815  INFO [main] AnalysisJobManager:160 - 11.22: Finished main pairing run for panels 342-358
30 Jun 2011 18:08:41,457  INFO [main] AnalysisJobManager:160 - 11.24: Starting main pairing run for panels 376-392
30 Jun 2011 18:08:45,460  INFO [main] AnalysisJobManager:160 - 11.23: Finished main pairing run for panels 359-375
30 Jun 2011 18:08:46,429  INFO [main] AnalysisJobManager:160 - 11.25: Starting main pairing run for panels 393-409
30 Jun 2011 18:08:51,163  INFO [main] AnalysisJobManager:160 - 11.24: Finished main pairing run for panels 376-392
30 Jun 2011 18:08:56,220  INFO [main] AnalysisJobManager:160 - 11.25: Finished main pairing run for panels 393-409
30 Jun 2011 18:09:06,140  INFO [main] AnalysisJobManager:160 - 11.26: Starting main pairing run for panels 410-99999999
30 Jun 2011 18:09:11,470  INFO [main] AnalysisJobManager:160 - 11.26: Finished main pairing run for panels 410-99999999
30 Jun 2011 18:09:11,482  INFO [main] AnalysisJobManager:160 - 11: Main pairing run finished.
30 Jun 2011 18:10:04,649  INFO [main] AnalysisJobManager:160 - 11.2: Finished distributing quality values
30 Jun 2011 18:10:35,431  INFO [main] AnalysisJobManager:160 - 11.27: Started creating bam files for panels 0-18
30 Jun 2011 18:10:35,532  INFO [main] AnalysisJobManager:160 - 11.27: Starting making BAM file for directory /usr/rmt_share/genomics/westerm/xr00162_Morning-glory-1/000634_Cb2_396/temp/pairing.wt-11/temp.01
30 Jun 2011 18:10:37,442  INFO [main] AnalysisJobManager:160 - 11.28: Started creating bam files for panels 19-36
30 Jun 2011 18:10:37,525  INFO [main] AnalysisJobManager:160 - 11.28: Starting making BAM file for directory /usr/rmt_share/genomics/westerm/xr00162_Morning-glory-1/000634_Cb2_396/temp/pairing.wt-11/temp.02
30 Jun 2011 18:10:38,178  INFO [main] AnalysisJobManager:160 - 11.29: Started creating bam files for panels 37-54
30 Jun 2011 18:10:38,283  INFO [main] AnalysisJobManager:160 - 11.29: Starting making BAM file for directory /usr/rmt_share/genomics/westerm/xr00162_Morning-glory-1/000634_Cb2_396/temp/pairing.wt-11/temp.03
30 Jun 2011 18:10:40,480  INFO [main] AnalysisJobManager:160 - 11.30: Started creating bam files for panels 55-72
30 Jun 2011 18:10:40,561  INFO [main] AnalysisJobManager:160 - 11.30: Starting making BAM file for directory /usr/rmt_share/genomics/westerm/xr00162_Morning-glory-1/000634_Cb2_396/temp/pairing.wt-11/temp.04
30 Jun 2011 18:10:41,199  INFO [main] AnalysisJobManager:160 - 11.31: Started creating bam files for panels 73-90
30 Jun 2011 18:10:41,231  INFO [main] AnalysisJobManager:160 - 11.31: Starting making BAM file for directory /usr/rmt_share/genomics/westerm/xr00162_Morning-glory-1/000634_Cb2_396/temp/pairing.wt-11/temp.05
30 Jun 2011 18:10:41,632  INFO [main] AnalysisJobManager:160 - 11.32: Started creating bam files for panels 91-108
30 Jun 2011 18:10:41,684  INFO [main] AnalysisJobManager:160 - 11.32: Starting making BAM file for directory /usr/rmt_share/genomics/westerm/xr00162_Morning-glory-1/000634_Cb2_396/temp/pairing.wt-11/temp.06
30 Jun 2011 18:10:42,482  INFO [main] AnalysisJobManager:160 - 11.33: Started creating bam files for panels 109-126
30 Jun 2011 18:10:42,553  INFO [main] AnalysisJobManager:160 - 11.33: Starting making BAM file for directory /usr/rmt_share/genomics/westerm/xr00162_Morning-glory-1/000634_Cb2_396/temp/pairing.wt-11/temp.07
30 Jun 2011 18:10:44,313  INFO [main] AnalysisJobManager:160 - 11.34: Started creating bam files for panels 127-144
30 Jun 2011 18:10:44,453  INFO [main] AnalysisJobManager:160 - 11.34: Starting making BAM file for directory /usr/rmt_share/genomics/westerm/xr00162_Morning-glory-1/000634_Cb2_396/temp/pairing.wt-11/temp.08
30 Jun 2011 18:10:45,123  INFO [main] AnalysisJobManager:160 - 11.36: Started creating bam files for panels 164-181
30 Jun 2011 18:10:45,145  INFO [main] AnalysisJobManager:160 - 11.36: Starting making BAM file for directory /usr/rmt_share/genomics/westerm/xr00162_Morning-glory-1/000634_Cb2_396/temp/pairing.wt-11/temp.10
30 Jun 2011 18:10:45,931  INFO [main] AnalysisJobManager:160 - 11.37: Started creating bam files for panels 182-199
30 Jun 2011 18:10:45,955  INFO [main] AnalysisJobManager:160 - 11.37: Starting making BAM file for directory /usr/rmt_share/genomics/westerm/xr00162_Morning-glory-1/000634_Cb2_396/temp/pairing.wt-11/temp.11
30 Jun 2011 18:10:46,515  INFO [main] AnalysisJobManager:160 - 11.38: Started creating bam files for panels 200-217
30 Jun 2011 18:10:46,539  INFO [main] AnalysisJobManager:160 - 11.38: Starting making BAM file for directory /usr/rmt_share/genomics/westerm/xr00162_Morning-glory-1/000634_Cb2_396/temp/pairing.wt-11/temp.12
30 Jun 2011 18:10:46,616  INFO [main] AnalysisJobManager:160 - 11.35: Started creating bam files for panels 145-163
30 Jun 2011 18:10:46,838  INFO [main] AnalysisJobManager:160 - 11.35: Starting making BAM file for directory /usr/rmt_share/genomics/westerm/xr00162_Morning-glory-1/000634_Cb2_396/temp/pairing.wt-11/temp.09
30 Jun 2011 18:10:47,338  INFO [main] AnalysisJobManager:160 - 11.39: Started creating bam files for panels 218-235
30 Jun 2011 18:10:47,360  INFO [main] AnalysisJobManager:160 - 11.39: Starting making BAM file for directory /usr/rmt_share/genomics/westerm/xr00162_Morning-glory-1/000634_Cb2_396/temp/pairing.wt-11/temp.13
30 Jun 2011 18:10:49,224  INFO [main] AnalysisJobManager:160 - 11.40: Started creating bam files for panels 236-253
30 Jun 2011 18:10:49,250  INFO [main] AnalysisJobManager:160 - 11.40: Starting making BAM file for directory /usr/rmt_share/genomics/westerm/xr00162_Morning-glory-1/000634_Cb2_396/temp/pairing.wt-11/temp.14
30 Jun 2011 18:10:51,307  INFO [main] AnalysisJobManager:160 - 11.41: Started creating bam files for panels 254-271
30 Jun 2011 18:10:51,347  INFO [main] AnalysisJobManager:160 - 11.41: Starting making BAM file for directory /usr/rmt_share/genomics/westerm/xr00162_Morning-glory-1/000634_Cb2_396/temp/pairing.wt-11/temp.15
30 Jun 2011 18:10:54,522  INFO [main] AnalysisJobManager:160 - 11.42: Started creating bam files for panels 272-289
30 Jun 2011 18:10:54,544  INFO [main] AnalysisJobManager:160 - 11.42: Starting making BAM file for directory /usr/rmt_share/genomics/westerm/xr00162_Morning-glory-1/000634_Cb2_396/temp/pairing.wt-11/temp.16
30 Jun 2011 18:10:55,731  INFO [main] AnalysisJobManager:160 - 11.43: Started creating bam files for panels 290-307
30 Jun 2011 18:10:55,782  INFO [main] AnalysisJobManager:160 - 11.43: Starting making BAM file for directory /usr/rmt_share/genomics/westerm/xr00162_Morning-glory-1/000634_Cb2_396/temp/pairing.wt-11/temp.17
30 Jun 2011 18:10:56,694  INFO [main] AnalysisJobManager:160 - 11.44: Started creating bam files for panels 308-324
30 Jun 2011 18:10:56,720  INFO [main] AnalysisJobManager:160 - 11.44: Starting making BAM file for directory /usr/rmt_share/genomics/westerm/xr00162_Morning-glory-1/000634_Cb2_396/temp/pairing.wt-11/temp.18
30 Jun 2011 18:10:57,583  INFO [main] AnalysisJobManager:160 - 11.45: Started creating bam files for panels 325-341
30 Jun 2011 18:10:57,615  INFO [main] AnalysisJobManager:160 - 11.45: Starting making BAM file for directory /usr/rmt_share/genomics/westerm/xr00162_Morning-glory-1/000634_Cb2_396/temp/pairing.wt-11/temp.19
30 Jun 2011 18:10:58,119  INFO [main] AnalysisJobManager:160 - 11.46: Started creating bam files for panels 342-358
30 Jun 2011 18:10:58,140  INFO [main] AnalysisJobManager:160 - 11.46: Starting making BAM file for directory /usr/rmt_share/genomics/westerm/xr00162_Morning-glory-1/000634_Cb2_396/temp/pairing.wt-11/temp.20
30 Jun 2011 18:10:59,641  INFO [main] AnalysisJobManager:160 - 11.47: Started creating bam files for panels 359-375
30 Jun 2011 18:10:59,662  INFO [main] AnalysisJobManager:160 - 11.47: Starting making BAM file for directory /usr/rmt_share/genomics/westerm/xr00162_Morning-glory-1/000634_Cb2_396/temp/pairing.wt-11/temp.21
30 Jun 2011 18:11:00,698  INFO [main] AnalysisJobManager:160 - 11.48: Started creating bam files for panels 376-392
30 Jun 2011 18:11:00,717  INFO [main] AnalysisJobManager:160 - 11.48: Starting making BAM file for directory /usr/rmt_share/genomics/westerm/xr00162_Morning-glory-1/000634_Cb2_396/temp/pairing.wt-11/temp.22
30 Jun 2011 18:11:01,463  INFO [main] AnalysisJobManager:160 - 11.49: Started creating bam files for panels 393-409
30 Jun 2011 18:11:01,481  INFO [main] AnalysisJobManager:160 - 11.49: Starting making BAM file for directory /usr/rmt_share/genomics/westerm/xr00162_Morning-glory-1/000634_Cb2_396/temp/pairing.wt-11/temp.23
30 Jun 2011 18:11:02,262  INFO [main] AnalysisJobManager:160 - 11.50: Started creating bam files for panels 410-99999999
30 Jun 2011 18:11:02,281  INFO [main] AnalysisJobManager:160 - 11.50: Starting making BAM file for directory /usr/rmt_share/genomics/westerm/xr00162_Morning-glory-1/000634_Cb2_396/temp/pairing.wt-11/temp.24
30 Jun 2011 18:11:09,721  INFO [main] AnalysisJobManager:160 - 11.27: Started sort of BAM file for directory /usr/rmt_share/genomics/westerm/xr00162_Morning-glory-1/000634_Cb2_396/temp/pairing.wt-11/temp.01
30 Jun 2011 18:11:12,911  INFO [main] AnalysisJobManager:160 - 11.29: Started sort of BAM file for directory /usr/rmt_share/genomics/westerm/xr00162_Morning-glory-1/000634_Cb2_396/temp/pairing.wt-11/temp.03
30 Jun 2011 18:11:19,725  INFO [main] AnalysisJobManager:160 - 11.32: Started sort of BAM file for directory /usr/rmt_share/genomics/westerm/xr00162_Morning-glory-1/000634_Cb2_396/temp/pairing.wt-11/temp.06
30 Jun 2011 18:11:20,102  INFO [main] AnalysisJobManager:160 - 11.38: Started sort of BAM file for directory /usr/rmt_share/genomics/westerm/xr00162_Morning-glory-1/000634_Cb2_396/temp/pairing.wt-11/temp.12
30 Jun 2011 18:11:21,158  INFO [main] AnalysisJobManager:160 - 11.28: Started sort of BAM file for directory /usr/rmt_share/genomics/westerm/xr00162_Morning-glory-1/000634_Cb2_396/temp/pairing.wt-11/temp.02
30 Jun 2011 18:11:22,554  INFO [main] AnalysisJobManager:160 - 11.41: Started sort of BAM file for directory /usr/rmt_share/genomics/westerm/xr00162_Morning-glory-1/000634_Cb2_396/temp/pairing.wt-11/temp.15
30 Jun 2011 18:11:23,593  INFO [main] AnalysisJobManager:160 - 11.36: Started sort of BAM file for directory /usr/rmt_share/genomics/westerm/xr00162_Morning-glory-1/000634_Cb2_396/temp/pairing.wt-11/temp.10
30 Jun 2011 18:11:23,605  INFO [main] AnalysisJobManager:160 - 11.30: Started sort of BAM file for directory /usr/rmt_share/genomics/westerm/xr00162_Morning-glory-1/000634_Cb2_396/temp/pairing.wt-11/temp.04
30 Jun 2011 18:11:23,993  INFO [main] AnalysisJobManager:160 - 11.37: Started sort of BAM file for directory /usr/rmt_share/genomics/westerm/xr00162_Morning-glory-1/000634_Cb2_396/temp/pairing.wt-11/temp.11
30 Jun 2011 18:11:25,261  INFO [main] AnalysisJobManager:160 - 11.39: Started sort of BAM file for directory /usr/rmt_share/genomics/westerm/xr00162_Morning-glory-1/000634_Cb2_396/temp/pairing.wt-11/temp.13
30 Jun 2011 18:11:26,266  INFO [main] AnalysisJobManager:160 - 11.35: Started sort of BAM file for directory /usr/rmt_share/genomics/westerm/xr00162_Morning-glory-1/000634_Cb2_396/temp/pairing.wt-11/temp.09
30 Jun 2011 18:11:26,285  INFO [main] AnalysisJobManager:160 - 11.31: Started sort of BAM file for directory /usr/rmt_share/genomics/westerm/xr00162_Morning-glory-1/000634_Cb2_396/temp/pairing.wt-11/temp.05
30 Jun 2011 18:11:27,023  INFO [main] AnalysisJobManager:160 - 11.33: Started sort of BAM file for directory /usr/rmt_share/genomics/westerm/xr00162_Morning-glory-1/000634_Cb2_396/temp/pairing.wt-11/temp.07
30 Jun 2011 18:11:27,849  INFO [main] AnalysisJobManager:160 - 11.40: Started sort of BAM file for directory /usr/rmt_share/genomics/westerm/xr00162_Morning-glory-1/000634_Cb2_396/temp/pairing.wt-11/temp.14
30 Jun 2011 18:11:28,830  INFO [main] AnalysisJobManager:160 - 11.44: Started sort of BAM file for directory /usr/rmt_share/genomics/westerm/xr00162_Morning-glory-1/000634_Cb2_396/temp/pairing.wt-11/temp.18
30 Jun 2011 18:11:29,341  INFO [main] AnalysisJobManager:160 - 11.50: Started sort of BAM file for directory /usr/rmt_share/genomics/westerm/xr00162_Morning-glory-1/000634_Cb2_396/temp/pairing.wt-11/temp.24
30 Jun 2011 18:11:30,372  INFO [main] AnalysisJobManager:160 - 11.34: Started sort of BAM file for directory /usr/rmt_share/genomics/westerm/xr00162_Morning-glory-1/000634_Cb2_396/temp/pairing.wt-11/temp.08
30 Jun 2011 18:11:30,508  INFO [main] AnalysisJobManager:160 - 11.42: Started sort of BAM file for directory /usr/rmt_share/genomics/westerm/xr00162_Morning-glory-1/000634_Cb2_396/temp/pairing.wt-11/temp.16
30 Jun 2011 18:11:32,027  INFO [main] AnalysisJobManager:160 - 11.47: Started sort of BAM file for directory /usr/rmt_share/genomics/westerm/xr00162_Morning-glory-1/000634_Cb2_396/temp/pairing.wt-11/temp.21
30 Jun 2011 18:11:33,145  INFO [main] AnalysisJobManager:160 - 11.48: Started sort of BAM file for directory /usr/rmt_share/genomics/westerm/xr00162_Morning-glory-1/000634_Cb2_396/temp/pairing.wt-11/temp.22
30 Jun 2011 18:11:33,981  INFO [main] AnalysisJobManager:160 - 11.49: Started sort of BAM file for directory /usr/rmt_share/genomics/westerm/xr00162_Morning-glory-1/000634_Cb2_396/temp/pairing.wt-11/temp.23
30 Jun 2011 18:11:35,741  INFO [main] AnalysisJobManager:160 - 11.43: Started sort of BAM file for directory /usr/rmt_share/genomics/westerm/xr00162_Morning-glory-1/000634_Cb2_396/temp/pairing.wt-11/temp.17
30 Jun 2011 18:11:37,542  INFO [main] AnalysisJobManager:160 - 11.46: Started sort of BAM file for directory /usr/rmt_share/genomics/westerm/xr00162_Morning-glory-1/000634_Cb2_396/temp/pairing.wt-11/temp.20
30 Jun 2011 18:11:37,632  INFO [main] AnalysisJobManager:160 - 11.45: Started sort of BAM file for directory /usr/rmt_share/genomics/westerm/xr00162_Morning-glory-1/000634_Cb2_396/temp/pairing.wt-11/temp.19
30 Jun 2011 18:11:45,069  INFO [main] AnalysisJobManager:160 - 11.50: Started annotation of BAM file for directory /usr/rmt_share/genomics/westerm/xr00162_Morning-glory-1/000634_Cb2_396/temp/pairing.wt-11/temp.24
30 Jun 2011 18:11:46,239  INFO [main] AnalysisJobManager:160 - 11.38: Started annotation of BAM file for directory /usr/rmt_share/genomics/westerm/xr00162_Morning-glory-1/000634_Cb2_396/temp/pairing.wt-11/temp.12
30 Jun 2011 18:11:46,634  INFO [main] AnalysisJobManager:160 - 11.29: Started annotation of BAM file for directory /usr/rmt_share/genomics/westerm/xr00162_Morning-glory-1/000634_Cb2_396/temp/pairing.wt-11/temp.03
30 Jun 2011 18:11:48,483  INFO [main] AnalysisJobManager:160 - 11.41: Started annotation of BAM file for directory /usr/rmt_share/genomics/westerm/xr00162_Morning-glory-1/000634_Cb2_396/temp/pairing.wt-11/temp.15
30 Jun 2011 18:11:48,964  INFO [main] AnalysisJobManager:160 - 11.27: Started annotation of BAM file for directory /usr/rmt_share/genomics/westerm/xr00162_Morning-glory-1/000634_Cb2_396/temp/pairing.wt-11/temp.01
30 Jun 2011 18:11:58,261  INFO [main] AnalysisJobManager:160 - 11.36: Started annotation of BAM file for directory /usr/rmt_share/genomics/westerm/xr00162_Morning-glory-1/000634_Cb2_396/temp/pairing.wt-11/temp.10
30 Jun 2011 18:11:59,110  INFO [main] AnalysisJobManager:160 - 11.39: Started annotation of BAM file for directory /usr/rmt_share/genomics/westerm/xr00162_Morning-glory-1/000634_Cb2_396/temp/pairing.wt-11/temp.13
30 Jun 2011 18:12:00,270  INFO [main] AnalysisJobManager:160 - 11.37: Started annotation of BAM file for directory /usr/rmt_share/genomics/westerm/xr00162_Morning-glory-1/000634_Cb2_396/temp/pairing.wt-11/temp.11
30 Jun 2011 18:12:00,637  INFO [main] AnalysisJobManager:160 - 11.40: Started annotation of BAM file for directory /usr/rmt_share/genomics/westerm/xr00162_Morning-glory-1/000634_Cb2_396/temp/pairing.wt-11/temp.14
30 Jun 2011 18:12:00,832  INFO [main] AnalysisJobManager:160 - 11.44: Started annotation of BAM file for directory /usr/rmt_share/genomics/westerm/xr00162_Morning-glory-1/000634_Cb2_396/temp/pairing.wt-11/temp.18
30 Jun 2011 18:12:02,746  INFO [main] AnalysisJobManager:160 - 11.48: Started annotation of BAM file for directory /usr/rmt_share/genomics/westerm/xr00162_Morning-glory-1/000634_Cb2_396/temp/pairing.wt-11/temp.22
30 Jun 2011 18:12:02,754  INFO [main] AnalysisJobManager:160 - 11.47: Started annotation of BAM file for directory /usr/rmt_share/genomics/westerm/xr00162_Morning-glory-1/000634_Cb2_396/temp/pairing.wt-11/temp.21
30 Jun 2011 18:12:02,787  INFO [main] AnalysisJobManager:160 - 11.49: Started annotation of BAM file for directory /usr/rmt_share/genomics/westerm/xr00162_Morning-glory-1/000634_Cb2_396/temp/pairing.wt-11/temp.23
30 Jun 2011 18:12:03,323  INFO [main] AnalysisJobManager:160 - 11.32: Started annotation of BAM file for directory /usr/rmt_share/genomics/westerm/xr00162_Morning-glory-1/000634_Cb2_396/temp/pairing.wt-11/temp.06
30 Jun 2011 18:12:06,054  INFO [main] AnalysisJobManager:160 - 11.42: Started annotation of BAM file for directory /usr/rmt_share/genomics/westerm/xr00162_Morning-glory-1/000634_Cb2_396/temp/pairing.wt-11/temp.16
30 Jun 2011 18:12:10,609  INFO [main] AnalysisJobManager:160 - 11.43: Started annotation of BAM file for directory /usr/rmt_share/genomics/westerm/xr00162_Morning-glory-1/000634_Cb2_396/temp/pairing.wt-11/temp.17
30 Jun 2011 18:12:11,375  INFO [main] AnalysisJobManager:160 - 11.45: Started annotation of BAM file for directory /usr/rmt_share/genomics/westerm/xr00162_Morning-glory-1/000634_Cb2_396/temp/pairing.wt-11/temp.19
30 Jun 2011 18:12:12,144  INFO [main] AnalysisJobManager:160 - 11.50: Finished making of BAM file for directory /usr/rmt_share/genomics/westerm/xr00162_Morning-glory-1/000634_Cb2_396/temp/pairing.wt-11/temp.24
30 Jun 2011 18:12:12,153  INFO [main] AnalysisJobManager:160 - 11.50: Finished creating bam files for panels 410-99999999
30 Jun 2011 18:12:12,329  INFO [main] AnalysisJobManager:160 - 11.28: Started annotation of BAM file for directory /usr/rmt_share/genomics/westerm/xr00162_Morning-glory-1/000634_Cb2_396/temp/pairing.wt-11/temp.02
30 Jun 2011 18:12:12,410  INFO [main] AnalysisJobManager:160 - 11.46: Started annotation of BAM file for directory /usr/rmt_share/genomics/westerm/xr00162_Morning-glory-1/000634_Cb2_396/temp/pairing.wt-11/temp.20
30 Jun 2011 18:12:14,839  INFO [main] AnalysisJobManager:160 - 11.30: Started annotation of BAM file for directory /usr/rmt_share/genomics/westerm/xr00162_Morning-glory-1/000634_Cb2_396/temp/pairing.wt-11/temp.04
30 Jun 2011 18:12:15,891  INFO [main] AnalysisJobManager:160 - 11.35: Started annotation of BAM file for directory /usr/rmt_share/genomics/westerm/xr00162_Morning-glory-1/000634_Cb2_396/temp/pairing.wt-11/temp.09
30 Jun 2011 18:12:17,068  INFO [main] AnalysisJobManager:160 - 11.41: Finished making of BAM file for directory /usr/rmt_share/genomics/westerm/xr00162_Morning-glory-1/000634_Cb2_396/temp/pairing.wt-11/temp.15
30 Jun 2011 18:12:17,075  INFO [main] AnalysisJobManager:160 - 11.41: Finished creating bam files for panels 254-271
30 Jun 2011 18:12:19,149  INFO [main] AnalysisJobManager:160 - 11.38: Finished making of BAM file for directory /usr/rmt_share/genomics/westerm/xr00162_Morning-glory-1/000634_Cb2_396/temp/pairing.wt-11/temp.12
30 Jun 2011 18:12:19,171  INFO [main] AnalysisJobManager:160 - 11.38: Finished creating bam files for panels 200-217
30 Jun 2011 18:12:20,753  INFO [main] AnalysisJobManager:160 - 11.33: Started annotation of BAM file for directory /usr/rmt_share/genomics/westerm/xr00162_Morning-glory-1/000634_Cb2_396/temp/pairing.wt-11/temp.07
30 Jun 2011 18:12:20,790  INFO [main] AnalysisJobManager:160 - 11.29: Finished making of BAM file for directory /usr/rmt_share/genomics/westerm/xr00162_Morning-glory-1/000634_Cb2_396/temp/pairing.wt-11/temp.03
30 Jun 2011 18:12:20,887  INFO [main] AnalysisJobManager:160 - 11.29: Finished creating bam files for panels 37-54
30 Jun 2011 18:12:21,040  INFO [main] AnalysisJobManager:160 - 11.31: Started annotation of BAM file for directory /usr/rmt_share/genomics/westerm/xr00162_Morning-glory-1/000634_Cb2_396/temp/pairing.wt-11/temp.05
30 Jun 2011 18:12:22,870  INFO [main] AnalysisJobManager:160 - 11.34: Started annotation of BAM file for directory /usr/rmt_share/genomics/westerm/xr00162_Morning-glory-1/000634_Cb2_396/temp/pairing.wt-11/temp.08
30 Jun 2011 18:12:23,252  INFO [main] AnalysisJobManager:160 - 11.27: Finished making of BAM file for directory /usr/rmt_share/genomics/westerm/xr00162_Morning-glory-1/000634_Cb2_396/temp/pairing.wt-11/temp.01
30 Jun 2011 18:12:23,314  INFO [main] AnalysisJobManager:160 - 11.27: Finished creating bam files for panels 0-18
30 Jun 2011 18:12:27,314  INFO [main] AnalysisJobManager:160 - 11.44: Finished making of BAM file for directory /usr/rmt_share/genomics/westerm/xr00162_Morning-glory-1/000634_Cb2_396/temp/pairing.wt-11/temp.18
30 Jun 2011 18:12:27,319  INFO [main] AnalysisJobManager:160 - 11.44: Finished creating bam files for panels 308-324
30 Jun 2011 18:12:32,344  INFO [main] AnalysisJobManager:160 - 11.48: Finished making of BAM file for directory /usr/rmt_share/genomics/westerm/xr00162_Morning-glory-1/000634_Cb2_396/temp/pairing.wt-11/temp.22
30 Jun 2011 18:12:32,347  INFO [main] AnalysisJobManager:160 - 11.48: Finished creating bam files for panels 376-392
30 Jun 2011 18:12:33,125  INFO [main] AnalysisJobManager:160 - 11.47: Finished making of BAM file for directory /usr/rmt_share/genomics/westerm/xr00162_Morning-glory-1/000634_Cb2_396/temp/pairing.wt-11/temp.21
30 Jun 2011 18:12:33,128  INFO [main] AnalysisJobManager:160 - 11.47: Finished creating bam files for panels 359-375
30 Jun 2011 18:12:33,967  INFO [main] AnalysisJobManager:160 - 11.49: Finished making of BAM file for directory /usr/rmt_share/genomics/westerm/xr00162_Morning-glory-1/000634_Cb2_396/temp/pairing.wt-11/temp.23
30 Jun 2011 18:12:33,976  INFO [main] AnalysisJobManager:160 - 11.49: Finished creating bam files for panels 393-409
30 Jun 2011 18:12:34,090  INFO [main] AnalysisJobManager:160 - 11.37: Finished making of BAM file for directory /usr/rmt_share/genomics/westerm/xr00162_Morning-glory-1/000634_Cb2_396/temp/pairing.wt-11/temp.11
30 Jun 2011 18:12:34,097  INFO [main] AnalysisJobManager:160 - 11.37: Finished creating bam files for panels 182-199
30 Jun 2011 18:12:34,118  INFO [main] AnalysisJobManager:160 - 11.40: Finished making of BAM file for directory /usr/rmt_share/genomics/westerm/xr00162_Morning-glory-1/000634_Cb2_396/temp/pairing.wt-11/temp.14
30 Jun 2011 18:12:34,123  INFO [main] AnalysisJobManager:160 - 11.40: Finished creating bam files for panels 236-253
30 Jun 2011 18:12:35,697  INFO [main] AnalysisJobManager:160 - 11.32: Finished making of BAM file for directory /usr/rmt_share/genomics/westerm/xr00162_Morning-glory-1/000634_Cb2_396/temp/pairing.wt-11/temp.06
30 Jun 2011 18:12:35,766  INFO [main] AnalysisJobManager:160 - 11.32: Finished creating bam files for panels 91-108
30 Jun 2011 18:12:36,388  INFO [main] AnalysisJobManager:160 - 11.36: Finished making of BAM file for directory /usr/rmt_share/genomics/westerm/xr00162_Morning-glory-1/000634_Cb2_396/temp/pairing.wt-11/temp.10
30 Jun 2011 18:12:36,393  INFO [main] AnalysisJobManager:160 - 11.36: Finished creating bam files for panels 164-181
30 Jun 2011 18:12:36,726  INFO [main] AnalysisJobManager:160 - 11.39: Finished making of BAM file for directory /usr/rmt_share/genomics/westerm/xr00162_Morning-glory-1/000634_Cb2_396/temp/pairing.wt-11/temp.13
30 Jun 2011 18:12:36,731  INFO [main] AnalysisJobManager:160 - 11.39: Finished creating bam files for panels 218-235
30 Jun 2011 18:12:37,109  INFO [main] AnalysisJobManager:160 - 11.42: Finished making of BAM file for directory /usr/rmt_share/genomics/westerm/xr00162_Morning-glory-1/000634_Cb2_396/temp/pairing.wt-11/temp.16
30 Jun 2011 18:12:37,113  INFO [main] AnalysisJobManager:160 - 11.42: Finished creating bam files for panels 272-289
30 Jun 2011 18:12:42,768  INFO [main] AnalysisJobManager:160 - 11.45: Finished making of BAM file for directory /usr/rmt_share/genomics/westerm/xr00162_Morning-glory-1/000634_Cb2_396/temp/pairing.wt-11/temp.19
30 Jun 2011 18:12:42,778  INFO [main] AnalysisJobManager:160 - 11.45: Finished creating bam files for panels 325-341
30 Jun 2011 18:12:44,914  INFO [main] AnalysisJobManager:160 - 11.43: Finished making of BAM file for directory /usr/rmt_share/genomics/westerm/xr00162_Morning-glory-1/000634_Cb2_396/temp/pairing.wt-11/temp.17
30 Jun 2011 18:12:44,927  INFO [main] AnalysisJobManager:160 - 11.43: Finished creating bam files for panels 290-307
30 Jun 2011 18:12:46,550  INFO [main] AnalysisJobManager:160 - 11.46: Finished making of BAM file for directory /usr/rmt_share/genomics/westerm/xr00162_Morning-glory-1/000634_Cb2_396/temp/pairing.wt-11/temp.20
30 Jun 2011 18:12:46,570  INFO [main] AnalysisJobManager:160 - 11.46: Finished creating bam files for panels 342-358
30 Jun 2011 18:12:47,418  INFO [main] AnalysisJobManager:160 - 11.28: Finished making of BAM file for directory /usr/rmt_share/genomics/westerm/xr00162_Morning-glory-1/000634_Cb2_396/temp/pairing.wt-11/temp.02
30 Jun 2011 18:12:47,450  INFO [main] AnalysisJobManager:160 - 11.28: Finished creating bam files for panels 19-36
30 Jun 2011 18:12:49,438  INFO [main] AnalysisJobManager:160 - 11.30: Finished making of BAM file for directory /usr/rmt_share/genomics/westerm/xr00162_Morning-glory-1/000634_Cb2_396/temp/pairing.wt-11/temp.04
30 Jun 2011 18:12:49,489  INFO [main] AnalysisJobManager:160 - 11.30: Finished creating bam files for panels 55-72
30 Jun 2011 18:12:50,277  INFO [main] AnalysisJobManager:160 - 11.35: Finished making of BAM file for directory /usr/rmt_share/genomics/westerm/xr00162_Morning-glory-1/000634_Cb2_396/temp/pairing.wt-11/temp.09
30 Jun 2011 18:12:50,324  INFO [main] AnalysisJobManager:160 - 11.35: Finished creating bam files for panels 145-163
30 Jun 2011 18:12:56,631  INFO [main] AnalysisJobManager:160 - 11.31: Finished making of BAM file for directory /usr/rmt_share/genomics/westerm/xr00162_Morning-glory-1/000634_Cb2_396/temp/pairing.wt-11/temp.05
30 Jun 2011 18:12:56,826  INFO [main] AnalysisJobManager:160 - 11.31: Finished creating bam files for panels 73-90
30 Jun 2011 18:12:58,227  INFO [main] AnalysisJobManager:160 - 11.33: Finished making of BAM file for directory /usr/rmt_share/genomics/westerm/xr00162_Morning-glory-1/000634_Cb2_396/temp/pairing.wt-11/temp.07
30 Jun 2011 18:12:58,268  INFO [main] AnalysisJobManager:160 - 11.33: Finished creating bam files for panels 109-126
30 Jun 2011 18:13:01,832  INFO [main] AnalysisJobManager:160 - 11.34: Finished making of BAM file for directory /usr/rmt_share/genomics/westerm/xr00162_Morning-glory-1/000634_Cb2_396/temp/pairing.wt-11/temp.08
30 Jun 2011 18:13:01,889  INFO [main] AnalysisJobManager:160 - 11.34: Finished creating bam files for panels 127-144
30 Jun 2011 18:13:01,896  INFO [main] AnalysisJobManager:160 - 11: Pairing distributed BAM file creation finished.
30 Jun 2011 18:13:30,765  INFO [main] AnalysisJobManager:160 - 11.52: Starting merge of BAM files.
30 Jun 2011 18:19:48,465  INFO [main] AnalysisJobManager:160 - 11.52: Finished merge of BAM files.
30 Jun 2011 18:19:48,475  INFO [main] AnalysisJobManager:160 - 11.52: Starting making index.
30 Jun 2011 18:20:18,672  INFO [main] AnalysisJobManager:160 - 11.52: Finished making index.
30 Jun 2011 18:20:18,673  INFO [main] AnalysisJobManager:160 - 11.52: Starting merge of unmapped files
30 Jun 2011 18:22:49,967  INFO [main] AnalysisJobManager:160 - 11: Pairing file gather finished.
30 Jun 2011 18:22:51,098  INFO [main] AnalysisJobManager:118 - pairing.wt.run completed.
30 Jun 2011 18:22:51,099  INFO [main] AnalysisJobManager:63 - AnalysisJobManager.manageJobs() job.name=wt.counttag.run; pluginId=wt.counttag.run
30 Jun 2011 18:22:51,102  INFO [main] ClusterPluginJobLauncher:103 - fillinJob() ClusterJob ppn=1
30 Jun 2011 18:22:51,103  INFO [main] ClusterPluginJobLauncher:195 - SUBMIT SCRIPT>>>>#!/bin/bash
##Use user environment Variable
#PBS -V
## Job name
## Purdue mod ... was #PBS -N BioScope_wt.counttag.run_12
#PBS -N Bag.run_12
## Declare job re-runnable
#PBS -r y
## Output files
#PBS -o '/usr/rmt_share/genomics/westerm/xr00162_Morning-glory-1/000634_Cb2_396/log/TORQUE/wt.counttag/wt.counttag.run-12.20110630222251100.log'
#PBS -j oe

## Queue name
#PBS -q mgribsko
## User nameA
## Purdue deletion was ...  #PBS -u westerm

## Resources
#PBS -l walltime=72:00:00,nodes=1:ppn=1,mem=4gb



##all files to be group writable
#PBS -W umask=002

# Log Job Info for debugging
date '+TS[START]: %Y-%m-%d %k:%M:%S.%N'
echo StartTime is `date`
#echo Working directory is $PBS_O_WORKDIR
#cd $PBS_O_WORKDIR
echo Directory is `pwd`
echo Running on host $PBS_O_HOST / `hostname`
echo Job $PBS_O_JOBID - $PBS_JOBNAME in Queue $PBS_QUEUE
## Purdue ... need newline at end of file?
## Force all files to be group writable
umask 0002

unset DISPLAY

	export BIOSCOPEROOT=/scratch/genomics/bioscope/bioscope-coates
# Note, if bioscoperoot is not set above, this will run the
# system script in /etc/profile.d/bioscope_profile.sh
# following lines has freeMarker specific syntax
if [[ -f ${BIOSCOPEROOT}/etc/profile.d/bioscope_profile.sh ]]; then
    ${BIOSCOPEROOT}/etc/profile.d/bioscope_profile.sh
fi

echo BIOSCOPEROOT=$BIOSCOPEROOT

set -x


##==== PRE =========================================================

cd /usr/rmt_share/genomics/westerm/xr00162_Morning-glory-1/000634_Cb2_396

##==================================================================
date '+TS[JOB_START]: %Y-%m-%d %k:%M:%S.%N'
set +e
## =============== COMMAND IS RUN HERE! =============================
java_app.sh --memory 4000 com.apldbio.aga.analysis.exec.PluginRunner -q 163912c2-b34f-45d3-b48e-b5cb5e6b26f8 -L /usr/rmt_share/genomics/westerm/xr00162_Morning-glory-1/000634_Cb2_396/log -l wt.counttag/wt.counttag.run-12.20110630222251099.log -j 12 wt.counttag.run /usr/rmt_share/genomics/westerm/xr00162_Morning-glory-1/000634_Cb2_396/wt.pe.counttag.ini
## Save exit status
RETVAL=$?
set -e
date '+TS[JOB_END]: %Y-%m-%d %k:%M:%S.%N'
##==== POST ========================================================

##==================================================================

set +x



echo EndTime is `date`
date '+TS[END]: %Y-%m-%d %k:%M:%S.%N'

# return the executed command's exit status
exit $RETVAL

30 Jun 2011 18:22:51,169  INFO [main] ClusterPluginJobLauncher:199 - Submitted job wt.counttag.run with Id '12' for 'wt.counttag.run'
30 Jun 2011 18:22:51,169  INFO [main] AnalysisJobManager:46 - Waiting for events on selector '163912c2-b34f-45d3-b48e-b5cb5e6b26f8'
01 Jul 2011 22:51:24,374  INFO [main] AnalysisJobManager:118 - wt.counttag.run completed.
01 Jul 2011 22:51:24,375  INFO [main] AnalysisJobManager:63 - AnalysisJobManager.manageJobs() job.name=wt.sam2wig.run; pluginId=wt.sam2wig.run
01 Jul 2011 22:51:24,379  INFO [main] ClusterPluginJobLauncher:103 - fillinJob() ClusterJob ppn=1
01 Jul 2011 22:51:24,395  INFO [main] ClusterPluginJobLauncher:195 - SUBMIT SCRIPT>>>>#!/bin/bash
##Use user environment Variable
#PBS -V
## Job name
## Purdue mod ... was #PBS -N BioScope_wt.sam2wig.run_13
#PBS -N Big.run_13
## Declare job re-runnable
#PBS -r y
## Output files
#PBS -o '/usr/rmt_share/genomics/westerm/xr00162_Morning-glory-1/000634_Cb2_396/log/TORQUE/wt.sam2wig/wt.sam2wig.run-13.20110702025124376.log'
#PBS -j oe

## Queue name
#PBS -q mgribsko
## User nameA
## Purdue deletion was ...  #PBS -u westerm

## Resources
#PBS -l walltime=96:00:00,nodes=1:ppn=1,mem=4gb



##all files to be group writable
#PBS -W umask=002

# Log Job Info for debugging
date '+TS[START]: %Y-%m-%d %k:%M:%S.%N'
echo StartTime is `date`
#echo Working directory is $PBS_O_WORKDIR
#cd $PBS_O_WORKDIR
echo Directory is `pwd`
echo Running on host $PBS_O_HOST / `hostname`
echo Job $PBS_O_JOBID - $PBS_JOBNAME in Queue $PBS_QUEUE
## Purdue ... need newline at end of file?
## Force all files to be group writable
umask 0002

unset DISPLAY

	export BIOSCOPEROOT=/scratch/genomics/bioscope/bioscope-coates
# Note, if bioscoperoot is not set above, this will run the
# system script in /etc/profile.d/bioscope_profile.sh
# following lines has freeMarker specific syntax
if [[ -f ${BIOSCOPEROOT}/etc/profile.d/bioscope_profile.sh ]]; then
    ${BIOSCOPEROOT}/etc/profile.d/bioscope_profile.sh
fi

echo BIOSCOPEROOT=$BIOSCOPEROOT

set -x


##==== PRE =========================================================

cd /usr/rmt_share/genomics/westerm/xr00162_Morning-glory-1/000634_Cb2_396

##==================================================================
date '+TS[JOB_START]: %Y-%m-%d %k:%M:%S.%N'
set +e
## =============== COMMAND IS RUN HERE! =============================
java_app.sh --memory 4000 com.apldbio.aga.analysis.exec.PluginRunner -q 163912c2-b34f-45d3-b48e-b5cb5e6b26f8 -L /usr/rmt_share/genomics/westerm/xr00162_Morning-glory-1/000634_Cb2_396/log -l wt.sam2wig/wt.sam2wig.run-13.20110702025124375.log -j 13 wt.sam2wig.run /usr/rmt_share/genomics/westerm/xr00162_Morning-glory-1/000634_Cb2_396/wt.pe.sam2wig.ini
## Save exit status
RETVAL=$?
set -e
date '+TS[JOB_END]: %Y-%m-%d %k:%M:%S.%N'
##==== POST ========================================================

##==================================================================

set +x



echo EndTime is `date`
date '+TS[END]: %Y-%m-%d %k:%M:%S.%N'

# return the executed command's exit status
exit $RETVAL

01 Jul 2011 22:51:24,554  INFO [main] ClusterPluginJobLauncher:199 - Submitted job wt.sam2wig.run with Id '13' for 'wt.sam2wig.run'
01 Jul 2011 22:51:24,554  INFO [main] AnalysisJobManager:46 - Waiting for events on selector '163912c2-b34f-45d3-b48e-b5cb5e6b26f8'
01 Jul 2011 23:00:18,794  INFO [main] AnalysisJobManager:118 - wt.sam2wig.run completed.
01 Jul 2011 23:00:18,794  INFO [main] PluginJobManager:141 - Finished successfully
01 Jul 2011 23:00:18,795  INFO [main] PluginJobManager:128 - >>>> END of PluginJobManager >>>> date=2011-07-01 23:00:18.795  EDT
01 Jul 2011 23:00:18,795  INFO [main] PluginJobManager:130 - >>>> END of PluginJobManager >>>> date DURATION=1 days 6 hours 51 minutes 22 secs 
01 Jul 2011 23:00:18,801  INFO [ShutdownHook] EventTransportFactory:140 - Closing JMS connection and session
 on call from:
com.apldbio.aga.analysis.workflow.BioscopeShutdownHook.run(BioscopeShutdownHook.java:55)

