30 Jun 2011 16:08:56,699  INFO [main] PluginJobManager:107 - >>>> START of PluginJobManager >>>> date=2011-06-30 16:08:56.471  EDT
30 Jun 2011 16:08:56,815  INFO [main] PluginJobManager:110 - Bioscope version: bioscope-v1.3-rBS130_50843_20101020105719 
30 Jun 2011 16:08:59,956  INFO [ActiveMQ Task] FailoverTransport:745 - Successfully connected to tcp://asp.genomics.purdue.edu:61616?wireFormat.MaxInactivityDuration=-1
30 Jun 2011 16:09:00,550  INFO [ActiveMQ Task] FailoverTransport:745 - Successfully connected to tcp://asp.genomics.purdue.edu:61616?wireFormat.MaxInactivityDuration=-1
30 Jun 2011 16:09:01,466  INFO [main] ClusterJob:142 - Template location - /scratch/genomics/bioscope/bioscope-coates/etc/template
30 Jun 2011 16:09:03,671  WARN [main] PluginJobScheduler:88 - No plugins found in wt.pe.junction.finder.ini
30 Jun 2011 16:09:03,992  INFO [main] AnalysisJobManager:63 - AnalysisJobManager.manageJobs() job.name=wt.f3.genomic.mapping.plugin.run; pluginId=wt.f3.genomic.mapping.plugin.run
30 Jun 2011 16:09:03,992  INFO [main] AnalysisJobManager:63 - AnalysisJobManager.manageJobs() job.name=wt.f3.filter.mapping.plugin.run; pluginId=wt.f3.filter.mapping.plugin.run
30 Jun 2011 16:09:03,998  INFO [main] ClusterPluginJobLauncher:187 - Spawned process for 'wt.f3.genomic.mapping.plugin.run'.
java_app.sh --memory 64 com.apldbio.aga.analysis.exec.PluginRunner -q b11fe21e-8058-47d9-9bb7-921951a37cfe -s -L /usr/rmt_share/genomics/westerm/xr00162_Morning-glory-1/000632_1SbG1_296/log -l wt.f3.genomic.mapping.plugin/wt.f3.genomic.mapping.plugin.run-1.20110630200903995.log -j 1 wt.f3.genomic.mapping.plugin.run /usr/rmt_share/genomics/westerm/xr00162_Morning-glory-1/000632_1SbG1_296/wt.pe.f3.mapping.ini
30 Jun 2011 16:09:03,999  INFO [main] ClusterPluginJobLauncher:187 - Spawned process for 'wt.f3.filter.mapping.plugin.run'.
java_app.sh --memory 64 com.apldbio.aga.analysis.exec.PluginRunner -q b11fe21e-8058-47d9-9bb7-921951a37cfe -s -L /usr/rmt_share/genomics/westerm/xr00162_Morning-glory-1/000632_1SbG1_296/log -l wt.f3.filter.mapping.plugin/wt.f3.filter.mapping.plugin.run-2.20110630200903999.log -j 2 wt.f3.filter.mapping.plugin.run /usr/rmt_share/genomics/westerm/xr00162_Morning-glory-1/000632_1SbG1_296/wt.pe.f3.mapping.ini
30 Jun 2011 16:09:04,000  INFO [main] AnalysisJobManager:46 - Waiting for events on selector 'b11fe21e-8058-47d9-9bb7-921951a37cfe'
30 Jun 2011 17:13:31,165  INFO [main] AnalysisJobManager:118 - wt.f3.filter.mapping.plugin.run completed.
30 Jun 2011 17:13:31,165  INFO [main] AnalysisJobManager:46 - Waiting for events on selector 'b11fe21e-8058-47d9-9bb7-921951a37cfe'
30 Jun 2011 17:14:22,615  INFO [main] AnalysisJobManager:118 - wt.f3.genomic.mapping.plugin.run completed.
30 Jun 2011 17:14:22,616  INFO [main] AnalysisJobManager:63 - AnalysisJobManager.manageJobs() job.name=wt.f3.ma.file.merger.into.ma.file.plugin.run; pluginId=wt.f3.ma.file.merger.into.ma.file.plugin.run
30 Jun 2011 17:14:22,616  INFO [main] ClusterPluginJobLauncher:187 - Spawned process for 'wt.f3.ma.file.merger.into.ma.file.plugin.run'.
java_app.sh --memory 64 com.apldbio.aga.analysis.exec.PluginRunner -q b11fe21e-8058-47d9-9bb7-921951a37cfe -s -L /usr/rmt_share/genomics/westerm/xr00162_Morning-glory-1/000632_1SbG1_296/log -l wt.f3.ma.file.merger.into.ma.file.plugin/wt.f3.ma.file.merger.into.ma.file.plugin.run-3.20110630211422616.log -j 3 wt.f3.ma.file.merger.into.ma.file.plugin.run /usr/rmt_share/genomics/westerm/xr00162_Morning-glory-1/000632_1SbG1_296/wt.pe.f3.mapping.ini
30 Jun 2011 17:14:22,617  INFO [main] AnalysisJobManager:46 - Waiting for events on selector 'b11fe21e-8058-47d9-9bb7-921951a37cfe'
30 Jun 2011 17:17:48,758  INFO [main] AnalysisJobManager:118 - wt.f3.ma.file.merger.into.ma.file.plugin.run completed.
30 Jun 2011 17:17:48,758  INFO [main] AnalysisJobManager:63 - AnalysisJobManager.manageJobs() job.name=wt.f5.genomic.mapping.plugin.run; pluginId=wt.f5.genomic.mapping.plugin.run
30 Jun 2011 17:17:48,759  INFO [main] AnalysisJobManager:63 - AnalysisJobManager.manageJobs() job.name=wt.f5.filter.mapping.plugin.run; pluginId=wt.f5.filter.mapping.plugin.run
30 Jun 2011 17:17:48,759  INFO [main] ClusterPluginJobLauncher:187 - Spawned process for 'wt.f5.genomic.mapping.plugin.run'.
java_app.sh --memory 64 com.apldbio.aga.analysis.exec.PluginRunner -q b11fe21e-8058-47d9-9bb7-921951a37cfe -s -L /usr/rmt_share/genomics/westerm/xr00162_Morning-glory-1/000632_1SbG1_296/log -l wt.f5.genomic.mapping.plugin/wt.f5.genomic.mapping.plugin.run-4.20110630211748759.log -j 4 wt.f5.genomic.mapping.plugin.run /usr/rmt_share/genomics/westerm/xr00162_Morning-glory-1/000632_1SbG1_296/wt.pe.f5.mapping.ini
30 Jun 2011 17:17:48,765  INFO [main] ClusterPluginJobLauncher:187 - Spawned process for 'wt.f5.filter.mapping.plugin.run'.
java_app.sh --memory 64 com.apldbio.aga.analysis.exec.PluginRunner -q b11fe21e-8058-47d9-9bb7-921951a37cfe -s -L /usr/rmt_share/genomics/westerm/xr00162_Morning-glory-1/000632_1SbG1_296/log -l wt.f5.filter.mapping.plugin/wt.f5.filter.mapping.plugin.run-5.20110630211748760.log -j 5 wt.f5.filter.mapping.plugin.run /usr/rmt_share/genomics/westerm/xr00162_Morning-glory-1/000632_1SbG1_296/wt.pe.f5.mapping.ini
30 Jun 2011 17:17:48,768  INFO [main] AnalysisJobManager:46 - Waiting for events on selector 'b11fe21e-8058-47d9-9bb7-921951a37cfe'
30 Jun 2011 17:38:20,149  INFO [main] AnalysisJobManager:118 - wt.f5.filter.mapping.plugin.run completed.
30 Jun 2011 17:38:20,150  INFO [main] AnalysisJobManager:46 - Waiting for events on selector 'b11fe21e-8058-47d9-9bb7-921951a37cfe'
30 Jun 2011 17:38:23,549  INFO [main] AnalysisJobManager:118 - wt.f5.genomic.mapping.plugin.run completed.
30 Jun 2011 17:38:23,550  INFO [main] AnalysisJobManager:63 - AnalysisJobManager.manageJobs() job.name=wt.f5.ma.file.merger.into.ma.file.plugin.run; pluginId=wt.f5.ma.file.merger.into.ma.file.plugin.run
30 Jun 2011 17:38:23,550  INFO [main] ClusterPluginJobLauncher:187 - Spawned process for 'wt.f5.ma.file.merger.into.ma.file.plugin.run'.
java_app.sh --memory 64 com.apldbio.aga.analysis.exec.PluginRunner -q b11fe21e-8058-47d9-9bb7-921951a37cfe -s -L /usr/rmt_share/genomics/westerm/xr00162_Morning-glory-1/000632_1SbG1_296/log -l wt.f5.ma.file.merger.into.ma.file.plugin/wt.f5.ma.file.merger.into.ma.file.plugin.run-6.20110630213823550.log -j 6 wt.f5.ma.file.merger.into.ma.file.plugin.run /usr/rmt_share/genomics/westerm/xr00162_Morning-glory-1/000632_1SbG1_296/wt.pe.f5.mapping.ini
30 Jun 2011 17:38:23,551  INFO [main] AnalysisJobManager:46 - Waiting for events on selector 'b11fe21e-8058-47d9-9bb7-921951a37cfe'
30 Jun 2011 17:43:32,457  INFO [main] AnalysisJobManager:118 - wt.f5.ma.file.merger.into.ma.file.plugin.run completed.
30 Jun 2011 17:43:32,458  INFO [main] AnalysisJobManager:63 - AnalysisJobManager.manageJobs() job.name=wt.f3.exon.table.rescue.plugin.run; pluginId=wt.f3.exon.table.rescue.plugin.run
30 Jun 2011 17:43:32,467  INFO [main] ClusterPluginJobLauncher:103 - fillinJob() ClusterJob ppn=1
30 Jun 2011 17:43:32,641  INFO [main] ClusterPluginJobLauncher:195 - SUBMIT SCRIPT>>>>#!/bin/bash
##Use user environment Variable
#PBS -V
## Job name
## Purdue mod ... was #PBS -N BioScope_wt.f3.exon.table.rescue.plugin.run_7
#PBS -N Bgin.run_7
## Declare job re-runnable
#PBS -r y
## Output files
#PBS -o '/usr/rmt_share/genomics/westerm/xr00162_Morning-glory-1/000632_1SbG1_296/log/TORQUE/wt.f3.exon.table.rescue.plugin/wt.f3.exon.table.rescue.plugin.run-7.20110630214332465.log'
#PBS -j oe

## Queue name
#PBS -q mgribsko
## User nameA
## Purdue deletion was ...  #PBS -u westerm

## Resources
#PBS -l walltime=96:00:00,nodes=1:ppn=1,mem=4gb



##all files to be group writable
#PBS -W umask=002

# Log Job Info for debugging
date '+TS[START]: %Y-%m-%d %k:%M:%S.%N'
echo StartTime is `date`
#echo Working directory is $PBS_O_WORKDIR
#cd $PBS_O_WORKDIR
echo Directory is `pwd`
echo Running on host $PBS_O_HOST / `hostname`
echo Job $PBS_O_JOBID - $PBS_JOBNAME in Queue $PBS_QUEUE
## Purdue ... need newline at end of file?
## Force all files to be group writable
umask 0002

unset DISPLAY

	export BIOSCOPEROOT=/scratch/genomics/bioscope/bioscope-coates
# Note, if bioscoperoot is not set above, this will run the
# system script in /etc/profile.d/bioscope_profile.sh
# following lines has freeMarker specific syntax
if [[ -f ${BIOSCOPEROOT}/etc/profile.d/bioscope_profile.sh ]]; then
    ${BIOSCOPEROOT}/etc/profile.d/bioscope_profile.sh
fi

echo BIOSCOPEROOT=$BIOSCOPEROOT

set -x


##==== PRE =========================================================

cd /usr/rmt_share/genomics/westerm/xr00162_Morning-glory-1/000632_1SbG1_296

##==================================================================
date '+TS[JOB_START]: %Y-%m-%d %k:%M:%S.%N'
set +e
## =============== COMMAND IS RUN HERE! =============================
java_app.sh --memory 4000 com.apldbio.aga.analysis.exec.PluginRunner -q b11fe21e-8058-47d9-9bb7-921951a37cfe -L /usr/rmt_share/genomics/westerm/xr00162_Morning-glory-1/000632_1SbG1_296/log -l wt.f3.exon.table.rescue.plugin/wt.f3.exon.table.rescue.plugin.run-7.20110630214332458.log -j 7 wt.f3.exon.table.rescue.plugin.run /usr/rmt_share/genomics/westerm/xr00162_Morning-glory-1/000632_1SbG1_296/wt.pe.f3.rescue.ini
## Save exit status
RETVAL=$?
set -e
date '+TS[JOB_END]: %Y-%m-%d %k:%M:%S.%N'
##==== POST ========================================================

##==================================================================

set +x



echo EndTime is `date`
date '+TS[END]: %Y-%m-%d %k:%M:%S.%N'

# return the executed command's exit status
exit $RETVAL

30 Jun 2011 17:43:32,829  INFO [main] ClusterPluginJobLauncher:199 - Submitted job wt.f3.exon.table.rescue.plugin.run with Id '7' for 'wt.f3.exon.table.rescue.plugin.run'
30 Jun 2011 17:43:32,830  INFO [main] AnalysisJobManager:46 - Waiting for events on selector 'b11fe21e-8058-47d9-9bb7-921951a37cfe'
30 Jun 2011 17:49:08,661  INFO [main] AnalysisJobManager:118 - wt.f3.exon.table.rescue.plugin.run completed.
30 Jun 2011 17:49:08,661  INFO [main] AnalysisJobManager:63 - AnalysisJobManager.manageJobs() job.name=wt.f3.rescue.ma.file.merger.into.ma.file.plugin.run; pluginId=wt.f3.rescue.ma.file.merger.into.ma.file.plugin.run
30 Jun 2011 17:49:08,662  INFO [main] ClusterPluginJobLauncher:187 - Spawned process for 'wt.f3.rescue.ma.file.merger.into.ma.file.plugin.run'.
java_app.sh --memory 64 com.apldbio.aga.analysis.exec.PluginRunner -q b11fe21e-8058-47d9-9bb7-921951a37cfe -s -L /usr/rmt_share/genomics/westerm/xr00162_Morning-glory-1/000632_1SbG1_296/log -l wt.f3.rescue.ma.file.merger.into.ma.file.plugin/wt.f3.rescue.ma.file.merger.into.ma.file.plugin.run-8.20110630214908661.log -j 8 wt.f3.rescue.ma.file.merger.into.ma.file.plugin.run /usr/rmt_share/genomics/westerm/xr00162_Morning-glory-1/000632_1SbG1_296/wt.pe.f3.rescue.ini
30 Jun 2011 17:49:08,662  INFO [main] AnalysisJobManager:46 - Waiting for events on selector 'b11fe21e-8058-47d9-9bb7-921951a37cfe'
30 Jun 2011 17:53:24,091  INFO [main] AnalysisJobManager:118 - wt.f3.rescue.ma.file.merger.into.ma.file.plugin.run completed.
30 Jun 2011 17:53:24,092  INFO [main] AnalysisJobManager:63 - AnalysisJobManager.manageJobs() job.name=wt.f5.exon.table.rescue.plugin.run; pluginId=wt.f5.exon.table.rescue.plugin.run
30 Jun 2011 17:53:24,097  INFO [main] ClusterPluginJobLauncher:103 - fillinJob() ClusterJob ppn=1
30 Jun 2011 17:53:24,099  INFO [main] ClusterPluginJobLauncher:195 - SUBMIT SCRIPT>>>>#!/bin/bash
##Use user environment Variable
#PBS -V
## Job name
## Purdue mod ... was #PBS -N BioScope_wt.f5.exon.table.rescue.plugin.run_9
#PBS -N Bgin.run_9
## Declare job re-runnable
#PBS -r y
## Output files
#PBS -o '/usr/rmt_share/genomics/westerm/xr00162_Morning-glory-1/000632_1SbG1_296/log/TORQUE/wt.f5.exon.table.rescue.plugin/wt.f5.exon.table.rescue.plugin.run-9.20110630215324093.log'
#PBS -j oe

## Queue name
#PBS -q mgribsko
## User nameA
## Purdue deletion was ...  #PBS -u westerm

## Resources
#PBS -l walltime=96:00:00,nodes=1:ppn=1,mem=4gb



##all files to be group writable
#PBS -W umask=002

# Log Job Info for debugging
date '+TS[START]: %Y-%m-%d %k:%M:%S.%N'
echo StartTime is `date`
#echo Working directory is $PBS_O_WORKDIR
#cd $PBS_O_WORKDIR
echo Directory is `pwd`
echo Running on host $PBS_O_HOST / `hostname`
echo Job $PBS_O_JOBID - $PBS_JOBNAME in Queue $PBS_QUEUE
## Purdue ... need newline at end of file?
## Force all files to be group writable
umask 0002

unset DISPLAY

	export BIOSCOPEROOT=/scratch/genomics/bioscope/bioscope-coates
# Note, if bioscoperoot is not set above, this will run the
# system script in /etc/profile.d/bioscope_profile.sh
# following lines has freeMarker specific syntax
if [[ -f ${BIOSCOPEROOT}/etc/profile.d/bioscope_profile.sh ]]; then
    ${BIOSCOPEROOT}/etc/profile.d/bioscope_profile.sh
fi

echo BIOSCOPEROOT=$BIOSCOPEROOT

set -x


##==== PRE =========================================================

cd /usr/rmt_share/genomics/westerm/xr00162_Morning-glory-1/000632_1SbG1_296

##==================================================================
date '+TS[JOB_START]: %Y-%m-%d %k:%M:%S.%N'
set +e
## =============== COMMAND IS RUN HERE! =============================
java_app.sh --memory 4000 com.apldbio.aga.analysis.exec.PluginRunner -q b11fe21e-8058-47d9-9bb7-921951a37cfe -L /usr/rmt_share/genomics/westerm/xr00162_Morning-glory-1/000632_1SbG1_296/log -l wt.f5.exon.table.rescue.plugin/wt.f5.exon.table.rescue.plugin.run-9.20110630215324092.log -j 9 wt.f5.exon.table.rescue.plugin.run /usr/rmt_share/genomics/westerm/xr00162_Morning-glory-1/000632_1SbG1_296/wt.pe.f5.rescue.ini
## Save exit status
RETVAL=$?
set -e
date '+TS[JOB_END]: %Y-%m-%d %k:%M:%S.%N'
##==== POST ========================================================

##==================================================================

set +x



echo EndTime is `date`
date '+TS[END]: %Y-%m-%d %k:%M:%S.%N'

# return the executed command's exit status
exit $RETVAL

30 Jun 2011 17:53:24,168  INFO [main] ClusterPluginJobLauncher:199 - Submitted job wt.f5.exon.table.rescue.plugin.run with Id '9' for 'wt.f5.exon.table.rescue.plugin.run'
30 Jun 2011 17:53:24,169  INFO [main] AnalysisJobManager:46 - Waiting for events on selector 'b11fe21e-8058-47d9-9bb7-921951a37cfe'
30 Jun 2011 17:59:57,772  INFO [main] AnalysisJobManager:118 - wt.f5.exon.table.rescue.plugin.run completed.
30 Jun 2011 17:59:57,773  INFO [main] AnalysisJobManager:63 - AnalysisJobManager.manageJobs() job.name=wt.f5.rescue.ma.file.merger.into.ma.file.plugin.run; pluginId=wt.f5.rescue.ma.file.merger.into.ma.file.plugin.run
30 Jun 2011 17:59:57,773  INFO [main] ClusterPluginJobLauncher:187 - Spawned process for 'wt.f5.rescue.ma.file.merger.into.ma.file.plugin.run'.
java_app.sh --memory 64 com.apldbio.aga.analysis.exec.PluginRunner -q b11fe21e-8058-47d9-9bb7-921951a37cfe -s -L /usr/rmt_share/genomics/westerm/xr00162_Morning-glory-1/000632_1SbG1_296/log -l wt.f5.rescue.ma.file.merger.into.ma.file.plugin/wt.f5.rescue.ma.file.merger.into.ma.file.plugin.run-10.20110630215957773.log -j 10 wt.f5.rescue.ma.file.merger.into.ma.file.plugin.run /usr/rmt_share/genomics/westerm/xr00162_Morning-glory-1/000632_1SbG1_296/wt.pe.f5.rescue.ini
30 Jun 2011 17:59:57,774  INFO [main] AnalysisJobManager:46 - Waiting for events on selector 'b11fe21e-8058-47d9-9bb7-921951a37cfe'
30 Jun 2011 18:10:50,052  INFO [main] AnalysisJobManager:118 - wt.f5.rescue.ma.file.merger.into.ma.file.plugin.run completed.
30 Jun 2011 18:10:50,053  INFO [main] AnalysisJobManager:63 - AnalysisJobManager.manageJobs() job.name=pairing.wt.run; pluginId=pairing.wt.run
30 Jun 2011 18:10:50,053  INFO [main] ClusterPluginJobLauncher:187 - Spawned process for 'pairing.wt.run'.
java_app.sh --memory 64 com.apldbio.aga.analysis.exec.PluginRunner -q b11fe21e-8058-47d9-9bb7-921951a37cfe -s -L /usr/rmt_share/genomics/westerm/xr00162_Morning-glory-1/000632_1SbG1_296/log -l pairing.wt/pairing.wt.run-11.20110630221050053.log -j 11 pairing.wt.run /usr/rmt_share/genomics/westerm/xr00162_Morning-glory-1/000632_1SbG1_296/wt.pe.pairing.ini
30 Jun 2011 18:10:50,054  INFO [main] AnalysisJobManager:46 - Waiting for events on selector 'b11fe21e-8058-47d9-9bb7-921951a37cfe'
30 Jun 2011 18:10:51,690  INFO [main] AnalysisJobManager:160 - 11: WARNING:  Value for key 'insert.start' may not be less than 35, using 35.
30 Jun 2011 18:11:13,136  INFO [main] AnalysisJobManager:160 - 11.1: WARNING:  Value for key 'insert.start' may not be less than 35, using 35.
30 Jun 2011 18:11:13,320  INFO [main] AnalysisJobManager:160 - 11.1: Creating (or finding) mapping indexes.
30 Jun 2011 18:12:53,731  INFO [main] AnalysisJobManager:160 - 11.1: Counting panels.
30 Jun 2011 18:12:53,803  INFO [main] AnalysisJobManager:160 - 11.1: Grouping panels for 24 jobs.
30 Jun 2011 18:12:54,385  INFO [main] AnalysisJobManager:160 - 11: Panel grouping finished.
30 Jun 2011 18:13:03,243  INFO [main] AnalysisJobManager:160 - 11.3: Starting main pairing run for panels 0-18
30 Jun 2011 18:13:03,663  INFO [main] AnalysisJobManager:160 - 11.4: Starting main pairing run for panels 19-36
30 Jun 2011 18:13:04,073  INFO [main] AnalysisJobManager:160 - 11.2: WARNING:  Value for key 'insert.start' may not be less than 35, using 35.
30 Jun 2011 18:13:04,120  INFO [main] AnalysisJobManager:160 - 11.2: Starting distribute quality values
30 Jun 2011 18:13:04,955  INFO [main] AnalysisJobManager:160 - 11.5: Starting main pairing run for panels 37-54
30 Jun 2011 18:13:07,056  INFO [main] AnalysisJobManager:160 - 11.6: Starting main pairing run for panels 55-72
30 Jun 2011 18:13:08,367  INFO [main] AnalysisJobManager:160 - 11.8: Starting main pairing run for panels 91-108
30 Jun 2011 18:13:09,034  INFO [main] AnalysisJobManager:160 - 11.9: Starting main pairing run for panels 109-126
30 Jun 2011 18:13:10,159  INFO [main] AnalysisJobManager:160 - 11.10: Starting main pairing run for panels 127-144
30 Jun 2011 18:13:10,844  INFO [main] AnalysisJobManager:160 - 11.11: Starting main pairing run for panels 145-163
30 Jun 2011 18:13:12,090  INFO [main] AnalysisJobManager:160 - 11.7: Starting main pairing run for panels 73-90
30 Jun 2011 18:13:12,499  INFO [main] AnalysisJobManager:160 - 11.12: Starting main pairing run for panels 164-181
30 Jun 2011 18:13:12,869  INFO [main] AnalysisJobManager:160 - 11.3: Finished main pairing run for panels 0-18
30 Jun 2011 18:13:12,932  INFO [main] AnalysisJobManager:160 - 11.13: Starting main pairing run for panels 182-199
30 Jun 2011 18:13:13,371  INFO [main] AnalysisJobManager:160 - 11.14: Starting main pairing run for panels 200-217
30 Jun 2011 18:13:14,251  INFO [main] AnalysisJobManager:160 - 11.15: Starting main pairing run for panels 218-235
30 Jun 2011 18:13:16,801  INFO [main] AnalysisJobManager:160 - 11.17: Starting main pairing run for panels 254-271
30 Jun 2011 18:13:17,048  INFO [main] AnalysisJobManager:160 - 11.4: Finished main pairing run for panels 19-36
30 Jun 2011 18:13:17,136  INFO [main] AnalysisJobManager:160 - 11.5: Finished main pairing run for panels 37-54
30 Jun 2011 18:13:17,520  INFO [main] AnalysisJobManager:160 - 11.18: Starting main pairing run for panels 272-289
30 Jun 2011 18:13:18,813  INFO [main] AnalysisJobManager:160 - 11.6: Finished main pairing run for panels 55-72
30 Jun 2011 18:13:19,159  INFO [main] AnalysisJobManager:160 - 11.8: Finished main pairing run for panels 91-108
30 Jun 2011 18:13:20,190  INFO [main] AnalysisJobManager:160 - 11.20: Starting main pairing run for panels 308-324
30 Jun 2011 18:13:21,646  INFO [main] AnalysisJobManager:160 - 11.9: Finished main pairing run for panels 109-126
30 Jun 2011 18:13:21,766  INFO [main] AnalysisJobManager:160 - 11.11: Finished main pairing run for panels 145-163
30 Jun 2011 18:13:22,682  INFO [main] AnalysisJobManager:160 - 11.21: Starting main pairing run for panels 325-341
30 Jun 2011 18:13:22,683  INFO [main] AnalysisJobManager:160 - 11.10: Finished main pairing run for panels 127-144
30 Jun 2011 18:13:22,816  INFO [main] AnalysisJobManager:160 - 11.19: Starting main pairing run for panels 290-307
30 Jun 2011 18:13:23,756  INFO [main] AnalysisJobManager:160 - 11.23: Starting main pairing run for panels 359-375
30 Jun 2011 18:13:24,406  INFO [main] AnalysisJobManager:160 - 11.24: Starting main pairing run for panels 376-392
30 Jun 2011 18:13:24,488  INFO [main] AnalysisJobManager:160 - 11.16: Starting main pairing run for panels 236-253
30 Jun 2011 18:13:25,447  INFO [main] AnalysisJobManager:160 - 11.22: Starting main pairing run for panels 342-358
30 Jun 2011 18:13:25,949  INFO [main] AnalysisJobManager:160 - 11.25: Starting main pairing run for panels 393-409
30 Jun 2011 18:13:25,980  INFO [main] AnalysisJobManager:160 - 11.26: Starting main pairing run for panels 410-99999999
30 Jun 2011 18:13:26,317  INFO [main] AnalysisJobManager:160 - 11.7: Finished main pairing run for panels 73-90
30 Jun 2011 18:13:33,843  INFO [main] AnalysisJobManager:160 - 11.14: Finished main pairing run for panels 200-217
30 Jun 2011 18:13:38,436  INFO [main] AnalysisJobManager:160 - 11.12: Finished main pairing run for panels 164-181
30 Jun 2011 18:13:38,785  INFO [main] AnalysisJobManager:160 - 11.13: Finished main pairing run for panels 182-199
30 Jun 2011 18:13:38,898  INFO [main] AnalysisJobManager:160 - 11.17: Finished main pairing run for panels 254-271
30 Jun 2011 18:13:38,954  INFO [main] AnalysisJobManager:160 - 11.15: Finished main pairing run for panels 218-235
30 Jun 2011 18:13:40,353  INFO [main] AnalysisJobManager:160 - 11.18: Finished main pairing run for panels 272-289
30 Jun 2011 18:13:40,374  INFO [main] AnalysisJobManager:160 - 11.20: Finished main pairing run for panels 308-324
30 Jun 2011 18:13:40,661  INFO [main] AnalysisJobManager:160 - 11.26: Finished main pairing run for panels 410-99999999
30 Jun 2011 18:13:41,022  INFO [main] AnalysisJobManager:160 - 11.23: Finished main pairing run for panels 359-375
30 Jun 2011 18:13:41,044  INFO [main] AnalysisJobManager:160 - 11.21: Finished main pairing run for panels 325-341
30 Jun 2011 18:13:41,532  INFO [main] AnalysisJobManager:160 - 11.24: Finished main pairing run for panels 376-392
30 Jun 2011 18:13:42,354  INFO [main] AnalysisJobManager:160 - 11.25: Finished main pairing run for panels 393-409
30 Jun 2011 18:13:42,924  INFO [main] AnalysisJobManager:160 - 11.22: Finished main pairing run for panels 342-358
30 Jun 2011 18:13:44,141  INFO [main] AnalysisJobManager:160 - 11.19: Finished main pairing run for panels 290-307
30 Jun 2011 18:13:47,288  INFO [main] AnalysisJobManager:160 - 11.16: Finished main pairing run for panels 236-253
30 Jun 2011 18:13:47,296  INFO [main] AnalysisJobManager:160 - 11: Main pairing run finished.
30 Jun 2011 18:19:22,564  INFO [main] AnalysisJobManager:160 - 11.2: Finished distributing quality values
30 Jun 2011 18:19:28,661  INFO [main] AnalysisJobManager:160 - 11.27: Started creating bam files for panels 0-18
30 Jun 2011 18:19:28,683  INFO [main] AnalysisJobManager:160 - 11.27: Starting making BAM file for directory /usr/rmt_share/genomics/westerm/xr00162_Morning-glory-1/000632_1SbG1_296/temp/pairing.wt-11/temp.01
30 Jun 2011 18:19:29,145  INFO [main] AnalysisJobManager:160 - 11.28: Started creating bam files for panels 19-36
30 Jun 2011 18:19:29,176  INFO [main] AnalysisJobManager:160 - 11.28: Starting making BAM file for directory /usr/rmt_share/genomics/westerm/xr00162_Morning-glory-1/000632_1SbG1_296/temp/pairing.wt-11/temp.02
30 Jun 2011 18:19:29,950  INFO [main] AnalysisJobManager:160 - 11.29: Started creating bam files for panels 37-54
30 Jun 2011 18:19:29,977  INFO [main] AnalysisJobManager:160 - 11.29: Starting making BAM file for directory /usr/rmt_share/genomics/westerm/xr00162_Morning-glory-1/000632_1SbG1_296/temp/pairing.wt-11/temp.03
30 Jun 2011 18:19:31,202  INFO [main] AnalysisJobManager:160 - 11.30: Started creating bam files for panels 55-72
30 Jun 2011 18:19:31,228  INFO [main] AnalysisJobManager:160 - 11.30: Starting making BAM file for directory /usr/rmt_share/genomics/westerm/xr00162_Morning-glory-1/000632_1SbG1_296/temp/pairing.wt-11/temp.04
30 Jun 2011 18:19:31,803  INFO [main] AnalysisJobManager:160 - 11.31: Started creating bam files for panels 73-90
30 Jun 2011 18:19:31,824  INFO [main] AnalysisJobManager:160 - 11.31: Starting making BAM file for directory /usr/rmt_share/genomics/westerm/xr00162_Morning-glory-1/000632_1SbG1_296/temp/pairing.wt-11/temp.05
30 Jun 2011 18:19:32,650  INFO [main] AnalysisJobManager:160 - 11.32: Started creating bam files for panels 91-108
30 Jun 2011 18:19:32,674  INFO [main] AnalysisJobManager:160 - 11.32: Starting making BAM file for directory /usr/rmt_share/genomics/westerm/xr00162_Morning-glory-1/000632_1SbG1_296/temp/pairing.wt-11/temp.06
30 Jun 2011 18:19:36,165  INFO [main] AnalysisJobManager:160 - 11.33: Started creating bam files for panels 109-126
30 Jun 2011 18:19:36,187  INFO [main] AnalysisJobManager:160 - 11.33: Starting making BAM file for directory /usr/rmt_share/genomics/westerm/xr00162_Morning-glory-1/000632_1SbG1_296/temp/pairing.wt-11/temp.07
30 Jun 2011 18:19:37,794  INFO [main] AnalysisJobManager:160 - 11.34: Started creating bam files for panels 127-144
30 Jun 2011 18:19:37,832  INFO [main] AnalysisJobManager:160 - 11.34: Starting making BAM file for directory /usr/rmt_share/genomics/westerm/xr00162_Morning-glory-1/000632_1SbG1_296/temp/pairing.wt-11/temp.08
30 Jun 2011 18:19:41,136  INFO [main] AnalysisJobManager:160 - 11.35: Started creating bam files for panels 145-163
30 Jun 2011 18:19:41,198  INFO [main] AnalysisJobManager:160 - 11.35: Starting making BAM file for directory /usr/rmt_share/genomics/westerm/xr00162_Morning-glory-1/000632_1SbG1_296/temp/pairing.wt-11/temp.09
30 Jun 2011 18:19:42,483  INFO [main] AnalysisJobManager:160 - 11.37: Started creating bam files for panels 182-199
30 Jun 2011 18:19:42,504  INFO [main] AnalysisJobManager:160 - 11.37: Starting making BAM file for directory /usr/rmt_share/genomics/westerm/xr00162_Morning-glory-1/000632_1SbG1_296/temp/pairing.wt-11/temp.11
30 Jun 2011 18:19:43,341  INFO [main] AnalysisJobManager:160 - 11.38: Started creating bam files for panels 200-217
30 Jun 2011 18:19:43,364  INFO [main] AnalysisJobManager:160 - 11.38: Starting making BAM file for directory /usr/rmt_share/genomics/westerm/xr00162_Morning-glory-1/000632_1SbG1_296/temp/pairing.wt-11/temp.12
30 Jun 2011 18:19:43,479  INFO [main] AnalysisJobManager:160 - 11.36: Started creating bam files for panels 164-181
30 Jun 2011 18:19:43,554  INFO [main] AnalysisJobManager:160 - 11.36: Starting making BAM file for directory /usr/rmt_share/genomics/westerm/xr00162_Morning-glory-1/000632_1SbG1_296/temp/pairing.wt-11/temp.10
30 Jun 2011 18:19:44,089  INFO [main] AnalysisJobManager:160 - 11.39: Started creating bam files for panels 218-235
30 Jun 2011 18:19:44,109  INFO [main] AnalysisJobManager:160 - 11.39: Starting making BAM file for directory /usr/rmt_share/genomics/westerm/xr00162_Morning-glory-1/000632_1SbG1_296/temp/pairing.wt-11/temp.13
30 Jun 2011 18:19:45,332  INFO [main] AnalysisJobManager:160 - 11.40: Started creating bam files for panels 236-253
30 Jun 2011 18:19:45,354  INFO [main] AnalysisJobManager:160 - 11.40: Starting making BAM file for directory /usr/rmt_share/genomics/westerm/xr00162_Morning-glory-1/000632_1SbG1_296/temp/pairing.wt-11/temp.14
30 Jun 2011 18:19:45,937  INFO [main] AnalysisJobManager:160 - 11.41: Started creating bam files for panels 254-271
30 Jun 2011 18:19:45,956  INFO [main] AnalysisJobManager:160 - 11.41: Starting making BAM file for directory /usr/rmt_share/genomics/westerm/xr00162_Morning-glory-1/000632_1SbG1_296/temp/pairing.wt-11/temp.15
30 Jun 2011 18:19:47,317  INFO [main] AnalysisJobManager:160 - 11.42: Started creating bam files for panels 272-289
30 Jun 2011 18:19:47,342  INFO [main] AnalysisJobManager:160 - 11.42: Starting making BAM file for directory /usr/rmt_share/genomics/westerm/xr00162_Morning-glory-1/000632_1SbG1_296/temp/pairing.wt-11/temp.16
30 Jun 2011 18:19:48,321  INFO [main] AnalysisJobManager:160 - 11.43: Started creating bam files for panels 290-307
30 Jun 2011 18:19:48,343  INFO [main] AnalysisJobManager:160 - 11.43: Starting making BAM file for directory /usr/rmt_share/genomics/westerm/xr00162_Morning-glory-1/000632_1SbG1_296/temp/pairing.wt-11/temp.17
30 Jun 2011 18:19:49,496  INFO [main] AnalysisJobManager:160 - 11.44: Started creating bam files for panels 308-324
30 Jun 2011 18:19:49,519  INFO [main] AnalysisJobManager:160 - 11.44: Starting making BAM file for directory /usr/rmt_share/genomics/westerm/xr00162_Morning-glory-1/000632_1SbG1_296/temp/pairing.wt-11/temp.18
30 Jun 2011 18:19:51,395  INFO [main] AnalysisJobManager:160 - 11.45: Started creating bam files for panels 325-341
30 Jun 2011 18:19:51,420  INFO [main] AnalysisJobManager:160 - 11.45: Starting making BAM file for directory /usr/rmt_share/genomics/westerm/xr00162_Morning-glory-1/000632_1SbG1_296/temp/pairing.wt-11/temp.19
30 Jun 2011 18:19:54,897  INFO [main] AnalysisJobManager:160 - 11.47: Started creating bam files for panels 359-375
30 Jun 2011 18:19:54,916  INFO [main] AnalysisJobManager:160 - 11.47: Starting making BAM file for directory /usr/rmt_share/genomics/westerm/xr00162_Morning-glory-1/000632_1SbG1_296/temp/pairing.wt-11/temp.21
30 Jun 2011 18:19:55,612  INFO [main] AnalysisJobManager:160 - 11.48: Started creating bam files for panels 376-392
30 Jun 2011 18:19:55,630  INFO [main] AnalysisJobManager:160 - 11.48: Starting making BAM file for directory /usr/rmt_share/genomics/westerm/xr00162_Morning-glory-1/000632_1SbG1_296/temp/pairing.wt-11/temp.22
30 Jun 2011 18:19:56,013  INFO [main] AnalysisJobManager:160 - 11.46: Started creating bam files for panels 342-358
30 Jun 2011 18:19:56,033  INFO [main] AnalysisJobManager:160 - 11.46: Starting making BAM file for directory /usr/rmt_share/genomics/westerm/xr00162_Morning-glory-1/000632_1SbG1_296/temp/pairing.wt-11/temp.20
30 Jun 2011 18:19:57,241  INFO [main] AnalysisJobManager:160 - 11.49: Started creating bam files for panels 393-409
30 Jun 2011 18:19:57,291  INFO [main] AnalysisJobManager:160 - 11.49: Starting making BAM file for directory /usr/rmt_share/genomics/westerm/xr00162_Morning-glory-1/000632_1SbG1_296/temp/pairing.wt-11/temp.23
30 Jun 2011 18:19:58,417  INFO [main] AnalysisJobManager:160 - 11.50: Started creating bam files for panels 410-99999999
30 Jun 2011 18:19:58,436  INFO [main] AnalysisJobManager:160 - 11.50: Starting making BAM file for directory /usr/rmt_share/genomics/westerm/xr00162_Morning-glory-1/000632_1SbG1_296/temp/pairing.wt-11/temp.24
30 Jun 2011 18:20:03,836  INFO [main] AnalysisJobManager:160 - 11.27: Started sort of BAM file for directory /usr/rmt_share/genomics/westerm/xr00162_Morning-glory-1/000632_1SbG1_296/temp/pairing.wt-11/temp.01
30 Jun 2011 18:20:06,157  INFO [main] AnalysisJobManager:160 - 11.29: Started sort of BAM file for directory /usr/rmt_share/genomics/westerm/xr00162_Morning-glory-1/000632_1SbG1_296/temp/pairing.wt-11/temp.03
30 Jun 2011 18:20:11,034  INFO [main] AnalysisJobManager:160 - 11.32: Started sort of BAM file for directory /usr/rmt_share/genomics/westerm/xr00162_Morning-glory-1/000632_1SbG1_296/temp/pairing.wt-11/temp.06
30 Jun 2011 18:20:13,449  INFO [main] AnalysisJobManager:160 - 11.30: Started sort of BAM file for directory /usr/rmt_share/genomics/westerm/xr00162_Morning-glory-1/000632_1SbG1_296/temp/pairing.wt-11/temp.04
30 Jun 2011 18:20:14,384  INFO [main] AnalysisJobManager:160 - 11.28: Started sort of BAM file for directory /usr/rmt_share/genomics/westerm/xr00162_Morning-glory-1/000632_1SbG1_296/temp/pairing.wt-11/temp.02
30 Jun 2011 18:20:17,257  INFO [main] AnalysisJobManager:160 - 11.31: Started sort of BAM file for directory /usr/rmt_share/genomics/westerm/xr00162_Morning-glory-1/000632_1SbG1_296/temp/pairing.wt-11/temp.05
30 Jun 2011 18:20:17,412  INFO [main] AnalysisJobManager:160 - 11.35: Started sort of BAM file for directory /usr/rmt_share/genomics/westerm/xr00162_Morning-glory-1/000632_1SbG1_296/temp/pairing.wt-11/temp.09
30 Jun 2011 18:20:20,839  INFO [main] AnalysisJobManager:160 - 11.33: Started sort of BAM file for directory /usr/rmt_share/genomics/westerm/xr00162_Morning-glory-1/000632_1SbG1_296/temp/pairing.wt-11/temp.07
30 Jun 2011 18:20:20,985  INFO [main] AnalysisJobManager:160 - 11.38: Started sort of BAM file for directory /usr/rmt_share/genomics/westerm/xr00162_Morning-glory-1/000632_1SbG1_296/temp/pairing.wt-11/temp.12
30 Jun 2011 18:20:21,148  INFO [main] AnalysisJobManager:160 - 11.41: Started sort of BAM file for directory /usr/rmt_share/genomics/westerm/xr00162_Morning-glory-1/000632_1SbG1_296/temp/pairing.wt-11/temp.15
30 Jun 2011 18:20:22,789  INFO [main] AnalysisJobManager:160 - 11.44: Started sort of BAM file for directory /usr/rmt_share/genomics/westerm/xr00162_Morning-glory-1/000632_1SbG1_296/temp/pairing.wt-11/temp.18
30 Jun 2011 18:20:24,678  INFO [main] AnalysisJobManager:160 - 11.39: Started sort of BAM file for directory /usr/rmt_share/genomics/westerm/xr00162_Morning-glory-1/000632_1SbG1_296/temp/pairing.wt-11/temp.13
30 Jun 2011 18:20:25,473  INFO [main] AnalysisJobManager:160 - 11.50: Started sort of BAM file for directory /usr/rmt_share/genomics/westerm/xr00162_Morning-glory-1/000632_1SbG1_296/temp/pairing.wt-11/temp.24
30 Jun 2011 18:20:28,104  INFO [main] AnalysisJobManager:160 - 11.34: Started sort of BAM file for directory /usr/rmt_share/genomics/westerm/xr00162_Morning-glory-1/000632_1SbG1_296/temp/pairing.wt-11/temp.08
30 Jun 2011 18:20:28,205  INFO [main] AnalysisJobManager:160 - 11.37: Started sort of BAM file for directory /usr/rmt_share/genomics/westerm/xr00162_Morning-glory-1/000632_1SbG1_296/temp/pairing.wt-11/temp.11
30 Jun 2011 18:20:29,791  INFO [main] AnalysisJobManager:160 - 11.47: Started sort of BAM file for directory /usr/rmt_share/genomics/westerm/xr00162_Morning-glory-1/000632_1SbG1_296/temp/pairing.wt-11/temp.21
30 Jun 2011 18:20:29,828  INFO [main] AnalysisJobManager:160 - 11.45: Started sort of BAM file for directory /usr/rmt_share/genomics/westerm/xr00162_Morning-glory-1/000632_1SbG1_296/temp/pairing.wt-11/temp.19
30 Jun 2011 18:20:31,365  INFO [main] AnalysisJobManager:160 - 11.43: Started sort of BAM file for directory /usr/rmt_share/genomics/westerm/xr00162_Morning-glory-1/000632_1SbG1_296/temp/pairing.wt-11/temp.17
30 Jun 2011 18:20:31,694  INFO [main] AnalysisJobManager:160 - 11.42: Started sort of BAM file for directory /usr/rmt_share/genomics/westerm/xr00162_Morning-glory-1/000632_1SbG1_296/temp/pairing.wt-11/temp.16
30 Jun 2011 18:20:33,008  INFO [main] AnalysisJobManager:160 - 11.48: Started sort of BAM file for directory /usr/rmt_share/genomics/westerm/xr00162_Morning-glory-1/000632_1SbG1_296/temp/pairing.wt-11/temp.22
30 Jun 2011 18:20:33,440  INFO [main] AnalysisJobManager:160 - 11.40: Started sort of BAM file for directory /usr/rmt_share/genomics/westerm/xr00162_Morning-glory-1/000632_1SbG1_296/temp/pairing.wt-11/temp.14
30 Jun 2011 18:20:35,636  INFO [main] AnalysisJobManager:160 - 11.46: Started sort of BAM file for directory /usr/rmt_share/genomics/westerm/xr00162_Morning-glory-1/000632_1SbG1_296/temp/pairing.wt-11/temp.20
30 Jun 2011 18:20:35,653  INFO [main] AnalysisJobManager:160 - 11.49: Started sort of BAM file for directory /usr/rmt_share/genomics/westerm/xr00162_Morning-glory-1/000632_1SbG1_296/temp/pairing.wt-11/temp.23
30 Jun 2011 18:20:36,596  INFO [main] AnalysisJobManager:160 - 11.27: Started annotation of BAM file for directory /usr/rmt_share/genomics/westerm/xr00162_Morning-glory-1/000632_1SbG1_296/temp/pairing.wt-11/temp.01
30 Jun 2011 18:20:37,645  INFO [main] AnalysisJobManager:160 - 11.36: Started sort of BAM file for directory /usr/rmt_share/genomics/westerm/xr00162_Morning-glory-1/000632_1SbG1_296/temp/pairing.wt-11/temp.10
30 Jun 2011 18:20:38,893  INFO [main] AnalysisJobManager:160 - 11.29: Started annotation of BAM file for directory /usr/rmt_share/genomics/westerm/xr00162_Morning-glory-1/000632_1SbG1_296/temp/pairing.wt-11/temp.03
30 Jun 2011 18:20:45,055  INFO [main] AnalysisJobManager:160 - 11.32: Started annotation of BAM file for directory /usr/rmt_share/genomics/westerm/xr00162_Morning-glory-1/000632_1SbG1_296/temp/pairing.wt-11/temp.06
30 Jun 2011 18:20:45,597  INFO [main] AnalysisJobManager:160 - 11.50: Started annotation of BAM file for directory /usr/rmt_share/genomics/westerm/xr00162_Morning-glory-1/000632_1SbG1_296/temp/pairing.wt-11/temp.24
30 Jun 2011 18:20:48,431  INFO [main] AnalysisJobManager:160 - 11.44: Started annotation of BAM file for directory /usr/rmt_share/genomics/westerm/xr00162_Morning-glory-1/000632_1SbG1_296/temp/pairing.wt-11/temp.18
30 Jun 2011 18:20:50,192  INFO [main] AnalysisJobManager:160 - 11.30: Started annotation of BAM file for directory /usr/rmt_share/genomics/westerm/xr00162_Morning-glory-1/000632_1SbG1_296/temp/pairing.wt-11/temp.04
30 Jun 2011 18:20:50,199  INFO [main] AnalysisJobManager:160 - 11.41: Started annotation of BAM file for directory /usr/rmt_share/genomics/westerm/xr00162_Morning-glory-1/000632_1SbG1_296/temp/pairing.wt-11/temp.15
30 Jun 2011 18:20:50,521  INFO [main] AnalysisJobManager:160 - 11.38: Started annotation of BAM file for directory /usr/rmt_share/genomics/westerm/xr00162_Morning-glory-1/000632_1SbG1_296/temp/pairing.wt-11/temp.12
30 Jun 2011 18:20:56,576  INFO [main] AnalysisJobManager:160 - 11.31: Started annotation of BAM file for directory /usr/rmt_share/genomics/westerm/xr00162_Morning-glory-1/000632_1SbG1_296/temp/pairing.wt-11/temp.05
30 Jun 2011 18:20:57,116  INFO [main] AnalysisJobManager:160 - 11.35: Started annotation of BAM file for directory /usr/rmt_share/genomics/westerm/xr00162_Morning-glory-1/000632_1SbG1_296/temp/pairing.wt-11/temp.09
30 Jun 2011 18:20:57,682  INFO [main] AnalysisJobManager:160 - 11.28: Started annotation of BAM file for directory /usr/rmt_share/genomics/westerm/xr00162_Morning-glory-1/000632_1SbG1_296/temp/pairing.wt-11/temp.02
30 Jun 2011 18:20:58,673  INFO [main] AnalysisJobManager:160 - 11.47: Started annotation of BAM file for directory /usr/rmt_share/genomics/westerm/xr00162_Morning-glory-1/000632_1SbG1_296/temp/pairing.wt-11/temp.21
30 Jun 2011 18:20:59,951  INFO [main] AnalysisJobManager:160 - 11.48: Started annotation of BAM file for directory /usr/rmt_share/genomics/westerm/xr00162_Morning-glory-1/000632_1SbG1_296/temp/pairing.wt-11/temp.22
30 Jun 2011 18:21:00,884  INFO [main] AnalysisJobManager:160 - 11.37: Started annotation of BAM file for directory /usr/rmt_share/genomics/westerm/xr00162_Morning-glory-1/000632_1SbG1_296/temp/pairing.wt-11/temp.11
30 Jun 2011 18:21:01,168  INFO [main] AnalysisJobManager:160 - 11.45: Started annotation of BAM file for directory /usr/rmt_share/genomics/westerm/xr00162_Morning-glory-1/000632_1SbG1_296/temp/pairing.wt-11/temp.19
30 Jun 2011 18:21:01,671  INFO [main] AnalysisJobManager:160 - 11.39: Started annotation of BAM file for directory /usr/rmt_share/genomics/westerm/xr00162_Morning-glory-1/000632_1SbG1_296/temp/pairing.wt-11/temp.13
30 Jun 2011 18:21:05,194  INFO [main] AnalysisJobManager:160 - 11.49: Started annotation of BAM file for directory /usr/rmt_share/genomics/westerm/xr00162_Morning-glory-1/000632_1SbG1_296/temp/pairing.wt-11/temp.23
30 Jun 2011 18:21:06,589  INFO [main] AnalysisJobManager:160 - 11.46: Started annotation of BAM file for directory /usr/rmt_share/genomics/westerm/xr00162_Morning-glory-1/000632_1SbG1_296/temp/pairing.wt-11/temp.20
30 Jun 2011 18:21:08,937  INFO [main] AnalysisJobManager:160 - 11.42: Started annotation of BAM file for directory /usr/rmt_share/genomics/westerm/xr00162_Morning-glory-1/000632_1SbG1_296/temp/pairing.wt-11/temp.16
30 Jun 2011 18:21:09,013  INFO [main] AnalysisJobManager:160 - 11.27: Finished making of BAM file for directory /usr/rmt_share/genomics/westerm/xr00162_Morning-glory-1/000632_1SbG1_296/temp/pairing.wt-11/temp.01
30 Jun 2011 18:21:09,024  INFO [main] AnalysisJobManager:160 - 11.33: Started annotation of BAM file for directory /usr/rmt_share/genomics/westerm/xr00162_Morning-glory-1/000632_1SbG1_296/temp/pairing.wt-11/temp.07
30 Jun 2011 18:21:09,025  INFO [main] AnalysisJobManager:160 - 11.27: Finished creating bam files for panels 0-18
30 Jun 2011 18:21:10,548  INFO [main] AnalysisJobManager:160 - 11.50: Finished making of BAM file for directory /usr/rmt_share/genomics/westerm/xr00162_Morning-glory-1/000632_1SbG1_296/temp/pairing.wt-11/temp.24
30 Jun 2011 18:21:10,552  INFO [main] AnalysisJobManager:160 - 11.50: Finished creating bam files for panels 410-99999999
30 Jun 2011 18:21:10,966  INFO [main] AnalysisJobManager:160 - 11.43: Started annotation of BAM file for directory /usr/rmt_share/genomics/westerm/xr00162_Morning-glory-1/000632_1SbG1_296/temp/pairing.wt-11/temp.17
30 Jun 2011 18:21:12,402  INFO [main] AnalysisJobManager:160 - 11.29: Finished making of BAM file for directory /usr/rmt_share/genomics/westerm/xr00162_Morning-glory-1/000632_1SbG1_296/temp/pairing.wt-11/temp.03
30 Jun 2011 18:21:12,411  INFO [main] AnalysisJobManager:160 - 11.29: Finished creating bam files for panels 37-54
30 Jun 2011 18:21:14,959  INFO [main] AnalysisJobManager:160 - 11.36: Started annotation of BAM file for directory /usr/rmt_share/genomics/westerm/xr00162_Morning-glory-1/000632_1SbG1_296/temp/pairing.wt-11/temp.10
30 Jun 2011 18:21:16,671  INFO [main] AnalysisJobManager:160 - 11.40: Started annotation of BAM file for directory /usr/rmt_share/genomics/westerm/xr00162_Morning-glory-1/000632_1SbG1_296/temp/pairing.wt-11/temp.14
30 Jun 2011 18:21:18,083  INFO [main] AnalysisJobManager:160 - 11.32: Finished making of BAM file for directory /usr/rmt_share/genomics/westerm/xr00162_Morning-glory-1/000632_1SbG1_296/temp/pairing.wt-11/temp.06
30 Jun 2011 18:21:18,098  INFO [main] AnalysisJobManager:160 - 11.32: Finished creating bam files for panels 91-108
30 Jun 2011 18:21:19,563  INFO [main] AnalysisJobManager:160 - 11.34: Started annotation of BAM file for directory /usr/rmt_share/genomics/westerm/xr00162_Morning-glory-1/000632_1SbG1_296/temp/pairing.wt-11/temp.08
30 Jun 2011 18:21:21,084  INFO [main] AnalysisJobManager:160 - 11.44: Finished making of BAM file for directory /usr/rmt_share/genomics/westerm/xr00162_Morning-glory-1/000632_1SbG1_296/temp/pairing.wt-11/temp.18
30 Jun 2011 18:21:21,089  INFO [main] AnalysisJobManager:160 - 11.44: Finished creating bam files for panels 308-324
30 Jun 2011 18:21:24,365  INFO [main] AnalysisJobManager:160 - 11.38: Finished making of BAM file for directory /usr/rmt_share/genomics/westerm/xr00162_Morning-glory-1/000632_1SbG1_296/temp/pairing.wt-11/temp.12
30 Jun 2011 18:21:24,385  INFO [main] AnalysisJobManager:160 - 11.38: Finished creating bam files for panels 200-217
30 Jun 2011 18:21:24,587  INFO [main] AnalysisJobManager:160 - 11.41: Finished making of BAM file for directory /usr/rmt_share/genomics/westerm/xr00162_Morning-glory-1/000632_1SbG1_296/temp/pairing.wt-11/temp.15
30 Jun 2011 18:21:24,607  INFO [main] AnalysisJobManager:160 - 11.41: Finished creating bam files for panels 254-271
30 Jun 2011 18:21:26,095  INFO [main] AnalysisJobManager:160 - 11.30: Finished making of BAM file for directory /usr/rmt_share/genomics/westerm/xr00162_Morning-glory-1/000632_1SbG1_296/temp/pairing.wt-11/temp.04
30 Jun 2011 18:21:26,109  INFO [main] AnalysisJobManager:160 - 11.30: Finished creating bam files for panels 55-72
30 Jun 2011 18:21:30,062  INFO [main] AnalysisJobManager:160 - 11.35: Finished making of BAM file for directory /usr/rmt_share/genomics/westerm/xr00162_Morning-glory-1/000632_1SbG1_296/temp/pairing.wt-11/temp.09
30 Jun 2011 18:21:30,067  INFO [main] AnalysisJobManager:160 - 11.35: Finished creating bam files for panels 145-163
30 Jun 2011 18:21:31,986  INFO [main] AnalysisJobManager:160 - 11.48: Finished making of BAM file for directory /usr/rmt_share/genomics/westerm/xr00162_Morning-glory-1/000632_1SbG1_296/temp/pairing.wt-11/temp.22
30 Jun 2011 18:21:31,990  INFO [main] AnalysisJobManager:160 - 11.48: Finished creating bam files for panels 376-392
30 Jun 2011 18:21:32,367  INFO [main] AnalysisJobManager:160 - 11.47: Finished making of BAM file for directory /usr/rmt_share/genomics/westerm/xr00162_Morning-glory-1/000632_1SbG1_296/temp/pairing.wt-11/temp.21
30 Jun 2011 18:21:32,372  INFO [main] AnalysisJobManager:160 - 11.47: Finished creating bam files for panels 359-375
30 Jun 2011 18:21:33,310  INFO [main] AnalysisJobManager:160 - 11.28: Finished making of BAM file for directory /usr/rmt_share/genomics/westerm/xr00162_Morning-glory-1/000632_1SbG1_296/temp/pairing.wt-11/temp.02
30 Jun 2011 18:21:33,329  INFO [main] AnalysisJobManager:160 - 11.28: Finished creating bam files for panels 19-36
30 Jun 2011 18:21:35,344  INFO [main] AnalysisJobManager:160 - 11.45: Finished making of BAM file for directory /usr/rmt_share/genomics/westerm/xr00162_Morning-glory-1/000632_1SbG1_296/temp/pairing.wt-11/temp.19
30 Jun 2011 18:21:35,352  INFO [main] AnalysisJobManager:160 - 11.45: Finished creating bam files for panels 325-341
30 Jun 2011 18:21:35,863  INFO [main] AnalysisJobManager:160 - 11.49: Finished making of BAM file for directory /usr/rmt_share/genomics/westerm/xr00162_Morning-glory-1/000632_1SbG1_296/temp/pairing.wt-11/temp.23
30 Jun 2011 18:21:35,873  INFO [main] AnalysisJobManager:160 - 11.49: Finished creating bam files for panels 393-409
30 Jun 2011 18:21:36,012  INFO [main] AnalysisJobManager:160 - 11.31: Finished making of BAM file for directory /usr/rmt_share/genomics/westerm/xr00162_Morning-glory-1/000632_1SbG1_296/temp/pairing.wt-11/temp.05
30 Jun 2011 18:21:36,030  INFO [main] AnalysisJobManager:160 - 11.31: Finished creating bam files for panels 73-90
30 Jun 2011 18:21:36,754  INFO [main] AnalysisJobManager:160 - 11.39: Finished making of BAM file for directory /usr/rmt_share/genomics/westerm/xr00162_Morning-glory-1/000632_1SbG1_296/temp/pairing.wt-11/temp.13
30 Jun 2011 18:21:36,762  INFO [main] AnalysisJobManager:160 - 11.39: Finished creating bam files for panels 218-235
30 Jun 2011 18:21:37,627  INFO [main] AnalysisJobManager:160 - 11.37: Finished making of BAM file for directory /usr/rmt_share/genomics/westerm/xr00162_Morning-glory-1/000632_1SbG1_296/temp/pairing.wt-11/temp.11
30 Jun 2011 18:21:37,631  INFO [main] AnalysisJobManager:160 - 11.37: Finished creating bam files for panels 182-199
30 Jun 2011 18:21:41,345  INFO [main] AnalysisJobManager:160 - 11.46: Finished making of BAM file for directory /usr/rmt_share/genomics/westerm/xr00162_Morning-glory-1/000632_1SbG1_296/temp/pairing.wt-11/temp.20
30 Jun 2011 18:21:41,351  INFO [main] AnalysisJobManager:160 - 11.46: Finished creating bam files for panels 342-358
30 Jun 2011 18:21:43,634  INFO [main] AnalysisJobManager:160 - 11.33: Finished making of BAM file for directory /usr/rmt_share/genomics/westerm/xr00162_Morning-glory-1/000632_1SbG1_296/temp/pairing.wt-11/temp.07
30 Jun 2011 18:21:43,647  INFO [main] AnalysisJobManager:160 - 11.33: Finished creating bam files for panels 109-126
30 Jun 2011 18:21:45,179  INFO [main] AnalysisJobManager:160 - 11.42: Finished making of BAM file for directory /usr/rmt_share/genomics/westerm/xr00162_Morning-glory-1/000632_1SbG1_296/temp/pairing.wt-11/temp.16
30 Jun 2011 18:21:45,185  INFO [main] AnalysisJobManager:160 - 11.42: Finished creating bam files for panels 272-289
30 Jun 2011 18:21:47,269  INFO [main] AnalysisJobManager:160 - 11.43: Finished making of BAM file for directory /usr/rmt_share/genomics/westerm/xr00162_Morning-glory-1/000632_1SbG1_296/temp/pairing.wt-11/temp.17
30 Jun 2011 18:21:47,287  INFO [main] AnalysisJobManager:160 - 11.43: Finished creating bam files for panels 290-307
30 Jun 2011 18:21:50,100  INFO [main] AnalysisJobManager:160 - 11.40: Finished making of BAM file for directory /usr/rmt_share/genomics/westerm/xr00162_Morning-glory-1/000632_1SbG1_296/temp/pairing.wt-11/temp.14
30 Jun 2011 18:21:50,105  INFO [main] AnalysisJobManager:160 - 11.40: Finished creating bam files for panels 236-253
30 Jun 2011 18:21:51,785  INFO [main] AnalysisJobManager:160 - 11.36: Finished making of BAM file for directory /usr/rmt_share/genomics/westerm/xr00162_Morning-glory-1/000632_1SbG1_296/temp/pairing.wt-11/temp.10
30 Jun 2011 18:21:51,831  INFO [main] AnalysisJobManager:160 - 11.36: Finished creating bam files for panels 164-181
30 Jun 2011 18:21:55,176  INFO [main] AnalysisJobManager:160 - 11.34: Finished making of BAM file for directory /usr/rmt_share/genomics/westerm/xr00162_Morning-glory-1/000632_1SbG1_296/temp/pairing.wt-11/temp.08
30 Jun 2011 18:21:55,182  INFO [main] AnalysisJobManager:160 - 11.34: Finished creating bam files for panels 127-144
30 Jun 2011 18:21:55,189  INFO [main] AnalysisJobManager:160 - 11: Pairing distributed BAM file creation finished.
30 Jun 2011 18:22:01,673  INFO [main] AnalysisJobManager:160 - 11.52: Starting merge of BAM files.
30 Jun 2011 18:28:28,060  INFO [main] AnalysisJobManager:160 - 11.52: Finished merge of BAM files.
30 Jun 2011 18:28:28,073  INFO [main] AnalysisJobManager:160 - 11.52: Starting making index.
30 Jun 2011 18:28:51,904  INFO [main] AnalysisJobManager:160 - 11.52: Finished making index.
30 Jun 2011 18:28:51,905  INFO [main] AnalysisJobManager:160 - 11.52: Starting merge of unmapped files
30 Jun 2011 18:31:36,331  INFO [main] AnalysisJobManager:160 - 11: Pairing file gather finished.
30 Jun 2011 18:31:36,775  INFO [main] AnalysisJobManager:118 - pairing.wt.run completed.
30 Jun 2011 18:31:36,775  INFO [main] AnalysisJobManager:63 - AnalysisJobManager.manageJobs() job.name=wt.counttag.run; pluginId=wt.counttag.run
30 Jun 2011 18:31:36,777  INFO [main] ClusterPluginJobLauncher:103 - fillinJob() ClusterJob ppn=1
30 Jun 2011 18:31:36,779  INFO [main] ClusterPluginJobLauncher:195 - SUBMIT SCRIPT>>>>#!/bin/bash
##Use user environment Variable
#PBS -V
## Job name
## Purdue mod ... was #PBS -N BioScope_wt.counttag.run_12
#PBS -N Bag.run_12
## Declare job re-runnable
#PBS -r y
## Output files
#PBS -o '/usr/rmt_share/genomics/westerm/xr00162_Morning-glory-1/000632_1SbG1_296/log/TORQUE/wt.counttag/wt.counttag.run-12.20110630223136776.log'
#PBS -j oe

## Queue name
#PBS -q mgribsko
## User nameA
## Purdue deletion was ...  #PBS -u westerm

## Resources
#PBS -l walltime=72:00:00,nodes=1:ppn=1,mem=4gb



##all files to be group writable
#PBS -W umask=002

# Log Job Info for debugging
date '+TS[START]: %Y-%m-%d %k:%M:%S.%N'
echo StartTime is `date`
#echo Working directory is $PBS_O_WORKDIR
#cd $PBS_O_WORKDIR
echo Directory is `pwd`
echo Running on host $PBS_O_HOST / `hostname`
echo Job $PBS_O_JOBID - $PBS_JOBNAME in Queue $PBS_QUEUE
## Purdue ... need newline at end of file?
## Force all files to be group writable
umask 0002

unset DISPLAY

	export BIOSCOPEROOT=/scratch/genomics/bioscope/bioscope-coates
# Note, if bioscoperoot is not set above, this will run the
# system script in /etc/profile.d/bioscope_profile.sh
# following lines has freeMarker specific syntax
if [[ -f ${BIOSCOPEROOT}/etc/profile.d/bioscope_profile.sh ]]; then
    ${BIOSCOPEROOT}/etc/profile.d/bioscope_profile.sh
fi

echo BIOSCOPEROOT=$BIOSCOPEROOT

set -x


##==== PRE =========================================================

cd /usr/rmt_share/genomics/westerm/xr00162_Morning-glory-1/000632_1SbG1_296

##==================================================================
date '+TS[JOB_START]: %Y-%m-%d %k:%M:%S.%N'
set +e
## =============== COMMAND IS RUN HERE! =============================
java_app.sh --memory 4000 com.apldbio.aga.analysis.exec.PluginRunner -q b11fe21e-8058-47d9-9bb7-921951a37cfe -L /usr/rmt_share/genomics/westerm/xr00162_Morning-glory-1/000632_1SbG1_296/log -l wt.counttag/wt.counttag.run-12.20110630223136775.log -j 12 wt.counttag.run /usr/rmt_share/genomics/westerm/xr00162_Morning-glory-1/000632_1SbG1_296/wt.pe.counttag.ini
## Save exit status
RETVAL=$?
set -e
date '+TS[JOB_END]: %Y-%m-%d %k:%M:%S.%N'
##==== POST ========================================================

##==================================================================

set +x



echo EndTime is `date`
date '+TS[END]: %Y-%m-%d %k:%M:%S.%N'

# return the executed command's exit status
exit $RETVAL

30 Jun 2011 18:31:36,855  INFO [main] ClusterPluginJobLauncher:199 - Submitted job wt.counttag.run with Id '12' for 'wt.counttag.run'
30 Jun 2011 18:31:36,855  INFO [main] AnalysisJobManager:46 - Waiting for events on selector 'b11fe21e-8058-47d9-9bb7-921951a37cfe'
02 Jul 2011 00:19:47,247  INFO [main] AnalysisJobManager:118 - wt.counttag.run completed.
02 Jul 2011 00:19:47,248  INFO [main] AnalysisJobManager:63 - AnalysisJobManager.manageJobs() job.name=wt.sam2wig.run; pluginId=wt.sam2wig.run
02 Jul 2011 00:19:47,251  INFO [main] ClusterPluginJobLauncher:103 - fillinJob() ClusterJob ppn=1
02 Jul 2011 00:19:47,267  INFO [main] ClusterPluginJobLauncher:195 - SUBMIT SCRIPT>>>>#!/bin/bash
##Use user environment Variable
#PBS -V
## Job name
## Purdue mod ... was #PBS -N BioScope_wt.sam2wig.run_13
#PBS -N Big.run_13
## Declare job re-runnable
#PBS -r y
## Output files
#PBS -o '/usr/rmt_share/genomics/westerm/xr00162_Morning-glory-1/000632_1SbG1_296/log/TORQUE/wt.sam2wig/wt.sam2wig.run-13.20110702041947249.log'
#PBS -j oe

## Queue name
#PBS -q mgribsko
## User nameA
## Purdue deletion was ...  #PBS -u westerm

## Resources
#PBS -l walltime=96:00:00,nodes=1:ppn=1,mem=4gb



##all files to be group writable
#PBS -W umask=002

# Log Job Info for debugging
date '+TS[START]: %Y-%m-%d %k:%M:%S.%N'
echo StartTime is `date`
#echo Working directory is $PBS_O_WORKDIR
#cd $PBS_O_WORKDIR
echo Directory is `pwd`
echo Running on host $PBS_O_HOST / `hostname`
echo Job $PBS_O_JOBID - $PBS_JOBNAME in Queue $PBS_QUEUE
## Purdue ... need newline at end of file?
## Force all files to be group writable
umask 0002

unset DISPLAY

	export BIOSCOPEROOT=/scratch/genomics/bioscope/bioscope-coates
# Note, if bioscoperoot is not set above, this will run the
# system script in /etc/profile.d/bioscope_profile.sh
# following lines has freeMarker specific syntax
if [[ -f ${BIOSCOPEROOT}/etc/profile.d/bioscope_profile.sh ]]; then
    ${BIOSCOPEROOT}/etc/profile.d/bioscope_profile.sh
fi

echo BIOSCOPEROOT=$BIOSCOPEROOT

set -x


##==== PRE =========================================================

cd /usr/rmt_share/genomics/westerm/xr00162_Morning-glory-1/000632_1SbG1_296

##==================================================================
date '+TS[JOB_START]: %Y-%m-%d %k:%M:%S.%N'
set +e
## =============== COMMAND IS RUN HERE! =============================
java_app.sh --memory 4000 com.apldbio.aga.analysis.exec.PluginRunner -q b11fe21e-8058-47d9-9bb7-921951a37cfe -L /usr/rmt_share/genomics/westerm/xr00162_Morning-glory-1/000632_1SbG1_296/log -l wt.sam2wig/wt.sam2wig.run-13.20110702041947248.log -j 13 wt.sam2wig.run /usr/rmt_share/genomics/westerm/xr00162_Morning-glory-1/000632_1SbG1_296/wt.pe.sam2wig.ini
## Save exit status
RETVAL=$?
set -e
date '+TS[JOB_END]: %Y-%m-%d %k:%M:%S.%N'
##==== POST ========================================================

##==================================================================

set +x



echo EndTime is `date`
date '+TS[END]: %Y-%m-%d %k:%M:%S.%N'

# return the executed command's exit status
exit $RETVAL

02 Jul 2011 00:19:47,414  INFO [main] ClusterPluginJobLauncher:199 - Submitted job wt.sam2wig.run with Id '13' for 'wt.sam2wig.run'
02 Jul 2011 00:19:47,415  INFO [main] AnalysisJobManager:46 - Waiting for events on selector 'b11fe21e-8058-47d9-9bb7-921951a37cfe'
02 Jul 2011 00:24:53,494  INFO [main] AnalysisJobManager:118 - wt.sam2wig.run completed.
02 Jul 2011 00:24:53,495  INFO [main] PluginJobManager:141 - Finished successfully
02 Jul 2011 00:24:53,496  INFO [main] PluginJobManager:128 - >>>> END of PluginJobManager >>>> date=2011-07-02 00:24:53.496  EDT
02 Jul 2011 00:24:53,496  INFO [main] PluginJobManager:130 - >>>> END of PluginJobManager >>>> date DURATION=1 days 8 hours 15 minutes 57 secs 
02 Jul 2011 00:24:53,501  INFO [ShutdownHook] EventTransportFactory:140 - Closing JMS connection and session
 on call from:
com.apldbio.aga.analysis.workflow.BioscopeShutdownHook.run(BioscopeShutdownHook.java:55)

