30 Jun 2011 16:08:41,781  INFO [main] PluginJobManager:107 - >>>> START of PluginJobManager >>>> date=2011-06-30 16:08:41.715  EDT
30 Jun 2011 16:08:41,789  INFO [main] PluginJobManager:110 - Bioscope version: bioscope-v1.3-rBS130_50843_20101020105719 
30 Jun 2011 16:08:42,190  INFO [ActiveMQ Task] FailoverTransport:745 - Successfully connected to tcp://asp.genomics.purdue.edu:61616?wireFormat.MaxInactivityDuration=-1
30 Jun 2011 16:08:42,291  INFO [ActiveMQ Task] FailoverTransport:745 - Successfully connected to tcp://asp.genomics.purdue.edu:61616?wireFormat.MaxInactivityDuration=-1
30 Jun 2011 16:08:42,396  INFO [main] ClusterJob:142 - Template location - /scratch/genomics/bioscope/bioscope-coates/etc/template
30 Jun 2011 16:08:43,083  WARN [main] PluginJobScheduler:88 - No plugins found in wt.pe.junction.finder.ini
30 Jun 2011 16:08:43,213  INFO [main] AnalysisJobManager:63 - AnalysisJobManager.manageJobs() job.name=wt.f3.genomic.mapping.plugin.run; pluginId=wt.f3.genomic.mapping.plugin.run
30 Jun 2011 16:08:43,214  INFO [main] AnalysisJobManager:63 - AnalysisJobManager.manageJobs() job.name=wt.f3.filter.mapping.plugin.run; pluginId=wt.f3.filter.mapping.plugin.run
30 Jun 2011 16:08:43,219  INFO [main] ClusterPluginJobLauncher:187 - Spawned process for 'wt.f3.genomic.mapping.plugin.run'.
java_app.sh --memory 64 com.apldbio.aga.analysis.exec.PluginRunner -q 316cbb4c-ed42-424c-b8c0-41a48c7b408f -s -L /usr/rmt_share/genomics/westerm/xr00162_Morning-glory-1/000631_2RG1_201/log -l wt.f3.genomic.mapping.plugin/wt.f3.genomic.mapping.plugin.run-1.20110630200843217.log -j 1 wt.f3.genomic.mapping.plugin.run /usr/rmt_share/genomics/westerm/xr00162_Morning-glory-1/000631_2RG1_201/wt.pe.f3.mapping.ini
30 Jun 2011 16:08:43,220  INFO [main] ClusterPluginJobLauncher:187 - Spawned process for 'wt.f3.filter.mapping.plugin.run'.
java_app.sh --memory 64 com.apldbio.aga.analysis.exec.PluginRunner -q 316cbb4c-ed42-424c-b8c0-41a48c7b408f -s -L /usr/rmt_share/genomics/westerm/xr00162_Morning-glory-1/000631_2RG1_201/log -l wt.f3.filter.mapping.plugin/wt.f3.filter.mapping.plugin.run-2.20110630200843220.log -j 2 wt.f3.filter.mapping.plugin.run /usr/rmt_share/genomics/westerm/xr00162_Morning-glory-1/000631_2RG1_201/wt.pe.f3.mapping.ini
30 Jun 2011 16:08:43,220  INFO [main] AnalysisJobManager:46 - Waiting for events on selector '316cbb4c-ed42-424c-b8c0-41a48c7b408f'
30 Jun 2011 17:08:35,623  INFO [main] AnalysisJobManager:118 - wt.f3.genomic.mapping.plugin.run completed.
30 Jun 2011 17:08:35,624  INFO [main] AnalysisJobManager:46 - Waiting for events on selector '316cbb4c-ed42-424c-b8c0-41a48c7b408f'
30 Jun 2011 17:13:23,012  INFO [main] AnalysisJobManager:118 - wt.f3.filter.mapping.plugin.run completed.
30 Jun 2011 17:13:23,013  INFO [main] AnalysisJobManager:63 - AnalysisJobManager.manageJobs() job.name=wt.f3.ma.file.merger.into.ma.file.plugin.run; pluginId=wt.f3.ma.file.merger.into.ma.file.plugin.run
30 Jun 2011 17:13:23,013  INFO [main] ClusterPluginJobLauncher:187 - Spawned process for 'wt.f3.ma.file.merger.into.ma.file.plugin.run'.
java_app.sh --memory 64 com.apldbio.aga.analysis.exec.PluginRunner -q 316cbb4c-ed42-424c-b8c0-41a48c7b408f -s -L /usr/rmt_share/genomics/westerm/xr00162_Morning-glory-1/000631_2RG1_201/log -l wt.f3.ma.file.merger.into.ma.file.plugin/wt.f3.ma.file.merger.into.ma.file.plugin.run-3.20110630211323013.log -j 3 wt.f3.ma.file.merger.into.ma.file.plugin.run /usr/rmt_share/genomics/westerm/xr00162_Morning-glory-1/000631_2RG1_201/wt.pe.f3.mapping.ini
30 Jun 2011 17:13:23,017  INFO [main] AnalysisJobManager:46 - Waiting for events on selector '316cbb4c-ed42-424c-b8c0-41a48c7b408f'
30 Jun 2011 17:16:30,495  INFO [main] AnalysisJobManager:118 - wt.f3.ma.file.merger.into.ma.file.plugin.run completed.
30 Jun 2011 17:16:30,496  INFO [main] AnalysisJobManager:63 - AnalysisJobManager.manageJobs() job.name=wt.f5.genomic.mapping.plugin.run; pluginId=wt.f5.genomic.mapping.plugin.run
30 Jun 2011 17:16:30,496  INFO [main] AnalysisJobManager:63 - AnalysisJobManager.manageJobs() job.name=wt.f5.filter.mapping.plugin.run; pluginId=wt.f5.filter.mapping.plugin.run
30 Jun 2011 17:16:30,497  INFO [main] ClusterPluginJobLauncher:187 - Spawned process for 'wt.f5.genomic.mapping.plugin.run'.
java_app.sh --memory 64 com.apldbio.aga.analysis.exec.PluginRunner -q 316cbb4c-ed42-424c-b8c0-41a48c7b408f -s -L /usr/rmt_share/genomics/westerm/xr00162_Morning-glory-1/000631_2RG1_201/log -l wt.f5.genomic.mapping.plugin/wt.f5.genomic.mapping.plugin.run-4.20110630211630497.log -j 4 wt.f5.genomic.mapping.plugin.run /usr/rmt_share/genomics/westerm/xr00162_Morning-glory-1/000631_2RG1_201/wt.pe.f5.mapping.ini
30 Jun 2011 17:16:30,504  INFO [main] ClusterPluginJobLauncher:187 - Spawned process for 'wt.f5.filter.mapping.plugin.run'.
java_app.sh --memory 64 com.apldbio.aga.analysis.exec.PluginRunner -q 316cbb4c-ed42-424c-b8c0-41a48c7b408f -s -L /usr/rmt_share/genomics/westerm/xr00162_Morning-glory-1/000631_2RG1_201/log -l wt.f5.filter.mapping.plugin/wt.f5.filter.mapping.plugin.run-5.20110630211630498.log -j 5 wt.f5.filter.mapping.plugin.run /usr/rmt_share/genomics/westerm/xr00162_Morning-glory-1/000631_2RG1_201/wt.pe.f5.mapping.ini
30 Jun 2011 17:16:30,509  INFO [main] AnalysisJobManager:46 - Waiting for events on selector '316cbb4c-ed42-424c-b8c0-41a48c7b408f'
30 Jun 2011 17:30:56,384  INFO [main] AnalysisJobManager:118 - wt.f5.filter.mapping.plugin.run completed.
30 Jun 2011 17:30:56,385  INFO [main] AnalysisJobManager:46 - Waiting for events on selector '316cbb4c-ed42-424c-b8c0-41a48c7b408f'
30 Jun 2011 17:36:10,050  INFO [main] AnalysisJobManager:118 - wt.f5.genomic.mapping.plugin.run completed.
30 Jun 2011 17:36:10,050  INFO [main] AnalysisJobManager:63 - AnalysisJobManager.manageJobs() job.name=wt.f5.ma.file.merger.into.ma.file.plugin.run; pluginId=wt.f5.ma.file.merger.into.ma.file.plugin.run
30 Jun 2011 17:36:10,051  INFO [main] ClusterPluginJobLauncher:187 - Spawned process for 'wt.f5.ma.file.merger.into.ma.file.plugin.run'.
java_app.sh --memory 64 com.apldbio.aga.analysis.exec.PluginRunner -q 316cbb4c-ed42-424c-b8c0-41a48c7b408f -s -L /usr/rmt_share/genomics/westerm/xr00162_Morning-glory-1/000631_2RG1_201/log -l wt.f5.ma.file.merger.into.ma.file.plugin/wt.f5.ma.file.merger.into.ma.file.plugin.run-6.20110630213610051.log -j 6 wt.f5.ma.file.merger.into.ma.file.plugin.run /usr/rmt_share/genomics/westerm/xr00162_Morning-glory-1/000631_2RG1_201/wt.pe.f5.mapping.ini
30 Jun 2011 17:36:10,052  INFO [main] AnalysisJobManager:46 - Waiting for events on selector '316cbb4c-ed42-424c-b8c0-41a48c7b408f'
30 Jun 2011 17:39:13,848  INFO [main] AnalysisJobManager:118 - wt.f5.ma.file.merger.into.ma.file.plugin.run completed.
30 Jun 2011 17:39:13,849  INFO [main] AnalysisJobManager:63 - AnalysisJobManager.manageJobs() job.name=wt.f3.exon.table.rescue.plugin.run; pluginId=wt.f3.exon.table.rescue.plugin.run
30 Jun 2011 17:39:13,858  INFO [main] ClusterPluginJobLauncher:103 - fillinJob() ClusterJob ppn=1
30 Jun 2011 17:39:14,045  INFO [main] ClusterPluginJobLauncher:195 - SUBMIT SCRIPT>>>>#!/bin/bash
##Use user environment Variable
#PBS -V
## Job name
## Purdue mod ... was #PBS -N BioScope_wt.f3.exon.table.rescue.plugin.run_7
#PBS -N Bgin.run_7
## Declare job re-runnable
#PBS -r y
## Output files
#PBS -o '/usr/rmt_share/genomics/westerm/xr00162_Morning-glory-1/000631_2RG1_201/log/TORQUE/wt.f3.exon.table.rescue.plugin/wt.f3.exon.table.rescue.plugin.run-7.20110630213913856.log'
#PBS -j oe

## Queue name
#PBS -q mgribsko
## User nameA
## Purdue deletion was ...  #PBS -u westerm

## Resources
#PBS -l walltime=96:00:00,nodes=1:ppn=1,mem=4gb



##all files to be group writable
#PBS -W umask=002

# Log Job Info for debugging
date '+TS[START]: %Y-%m-%d %k:%M:%S.%N'
echo StartTime is `date`
#echo Working directory is $PBS_O_WORKDIR
#cd $PBS_O_WORKDIR
echo Directory is `pwd`
echo Running on host $PBS_O_HOST / `hostname`
echo Job $PBS_O_JOBID - $PBS_JOBNAME in Queue $PBS_QUEUE
## Purdue ... need newline at end of file?
## Force all files to be group writable
umask 0002

unset DISPLAY

	export BIOSCOPEROOT=/scratch/genomics/bioscope/bioscope-coates
# Note, if bioscoperoot is not set above, this will run the
# system script in /etc/profile.d/bioscope_profile.sh
# following lines has freeMarker specific syntax
if [[ -f ${BIOSCOPEROOT}/etc/profile.d/bioscope_profile.sh ]]; then
    ${BIOSCOPEROOT}/etc/profile.d/bioscope_profile.sh
fi

echo BIOSCOPEROOT=$BIOSCOPEROOT

set -x


##==== PRE =========================================================

cd /usr/rmt_share/genomics/westerm/xr00162_Morning-glory-1/000631_2RG1_201

##==================================================================
date '+TS[JOB_START]: %Y-%m-%d %k:%M:%S.%N'
set +e
## =============== COMMAND IS RUN HERE! =============================
java_app.sh --memory 4000 com.apldbio.aga.analysis.exec.PluginRunner -q 316cbb4c-ed42-424c-b8c0-41a48c7b408f -L /usr/rmt_share/genomics/westerm/xr00162_Morning-glory-1/000631_2RG1_201/log -l wt.f3.exon.table.rescue.plugin/wt.f3.exon.table.rescue.plugin.run-7.20110630213913849.log -j 7 wt.f3.exon.table.rescue.plugin.run /usr/rmt_share/genomics/westerm/xr00162_Morning-glory-1/000631_2RG1_201/wt.pe.f3.rescue.ini
## Save exit status
RETVAL=$?
set -e
date '+TS[JOB_END]: %Y-%m-%d %k:%M:%S.%N'
##==== POST ========================================================

##==================================================================

set +x



echo EndTime is `date`
date '+TS[END]: %Y-%m-%d %k:%M:%S.%N'

# return the executed command's exit status
exit $RETVAL

30 Jun 2011 17:39:14,130  INFO [main] ClusterPluginJobLauncher:199 - Submitted job wt.f3.exon.table.rescue.plugin.run with Id '7' for 'wt.f3.exon.table.rescue.plugin.run'
30 Jun 2011 17:39:14,130  INFO [main] AnalysisJobManager:46 - Waiting for events on selector '316cbb4c-ed42-424c-b8c0-41a48c7b408f'
30 Jun 2011 17:44:31,115  INFO [main] AnalysisJobManager:118 - wt.f3.exon.table.rescue.plugin.run completed.
30 Jun 2011 17:44:31,116  INFO [main] AnalysisJobManager:63 - AnalysisJobManager.manageJobs() job.name=wt.f3.rescue.ma.file.merger.into.ma.file.plugin.run; pluginId=wt.f3.rescue.ma.file.merger.into.ma.file.plugin.run
30 Jun 2011 17:44:31,124  INFO [main] ClusterPluginJobLauncher:187 - Spawned process for 'wt.f3.rescue.ma.file.merger.into.ma.file.plugin.run'.
java_app.sh --memory 64 com.apldbio.aga.analysis.exec.PluginRunner -q 316cbb4c-ed42-424c-b8c0-41a48c7b408f -s -L /usr/rmt_share/genomics/westerm/xr00162_Morning-glory-1/000631_2RG1_201/log -l wt.f3.rescue.ma.file.merger.into.ma.file.plugin/wt.f3.rescue.ma.file.merger.into.ma.file.plugin.run-8.20110630214431123.log -j 8 wt.f3.rescue.ma.file.merger.into.ma.file.plugin.run /usr/rmt_share/genomics/westerm/xr00162_Morning-glory-1/000631_2RG1_201/wt.pe.f3.rescue.ini
30 Jun 2011 17:44:31,124  INFO [main] AnalysisJobManager:46 - Waiting for events on selector '316cbb4c-ed42-424c-b8c0-41a48c7b408f'
30 Jun 2011 17:46:49,898  INFO [main] AnalysisJobManager:118 - wt.f3.rescue.ma.file.merger.into.ma.file.plugin.run completed.
30 Jun 2011 17:46:49,898  INFO [main] AnalysisJobManager:63 - AnalysisJobManager.manageJobs() job.name=wt.f5.exon.table.rescue.plugin.run; pluginId=wt.f5.exon.table.rescue.plugin.run
30 Jun 2011 17:46:49,901  INFO [main] ClusterPluginJobLauncher:103 - fillinJob() ClusterJob ppn=1
30 Jun 2011 17:46:49,902  INFO [main] ClusterPluginJobLauncher:195 - SUBMIT SCRIPT>>>>#!/bin/bash
##Use user environment Variable
#PBS -V
## Job name
## Purdue mod ... was #PBS -N BioScope_wt.f5.exon.table.rescue.plugin.run_9
#PBS -N Bgin.run_9
## Declare job re-runnable
#PBS -r y
## Output files
#PBS -o '/usr/rmt_share/genomics/westerm/xr00162_Morning-glory-1/000631_2RG1_201/log/TORQUE/wt.f5.exon.table.rescue.plugin/wt.f5.exon.table.rescue.plugin.run-9.20110630214649900.log'
#PBS -j oe

## Queue name
#PBS -q mgribsko
## User nameA
## Purdue deletion was ...  #PBS -u westerm

## Resources
#PBS -l walltime=96:00:00,nodes=1:ppn=1,mem=4gb



##all files to be group writable
#PBS -W umask=002

# Log Job Info for debugging
date '+TS[START]: %Y-%m-%d %k:%M:%S.%N'
echo StartTime is `date`
#echo Working directory is $PBS_O_WORKDIR
#cd $PBS_O_WORKDIR
echo Directory is `pwd`
echo Running on host $PBS_O_HOST / `hostname`
echo Job $PBS_O_JOBID - $PBS_JOBNAME in Queue $PBS_QUEUE
## Purdue ... need newline at end of file?
## Force all files to be group writable
umask 0002

unset DISPLAY

	export BIOSCOPEROOT=/scratch/genomics/bioscope/bioscope-coates
# Note, if bioscoperoot is not set above, this will run the
# system script in /etc/profile.d/bioscope_profile.sh
# following lines has freeMarker specific syntax
if [[ -f ${BIOSCOPEROOT}/etc/profile.d/bioscope_profile.sh ]]; then
    ${BIOSCOPEROOT}/etc/profile.d/bioscope_profile.sh
fi

echo BIOSCOPEROOT=$BIOSCOPEROOT

set -x


##==== PRE =========================================================

cd /usr/rmt_share/genomics/westerm/xr00162_Morning-glory-1/000631_2RG1_201

##==================================================================
date '+TS[JOB_START]: %Y-%m-%d %k:%M:%S.%N'
set +e
## =============== COMMAND IS RUN HERE! =============================
java_app.sh --memory 4000 com.apldbio.aga.analysis.exec.PluginRunner -q 316cbb4c-ed42-424c-b8c0-41a48c7b408f -L /usr/rmt_share/genomics/westerm/xr00162_Morning-glory-1/000631_2RG1_201/log -l wt.f5.exon.table.rescue.plugin/wt.f5.exon.table.rescue.plugin.run-9.20110630214649899.log -j 9 wt.f5.exon.table.rescue.plugin.run /usr/rmt_share/genomics/westerm/xr00162_Morning-glory-1/000631_2RG1_201/wt.pe.f5.rescue.ini
## Save exit status
RETVAL=$?
set -e
date '+TS[JOB_END]: %Y-%m-%d %k:%M:%S.%N'
##==== POST ========================================================

##==================================================================

set +x



echo EndTime is `date`
date '+TS[END]: %Y-%m-%d %k:%M:%S.%N'

# return the executed command's exit status
exit $RETVAL

30 Jun 2011 17:46:49,979  INFO [main] ClusterPluginJobLauncher:199 - Submitted job wt.f5.exon.table.rescue.plugin.run with Id '9' for 'wt.f5.exon.table.rescue.plugin.run'
30 Jun 2011 17:46:49,979  INFO [main] AnalysisJobManager:46 - Waiting for events on selector '316cbb4c-ed42-424c-b8c0-41a48c7b408f'
30 Jun 2011 17:51:31,301  INFO [main] AnalysisJobManager:118 - wt.f5.exon.table.rescue.plugin.run completed.
30 Jun 2011 17:51:31,301  INFO [main] AnalysisJobManager:63 - AnalysisJobManager.manageJobs() job.name=wt.f5.rescue.ma.file.merger.into.ma.file.plugin.run; pluginId=wt.f5.rescue.ma.file.merger.into.ma.file.plugin.run
30 Jun 2011 17:51:31,302  INFO [main] ClusterPluginJobLauncher:187 - Spawned process for 'wt.f5.rescue.ma.file.merger.into.ma.file.plugin.run'.
java_app.sh --memory 64 com.apldbio.aga.analysis.exec.PluginRunner -q 316cbb4c-ed42-424c-b8c0-41a48c7b408f -s -L /usr/rmt_share/genomics/westerm/xr00162_Morning-glory-1/000631_2RG1_201/log -l wt.f5.rescue.ma.file.merger.into.ma.file.plugin/wt.f5.rescue.ma.file.merger.into.ma.file.plugin.run-10.20110630215131301.log -j 10 wt.f5.rescue.ma.file.merger.into.ma.file.plugin.run /usr/rmt_share/genomics/westerm/xr00162_Morning-glory-1/000631_2RG1_201/wt.pe.f5.rescue.ini
30 Jun 2011 17:51:31,302  INFO [main] AnalysisJobManager:46 - Waiting for events on selector '316cbb4c-ed42-424c-b8c0-41a48c7b408f'
30 Jun 2011 17:56:45,086  INFO [main] AnalysisJobManager:118 - wt.f5.rescue.ma.file.merger.into.ma.file.plugin.run completed.
30 Jun 2011 17:56:45,086  INFO [main] AnalysisJobManager:63 - AnalysisJobManager.manageJobs() job.name=pairing.wt.run; pluginId=pairing.wt.run
30 Jun 2011 17:56:45,087  INFO [main] ClusterPluginJobLauncher:187 - Spawned process for 'pairing.wt.run'.
java_app.sh --memory 64 com.apldbio.aga.analysis.exec.PluginRunner -q 316cbb4c-ed42-424c-b8c0-41a48c7b408f -s -L /usr/rmt_share/genomics/westerm/xr00162_Morning-glory-1/000631_2RG1_201/log -l pairing.wt/pairing.wt.run-11.20110630215645086.log -j 11 pairing.wt.run /usr/rmt_share/genomics/westerm/xr00162_Morning-glory-1/000631_2RG1_201/wt.pe.pairing.ini
30 Jun 2011 17:56:45,087  INFO [main] AnalysisJobManager:46 - Waiting for events on selector '316cbb4c-ed42-424c-b8c0-41a48c7b408f'
30 Jun 2011 17:56:46,351  INFO [main] AnalysisJobManager:160 - 11: WARNING:  Value for key 'insert.start' may not be less than 35, using 35.
30 Jun 2011 17:57:30,958  INFO [main] AnalysisJobManager:160 - 11.1: WARNING:  Value for key 'insert.start' may not be less than 35, using 35.
30 Jun 2011 17:57:30,973  INFO [main] AnalysisJobManager:160 - 11.1: Creating (or finding) mapping indexes.
30 Jun 2011 17:57:51,334  INFO [main] AnalysisJobManager:160 - 11.1: Counting panels.
30 Jun 2011 17:57:51,344  INFO [main] AnalysisJobManager:160 - 11.1: Grouping panels for 24 jobs.
30 Jun 2011 17:57:51,611  INFO [main] AnalysisJobManager:160 - 11: Panel grouping finished.
30 Jun 2011 17:57:56,827  INFO [main] AnalysisJobManager:160 - 11.2: WARNING:  Value for key 'insert.start' may not be less than 35, using 35.
30 Jun 2011 17:57:56,860  INFO [main] AnalysisJobManager:160 - 11.2: Starting distribute quality values
30 Jun 2011 17:57:57,920  INFO [main] AnalysisJobManager:160 - 11.3: Starting main pairing run for panels 0-18
30 Jun 2011 17:57:59,220  INFO [main] AnalysisJobManager:160 - 11.4: Starting main pairing run for panels 19-36
30 Jun 2011 17:58:00,748  INFO [main] AnalysisJobManager:160 - 11.5: Starting main pairing run for panels 37-54
30 Jun 2011 17:58:01,431  INFO [main] AnalysisJobManager:160 - 11.6: Starting main pairing run for panels 55-72
30 Jun 2011 17:58:02,532  INFO [main] AnalysisJobManager:160 - 11.7: Starting main pairing run for panels 73-90
30 Jun 2011 17:58:04,879  INFO [main] AnalysisJobManager:160 - 11.8: Starting main pairing run for panels 91-108
30 Jun 2011 17:58:05,132  INFO [main] AnalysisJobManager:160 - 11.3: Finished main pairing run for panels 0-18
30 Jun 2011 17:58:07,151  INFO [main] AnalysisJobManager:160 - 11.9: Starting main pairing run for panels 109-126
30 Jun 2011 17:58:07,964  INFO [main] AnalysisJobManager:160 - 11.5: Finished main pairing run for panels 37-54
30 Jun 2011 17:58:08,541  INFO [main] AnalysisJobManager:160 - 11.10: Starting main pairing run for panels 127-144
30 Jun 2011 17:58:10,077  INFO [main] AnalysisJobManager:160 - 11.4: Finished main pairing run for panels 19-36
30 Jun 2011 17:58:10,455  INFO [main] AnalysisJobManager:160 - 11.11: Starting main pairing run for panels 145-163
30 Jun 2011 17:58:10,531  INFO [main] AnalysisJobManager:160 - 11.12: Starting main pairing run for panels 164-181
30 Jun 2011 17:58:10,625  INFO [main] AnalysisJobManager:160 - 11.13: Starting main pairing run for panels 182-199
30 Jun 2011 17:58:10,754  INFO [main] AnalysisJobManager:160 - 11.6: Finished main pairing run for panels 55-72
30 Jun 2011 17:58:12,340  INFO [main] AnalysisJobManager:160 - 11.14: Starting main pairing run for panels 200-217
30 Jun 2011 17:58:13,182  INFO [main] AnalysisJobManager:160 - 11.7: Finished main pairing run for panels 73-90
30 Jun 2011 17:58:13,744  INFO [main] AnalysisJobManager:160 - 11.8: Finished main pairing run for panels 91-108
30 Jun 2011 17:58:13,798  INFO [main] AnalysisJobManager:160 - 11.15: Starting main pairing run for panels 218-235
30 Jun 2011 17:58:14,321  INFO [main] AnalysisJobManager:160 - 11.16: Starting main pairing run for panels 236-253
30 Jun 2011 17:58:15,657  INFO [main] AnalysisJobManager:160 - 11.17: Starting main pairing run for panels 254-271
30 Jun 2011 17:58:15,978  INFO [main] AnalysisJobManager:160 - 11.9: Finished main pairing run for panels 109-126
30 Jun 2011 17:58:16,874  INFO [main] AnalysisJobManager:160 - 11.18: Starting main pairing run for panels 272-289
30 Jun 2011 17:58:18,438  INFO [main] AnalysisJobManager:160 - 11.11: Finished main pairing run for panels 145-163
30 Jun 2011 17:58:18,669  INFO [main] AnalysisJobManager:160 - 11.19: Starting main pairing run for panels 290-307
30 Jun 2011 17:58:19,276  INFO [main] AnalysisJobManager:160 - 11.14: Finished main pairing run for panels 200-217
30 Jun 2011 17:58:19,277  INFO [main] AnalysisJobManager:160 - 11.10: Finished main pairing run for panels 127-144
30 Jun 2011 17:58:20,074  INFO [main] AnalysisJobManager:160 - 11.20: Starting main pairing run for panels 308-324
30 Jun 2011 17:58:20,145  INFO [main] AnalysisJobManager:160 - 11.12: Finished main pairing run for panels 164-181
30 Jun 2011 17:58:20,147  INFO [main] AnalysisJobManager:160 - 11.13: Finished main pairing run for panels 182-199
30 Jun 2011 17:58:20,599  INFO [main] AnalysisJobManager:160 - 11.21: Starting main pairing run for panels 325-341
30 Jun 2011 17:58:22,460  INFO [main] AnalysisJobManager:160 - 11.22: Starting main pairing run for panels 342-358
30 Jun 2011 17:58:23,281  INFO [main] AnalysisJobManager:160 - 11.23: Starting main pairing run for panels 359-375
30 Jun 2011 17:58:24,054  INFO [main] AnalysisJobManager:160 - 11.24: Starting main pairing run for panels 376-392
30 Jun 2011 17:58:24,305  INFO [main] AnalysisJobManager:160 - 11.17: Finished main pairing run for panels 254-271
30 Jun 2011 17:58:24,347  INFO [main] AnalysisJobManager:160 - 11.15: Finished main pairing run for panels 218-235
30 Jun 2011 17:58:25,505  INFO [main] AnalysisJobManager:160 - 11.25: Starting main pairing run for panels 393-409
30 Jun 2011 17:58:27,302  INFO [main] AnalysisJobManager:160 - 11.16: Finished main pairing run for panels 236-253
30 Jun 2011 17:58:27,592  INFO [main] AnalysisJobManager:160 - 11.26: Starting main pairing run for panels 410-99999999
30 Jun 2011 17:58:28,662  INFO [main] AnalysisJobManager:160 - 11.18: Finished main pairing run for panels 272-289
30 Jun 2011 17:58:28,843  INFO [main] AnalysisJobManager:160 - 11.20: Finished main pairing run for panels 308-324
30 Jun 2011 17:58:29,308  INFO [main] AnalysisJobManager:160 - 11.19: Finished main pairing run for panels 290-307
30 Jun 2011 17:58:30,547  INFO [main] AnalysisJobManager:160 - 11.21: Finished main pairing run for panels 325-341
30 Jun 2011 17:58:32,935  INFO [main] AnalysisJobManager:160 - 11.23: Finished main pairing run for panels 359-375
30 Jun 2011 17:58:34,835  INFO [main] AnalysisJobManager:160 - 11.22: Finished main pairing run for panels 342-358
30 Jun 2011 17:58:34,903  INFO [main] AnalysisJobManager:160 - 11.24: Finished main pairing run for panels 376-392
30 Jun 2011 17:58:35,030  INFO [main] AnalysisJobManager:160 - 11.26: Finished main pairing run for panels 410-99999999
30 Jun 2011 17:58:35,334  INFO [main] AnalysisJobManager:160 - 11.25: Finished main pairing run for panels 393-409
30 Jun 2011 17:58:35,339  INFO [main] AnalysisJobManager:160 - 11: Main pairing run finished.
30 Jun 2011 18:03:55,097  INFO [main] AnalysisJobManager:160 - 11.2: Finished distributing quality values
30 Jun 2011 18:07:17,548  INFO [main] AnalysisJobManager:160 - 11.27: Started creating bam files for panels 0-18
30 Jun 2011 18:07:17,565  INFO [main] AnalysisJobManager:160 - 11.27: Starting making BAM file for directory /usr/rmt_share/genomics/westerm/xr00162_Morning-glory-1/000631_2RG1_201/temp/pairing.wt-11/temp.01
30 Jun 2011 18:07:30,809  INFO [main] AnalysisJobManager:160 - 11.28: Started creating bam files for panels 19-36
30 Jun 2011 18:07:30,829  INFO [main] AnalysisJobManager:160 - 11.28: Starting making BAM file for directory /usr/rmt_share/genomics/westerm/xr00162_Morning-glory-1/000631_2RG1_201/temp/pairing.wt-11/temp.02
30 Jun 2011 18:07:48,572  INFO [main] AnalysisJobManager:160 - 11.27: Started sort of BAM file for directory /usr/rmt_share/genomics/westerm/xr00162_Morning-glory-1/000631_2RG1_201/temp/pairing.wt-11/temp.01
30 Jun 2011 18:07:48,769  INFO [main] AnalysisJobManager:160 - 11.29: Started creating bam files for panels 37-54
30 Jun 2011 18:07:48,796  INFO [main] AnalysisJobManager:160 - 11.29: Starting making BAM file for directory /usr/rmt_share/genomics/westerm/xr00162_Morning-glory-1/000631_2RG1_201/temp/pairing.wt-11/temp.03
30 Jun 2011 18:07:51,935  INFO [main] AnalysisJobManager:160 - 11.30: Started creating bam files for panels 55-72
30 Jun 2011 18:07:51,956  INFO [main] AnalysisJobManager:160 - 11.30: Starting making BAM file for directory /usr/rmt_share/genomics/westerm/xr00162_Morning-glory-1/000631_2RG1_201/temp/pairing.wt-11/temp.04
30 Jun 2011 18:08:07,345  INFO [main] AnalysisJobManager:160 - 11.31: Started creating bam files for panels 73-90
30 Jun 2011 18:08:07,364  INFO [main] AnalysisJobManager:160 - 11.31: Starting making BAM file for directory /usr/rmt_share/genomics/westerm/xr00162_Morning-glory-1/000631_2RG1_201/temp/pairing.wt-11/temp.05
30 Jun 2011 18:08:13,157  INFO [main] AnalysisJobManager:160 - 11.32: Started creating bam files for panels 91-108
30 Jun 2011 18:08:13,177  INFO [main] AnalysisJobManager:160 - 11.32: Starting making BAM file for directory /usr/rmt_share/genomics/westerm/xr00162_Morning-glory-1/000631_2RG1_201/temp/pairing.wt-11/temp.06
30 Jun 2011 18:08:13,831  INFO [main] AnalysisJobManager:160 - 11.28: Started sort of BAM file for directory /usr/rmt_share/genomics/westerm/xr00162_Morning-glory-1/000631_2RG1_201/temp/pairing.wt-11/temp.02
30 Jun 2011 18:08:16,850  INFO [main] AnalysisJobManager:160 - 11.27: Started annotation of BAM file for directory /usr/rmt_share/genomics/westerm/xr00162_Morning-glory-1/000631_2RG1_201/temp/pairing.wt-11/temp.01
30 Jun 2011 18:08:22,151  INFO [main] AnalysisJobManager:160 - 11.29: Started sort of BAM file for directory /usr/rmt_share/genomics/westerm/xr00162_Morning-glory-1/000631_2RG1_201/temp/pairing.wt-11/temp.03
30 Jun 2011 18:08:25,683  INFO [main] AnalysisJobManager:160 - 11.33: Started creating bam files for panels 109-126
30 Jun 2011 18:08:25,703  INFO [main] AnalysisJobManager:160 - 11.33: Starting making BAM file for directory /usr/rmt_share/genomics/westerm/xr00162_Morning-glory-1/000631_2RG1_201/temp/pairing.wt-11/temp.07
30 Jun 2011 18:08:31,351  INFO [main] AnalysisJobManager:160 - 11.34: Started creating bam files for panels 127-144
30 Jun 2011 18:08:31,352  INFO [main] AnalysisJobManager:160 - 11.30: Started sort of BAM file for directory /usr/rmt_share/genomics/westerm/xr00162_Morning-glory-1/000631_2RG1_201/temp/pairing.wt-11/temp.04
30 Jun 2011 18:08:31,373  INFO [main] AnalysisJobManager:160 - 11.34: Starting making BAM file for directory /usr/rmt_share/genomics/westerm/xr00162_Morning-glory-1/000631_2RG1_201/temp/pairing.wt-11/temp.08
30 Jun 2011 18:08:38,333  INFO [main] AnalysisJobManager:160 - 11.35: Started creating bam files for panels 145-163
30 Jun 2011 18:08:38,368  INFO [main] AnalysisJobManager:160 - 11.35: Starting making BAM file for directory /usr/rmt_share/genomics/westerm/xr00162_Morning-glory-1/000631_2RG1_201/temp/pairing.wt-11/temp.09
30 Jun 2011 18:08:42,394  INFO [main] AnalysisJobManager:160 - 11.36: Started creating bam files for panels 164-181
30 Jun 2011 18:08:42,413  INFO [main] AnalysisJobManager:160 - 11.36: Starting making BAM file for directory /usr/rmt_share/genomics/westerm/xr00162_Morning-glory-1/000631_2RG1_201/temp/pairing.wt-11/temp.10
30 Jun 2011 18:08:42,578  INFO [main] AnalysisJobManager:160 - 11.28: Started annotation of BAM file for directory /usr/rmt_share/genomics/westerm/xr00162_Morning-glory-1/000631_2RG1_201/temp/pairing.wt-11/temp.02
30 Jun 2011 18:08:44,305  INFO [main] AnalysisJobManager:160 - 11.32: Started sort of BAM file for directory /usr/rmt_share/genomics/westerm/xr00162_Morning-glory-1/000631_2RG1_201/temp/pairing.wt-11/temp.06
30 Jun 2011 18:08:46,381  INFO [main] AnalysisJobManager:160 - 11.27: Finished making of BAM file for directory /usr/rmt_share/genomics/westerm/xr00162_Morning-glory-1/000631_2RG1_201/temp/pairing.wt-11/temp.01
30 Jun 2011 18:08:46,396  INFO [main] AnalysisJobManager:160 - 11.27: Finished creating bam files for panels 0-18
30 Jun 2011 18:08:47,280  INFO [main] AnalysisJobManager:160 - 11.31: Started sort of BAM file for directory /usr/rmt_share/genomics/westerm/xr00162_Morning-glory-1/000631_2RG1_201/temp/pairing.wt-11/temp.05
30 Jun 2011 18:08:47,551  INFO [main] AnalysisJobManager:160 - 11.37: Started creating bam files for panels 182-199
30 Jun 2011 18:08:47,572  INFO [main] AnalysisJobManager:160 - 11.37: Starting making BAM file for directory /usr/rmt_share/genomics/westerm/xr00162_Morning-glory-1/000631_2RG1_201/temp/pairing.wt-11/temp.11
30 Jun 2011 18:08:51,985  INFO [main] AnalysisJobManager:160 - 11.29: Started annotation of BAM file for directory /usr/rmt_share/genomics/westerm/xr00162_Morning-glory-1/000631_2RG1_201/temp/pairing.wt-11/temp.03
30 Jun 2011 18:09:01,474  INFO [main] AnalysisJobManager:160 - 11.30: Started annotation of BAM file for directory /usr/rmt_share/genomics/westerm/xr00162_Morning-glory-1/000631_2RG1_201/temp/pairing.wt-11/temp.04
30 Jun 2011 18:09:04,159  INFO [main] AnalysisJobManager:160 - 11.38: Started creating bam files for panels 200-217
30 Jun 2011 18:09:04,209  INFO [main] AnalysisJobManager:160 - 11.38: Starting making BAM file for directory /usr/rmt_share/genomics/westerm/xr00162_Morning-glory-1/000631_2RG1_201/temp/pairing.wt-11/temp.12
30 Jun 2011 18:09:07,361  INFO [main] AnalysisJobManager:160 - 11.39: Started creating bam files for panels 218-235
30 Jun 2011 18:09:07,380  INFO [main] AnalysisJobManager:160 - 11.39: Starting making BAM file for directory /usr/rmt_share/genomics/westerm/xr00162_Morning-glory-1/000631_2RG1_201/temp/pairing.wt-11/temp.13
30 Jun 2011 18:09:07,964  INFO [main] AnalysisJobManager:160 - 11.32: Started annotation of BAM file for directory /usr/rmt_share/genomics/westerm/xr00162_Morning-glory-1/000631_2RG1_201/temp/pairing.wt-11/temp.06
30 Jun 2011 18:09:09,581  INFO [main] AnalysisJobManager:160 - 11.33: Started sort of BAM file for directory /usr/rmt_share/genomics/westerm/xr00162_Morning-glory-1/000631_2RG1_201/temp/pairing.wt-11/temp.07
30 Jun 2011 18:09:10,733  INFO [main] AnalysisJobManager:160 - 11.40: Started creating bam files for panels 236-253
30 Jun 2011 18:09:10,754  INFO [main] AnalysisJobManager:160 - 11.40: Starting making BAM file for directory /usr/rmt_share/genomics/westerm/xr00162_Morning-glory-1/000631_2RG1_201/temp/pairing.wt-11/temp.14
30 Jun 2011 18:09:11,708  INFO [main] AnalysisJobManager:160 - 11.35: Started sort of BAM file for directory /usr/rmt_share/genomics/westerm/xr00162_Morning-glory-1/000631_2RG1_201/temp/pairing.wt-11/temp.09
30 Jun 2011 18:09:13,620  INFO [main] AnalysisJobManager:160 - 11.41: Started creating bam files for panels 254-271
30 Jun 2011 18:09:13,647  INFO [main] AnalysisJobManager:160 - 11.41: Starting making BAM file for directory /usr/rmt_share/genomics/westerm/xr00162_Morning-glory-1/000631_2RG1_201/temp/pairing.wt-11/temp.15
30 Jun 2011 18:09:14,858  INFO [main] AnalysisJobManager:160 - 11.42: Started creating bam files for panels 272-289
30 Jun 2011 18:09:14,876  INFO [main] AnalysisJobManager:160 - 11.42: Starting making BAM file for directory /usr/rmt_share/genomics/westerm/xr00162_Morning-glory-1/000631_2RG1_201/temp/pairing.wt-11/temp.16
30 Jun 2011 18:09:15,636  INFO [main] AnalysisJobManager:160 - 11.31: Started annotation of BAM file for directory /usr/rmt_share/genomics/westerm/xr00162_Morning-glory-1/000631_2RG1_201/temp/pairing.wt-11/temp.05
30 Jun 2011 18:09:16,048  INFO [main] AnalysisJobManager:160 - 11.43: Started creating bam files for panels 290-307
30 Jun 2011 18:09:16,068  INFO [main] AnalysisJobManager:160 - 11.43: Starting making BAM file for directory /usr/rmt_share/genomics/westerm/xr00162_Morning-glory-1/000631_2RG1_201/temp/pairing.wt-11/temp.17
30 Jun 2011 18:09:16,650  INFO [main] AnalysisJobManager:160 - 11.28: Finished making of BAM file for directory /usr/rmt_share/genomics/westerm/xr00162_Morning-glory-1/000631_2RG1_201/temp/pairing.wt-11/temp.02
30 Jun 2011 18:09:16,654  INFO [main] AnalysisJobManager:160 - 11.28: Finished creating bam files for panels 19-36
30 Jun 2011 18:09:16,802  INFO [main] AnalysisJobManager:160 - 11.44: Started creating bam files for panels 308-324
30 Jun 2011 18:09:16,823  INFO [main] AnalysisJobManager:160 - 11.44: Starting making BAM file for directory /usr/rmt_share/genomics/westerm/xr00162_Morning-glory-1/000631_2RG1_201/temp/pairing.wt-11/temp.18
30 Jun 2011 18:09:18,200  INFO [main] AnalysisJobManager:160 - 11.45: Started creating bam files for panels 325-341
30 Jun 2011 18:09:18,219  INFO [main] AnalysisJobManager:160 - 11.45: Starting making BAM file for directory /usr/rmt_share/genomics/westerm/xr00162_Morning-glory-1/000631_2RG1_201/temp/pairing.wt-11/temp.19
30 Jun 2011 18:09:18,980  INFO [main] AnalysisJobManager:160 - 11.46: Started creating bam files for panels 342-358
30 Jun 2011 18:09:19,001  INFO [main] AnalysisJobManager:160 - 11.46: Starting making BAM file for directory /usr/rmt_share/genomics/westerm/xr00162_Morning-glory-1/000631_2RG1_201/temp/pairing.wt-11/temp.20
30 Jun 2011 18:09:20,265  INFO [main] AnalysisJobManager:160 - 11.47: Started creating bam files for panels 359-375
30 Jun 2011 18:09:20,283  INFO [main] AnalysisJobManager:160 - 11.47: Starting making BAM file for directory /usr/rmt_share/genomics/westerm/xr00162_Morning-glory-1/000631_2RG1_201/temp/pairing.wt-11/temp.21
30 Jun 2011 18:09:21,495  INFO [main] AnalysisJobManager:160 - 11.48: Started creating bam files for panels 376-392
30 Jun 2011 18:09:21,522  INFO [main] AnalysisJobManager:160 - 11.48: Starting making BAM file for directory /usr/rmt_share/genomics/westerm/xr00162_Morning-glory-1/000631_2RG1_201/temp/pairing.wt-11/temp.22
30 Jun 2011 18:09:21,705  INFO [main] AnalysisJobManager:160 - 11.34: Started sort of BAM file for directory /usr/rmt_share/genomics/westerm/xr00162_Morning-glory-1/000631_2RG1_201/temp/pairing.wt-11/temp.08
30 Jun 2011 18:09:22,300  INFO [main] AnalysisJobManager:160 - 11.29: Finished making of BAM file for directory /usr/rmt_share/genomics/westerm/xr00162_Morning-glory-1/000631_2RG1_201/temp/pairing.wt-11/temp.03
30 Jun 2011 18:09:22,304  INFO [main] AnalysisJobManager:160 - 11.29: Finished creating bam files for panels 37-54
30 Jun 2011 18:09:22,687  INFO [main] AnalysisJobManager:160 - 11.36: Started sort of BAM file for directory /usr/rmt_share/genomics/westerm/xr00162_Morning-glory-1/000631_2RG1_201/temp/pairing.wt-11/temp.10
30 Jun 2011 18:09:22,772  INFO [main] AnalysisJobManager:160 - 11.49: Started creating bam files for panels 393-409
30 Jun 2011 18:09:22,800  INFO [main] AnalysisJobManager:160 - 11.49: Starting making BAM file for directory /usr/rmt_share/genomics/westerm/xr00162_Morning-glory-1/000631_2RG1_201/temp/pairing.wt-11/temp.23
30 Jun 2011 18:09:23,719  INFO [main] AnalysisJobManager:160 - 11.50: Started creating bam files for panels 410-99999999
30 Jun 2011 18:09:23,740  INFO [main] AnalysisJobManager:160 - 11.50: Starting making BAM file for directory /usr/rmt_share/genomics/westerm/xr00162_Morning-glory-1/000631_2RG1_201/temp/pairing.wt-11/temp.24
30 Jun 2011 18:09:29,605  INFO [main] AnalysisJobManager:160 - 11.37: Started sort of BAM file for directory /usr/rmt_share/genomics/westerm/xr00162_Morning-glory-1/000631_2RG1_201/temp/pairing.wt-11/temp.11
30 Jun 2011 18:09:32,727  INFO [main] AnalysisJobManager:160 - 11.30: Finished making of BAM file for directory /usr/rmt_share/genomics/westerm/xr00162_Morning-glory-1/000631_2RG1_201/temp/pairing.wt-11/temp.04
30 Jun 2011 18:09:32,729  INFO [main] AnalysisJobManager:160 - 11.30: Finished creating bam files for panels 55-72
30 Jun 2011 18:09:36,127  INFO [main] AnalysisJobManager:160 - 11.35: Started annotation of BAM file for directory /usr/rmt_share/genomics/westerm/xr00162_Morning-glory-1/000631_2RG1_201/temp/pairing.wt-11/temp.09
30 Jun 2011 18:09:36,470  INFO [main] AnalysisJobManager:160 - 11.32: Finished making of BAM file for directory /usr/rmt_share/genomics/westerm/xr00162_Morning-glory-1/000631_2RG1_201/temp/pairing.wt-11/temp.06
30 Jun 2011 18:09:36,482  INFO [main] AnalysisJobManager:160 - 11.32: Finished creating bam files for panels 91-108
30 Jun 2011 18:09:38,292  INFO [main] AnalysisJobManager:160 - 11.38: Started sort of BAM file for directory /usr/rmt_share/genomics/westerm/xr00162_Morning-glory-1/000631_2RG1_201/temp/pairing.wt-11/temp.12
30 Jun 2011 18:09:43,395  INFO [main] AnalysisJobManager:160 - 11.33: Started annotation of BAM file for directory /usr/rmt_share/genomics/westerm/xr00162_Morning-glory-1/000631_2RG1_201/temp/pairing.wt-11/temp.07
30 Jun 2011 18:09:44,518  INFO [main] AnalysisJobManager:160 - 11.44: Started sort of BAM file for directory /usr/rmt_share/genomics/westerm/xr00162_Morning-glory-1/000631_2RG1_201/temp/pairing.wt-11/temp.18
30 Jun 2011 18:09:47,110  INFO [main] AnalysisJobManager:160 - 11.41: Started sort of BAM file for directory /usr/rmt_share/genomics/westerm/xr00162_Morning-glory-1/000631_2RG1_201/temp/pairing.wt-11/temp.15
30 Jun 2011 18:09:48,322  INFO [main] AnalysisJobManager:160 - 11.31: Finished making of BAM file for directory /usr/rmt_share/genomics/westerm/xr00162_Morning-glory-1/000631_2RG1_201/temp/pairing.wt-11/temp.05
30 Jun 2011 18:09:48,326  INFO [main] AnalysisJobManager:160 - 11.31: Finished creating bam files for panels 73-90
30 Jun 2011 18:09:49,969  INFO [main] AnalysisJobManager:160 - 11.39: Started sort of BAM file for directory /usr/rmt_share/genomics/westerm/xr00162_Morning-glory-1/000631_2RG1_201/temp/pairing.wt-11/temp.13
30 Jun 2011 18:09:50,806  INFO [main] AnalysisJobManager:160 - 11.50: Started sort of BAM file for directory /usr/rmt_share/genomics/westerm/xr00162_Morning-glory-1/000631_2RG1_201/temp/pairing.wt-11/temp.24
30 Jun 2011 18:09:52,314  INFO [main] AnalysisJobManager:160 - 11.36: Started annotation of BAM file for directory /usr/rmt_share/genomics/westerm/xr00162_Morning-glory-1/000631_2RG1_201/temp/pairing.wt-11/temp.10
30 Jun 2011 18:09:52,515  INFO [main] AnalysisJobManager:160 - 11.42: Started sort of BAM file for directory /usr/rmt_share/genomics/westerm/xr00162_Morning-glory-1/000631_2RG1_201/temp/pairing.wt-11/temp.16
30 Jun 2011 18:09:54,530  INFO [main] AnalysisJobManager:160 - 11.45: Started sort of BAM file for directory /usr/rmt_share/genomics/westerm/xr00162_Morning-glory-1/000631_2RG1_201/temp/pairing.wt-11/temp.19
30 Jun 2011 18:09:55,577  INFO [main] AnalysisJobManager:160 - 11.43: Started sort of BAM file for directory /usr/rmt_share/genomics/westerm/xr00162_Morning-glory-1/000631_2RG1_201/temp/pairing.wt-11/temp.17
30 Jun 2011 18:09:56,494  INFO [main] AnalysisJobManager:160 - 11.37: Started annotation of BAM file for directory /usr/rmt_share/genomics/westerm/xr00162_Morning-glory-1/000631_2RG1_201/temp/pairing.wt-11/temp.11
30 Jun 2011 18:09:58,354  INFO [main] AnalysisJobManager:160 - 11.47: Started sort of BAM file for directory /usr/rmt_share/genomics/westerm/xr00162_Morning-glory-1/000631_2RG1_201/temp/pairing.wt-11/temp.21
30 Jun 2011 18:09:58,456  INFO [main] AnalysisJobManager:160 - 11.48: Started sort of BAM file for directory /usr/rmt_share/genomics/westerm/xr00162_Morning-glory-1/000631_2RG1_201/temp/pairing.wt-11/temp.22
30 Jun 2011 18:09:58,469  INFO [main] AnalysisJobManager:160 - 11.34: Started annotation of BAM file for directory /usr/rmt_share/genomics/westerm/xr00162_Morning-glory-1/000631_2RG1_201/temp/pairing.wt-11/temp.08
30 Jun 2011 18:10:00,420  INFO [main] AnalysisJobManager:160 - 11.40: Started sort of BAM file for directory /usr/rmt_share/genomics/westerm/xr00162_Morning-glory-1/000631_2RG1_201/temp/pairing.wt-11/temp.14
30 Jun 2011 18:10:02,715  INFO [main] AnalysisJobManager:160 - 11.49: Started sort of BAM file for directory /usr/rmt_share/genomics/westerm/xr00162_Morning-glory-1/000631_2RG1_201/temp/pairing.wt-11/temp.23
30 Jun 2011 18:10:04,028  INFO [main] AnalysisJobManager:160 - 11.35: Finished making of BAM file for directory /usr/rmt_share/genomics/westerm/xr00162_Morning-glory-1/000631_2RG1_201/temp/pairing.wt-11/temp.09
30 Jun 2011 18:10:04,056  INFO [main] AnalysisJobManager:160 - 11.35: Finished creating bam files for panels 145-163
30 Jun 2011 18:10:05,002  INFO [main] AnalysisJobManager:160 - 11.46: Started sort of BAM file for directory /usr/rmt_share/genomics/westerm/xr00162_Morning-glory-1/000631_2RG1_201/temp/pairing.wt-11/temp.20
30 Jun 2011 18:10:06,920  INFO [main] AnalysisJobManager:160 - 11.50: Started annotation of BAM file for directory /usr/rmt_share/genomics/westerm/xr00162_Morning-glory-1/000631_2RG1_201/temp/pairing.wt-11/temp.24
30 Jun 2011 18:10:12,606  INFO [main] AnalysisJobManager:160 - 11.38: Started annotation of BAM file for directory /usr/rmt_share/genomics/westerm/xr00162_Morning-glory-1/000631_2RG1_201/temp/pairing.wt-11/temp.12
30 Jun 2011 18:10:13,257  INFO [main] AnalysisJobManager:160 - 11.44: Started annotation of BAM file for directory /usr/rmt_share/genomics/westerm/xr00162_Morning-glory-1/000631_2RG1_201/temp/pairing.wt-11/temp.18
30 Jun 2011 18:10:14,876  INFO [main] AnalysisJobManager:160 - 11.41: Started annotation of BAM file for directory /usr/rmt_share/genomics/westerm/xr00162_Morning-glory-1/000631_2RG1_201/temp/pairing.wt-11/temp.15
30 Jun 2011 18:10:22,675  INFO [main] AnalysisJobManager:160 - 11.33: Finished making of BAM file for directory /usr/rmt_share/genomics/westerm/xr00162_Morning-glory-1/000631_2RG1_201/temp/pairing.wt-11/temp.07
30 Jun 2011 18:10:22,726  INFO [main] AnalysisJobManager:160 - 11.33: Finished creating bam files for panels 109-126
30 Jun 2011 18:10:24,534  INFO [main] AnalysisJobManager:160 - 11.36: Finished making of BAM file for directory /usr/rmt_share/genomics/westerm/xr00162_Morning-glory-1/000631_2RG1_201/temp/pairing.wt-11/temp.10
30 Jun 2011 18:10:24,554  INFO [main] AnalysisJobManager:160 - 11.36: Finished creating bam files for panels 164-181
30 Jun 2011 18:10:24,568  INFO [main] AnalysisJobManager:160 - 11.42: Started annotation of BAM file for directory /usr/rmt_share/genomics/westerm/xr00162_Morning-glory-1/000631_2RG1_201/temp/pairing.wt-11/temp.16
30 Jun 2011 18:10:28,778  INFO [main] AnalysisJobManager:160 - 11.39: Started annotation of BAM file for directory /usr/rmt_share/genomics/westerm/xr00162_Morning-glory-1/000631_2RG1_201/temp/pairing.wt-11/temp.13
30 Jun 2011 18:10:29,457  INFO [main] AnalysisJobManager:160 - 11.45: Started annotation of BAM file for directory /usr/rmt_share/genomics/westerm/xr00162_Morning-glory-1/000631_2RG1_201/temp/pairing.wt-11/temp.19
30 Jun 2011 18:10:29,951  INFO [main] AnalysisJobManager:160 - 11.37: Finished making of BAM file for directory /usr/rmt_share/genomics/westerm/xr00162_Morning-glory-1/000631_2RG1_201/temp/pairing.wt-11/temp.11
30 Jun 2011 18:10:29,963  INFO [main] AnalysisJobManager:160 - 11.37: Finished creating bam files for panels 182-199
30 Jun 2011 18:10:29,985  INFO [main] AnalysisJobManager:160 - 11.48: Started annotation of BAM file for directory /usr/rmt_share/genomics/westerm/xr00162_Morning-glory-1/000631_2RG1_201/temp/pairing.wt-11/temp.22
30 Jun 2011 18:10:30,644  INFO [main] AnalysisJobManager:160 - 11.47: Started annotation of BAM file for directory /usr/rmt_share/genomics/westerm/xr00162_Morning-glory-1/000631_2RG1_201/temp/pairing.wt-11/temp.21
30 Jun 2011 18:10:31,209  INFO [main] AnalysisJobManager:160 - 11.43: Started annotation of BAM file for directory /usr/rmt_share/genomics/westerm/xr00162_Morning-glory-1/000631_2RG1_201/temp/pairing.wt-11/temp.17
30 Jun 2011 18:10:33,345  INFO [main] AnalysisJobManager:160 - 11.49: Started annotation of BAM file for directory /usr/rmt_share/genomics/westerm/xr00162_Morning-glory-1/000631_2RG1_201/temp/pairing.wt-11/temp.23
30 Jun 2011 18:10:33,864  INFO [main] AnalysisJobManager:160 - 11.50: Finished making of BAM file for directory /usr/rmt_share/genomics/westerm/xr00162_Morning-glory-1/000631_2RG1_201/temp/pairing.wt-11/temp.24
30 Jun 2011 18:10:33,873  INFO [main] AnalysisJobManager:160 - 11.50: Finished creating bam files for panels 410-99999999
30 Jun 2011 18:10:35,278  INFO [main] AnalysisJobManager:160 - 11.40: Started annotation of BAM file for directory /usr/rmt_share/genomics/westerm/xr00162_Morning-glory-1/000631_2RG1_201/temp/pairing.wt-11/temp.14
30 Jun 2011 18:10:39,429  INFO [main] AnalysisJobManager:160 - 11.46: Started annotation of BAM file for directory /usr/rmt_share/genomics/westerm/xr00162_Morning-glory-1/000631_2RG1_201/temp/pairing.wt-11/temp.20
30 Jun 2011 18:10:40,252  INFO [main] AnalysisJobManager:160 - 11.34: Finished making of BAM file for directory /usr/rmt_share/genomics/westerm/xr00162_Morning-glory-1/000631_2RG1_201/temp/pairing.wt-11/temp.08
30 Jun 2011 18:10:40,256  INFO [main] AnalysisJobManager:160 - 11.34: Finished creating bam files for panels 127-144
30 Jun 2011 18:10:43,015  INFO [main] AnalysisJobManager:160 - 11.44: Finished making of BAM file for directory /usr/rmt_share/genomics/westerm/xr00162_Morning-glory-1/000631_2RG1_201/temp/pairing.wt-11/temp.18
30 Jun 2011 18:10:43,025  INFO [main] AnalysisJobManager:160 - 11.44: Finished creating bam files for panels 308-324
30 Jun 2011 18:10:48,411  INFO [main] AnalysisJobManager:160 - 11.38: Finished making of BAM file for directory /usr/rmt_share/genomics/westerm/xr00162_Morning-glory-1/000631_2RG1_201/temp/pairing.wt-11/temp.12
30 Jun 2011 18:10:48,589  INFO [main] AnalysisJobManager:160 - 11.38: Finished creating bam files for panels 200-217
30 Jun 2011 18:10:48,865  INFO [main] AnalysisJobManager:160 - 11.41: Finished making of BAM file for directory /usr/rmt_share/genomics/westerm/xr00162_Morning-glory-1/000631_2RG1_201/temp/pairing.wt-11/temp.15
30 Jun 2011 18:10:48,892  INFO [main] AnalysisJobManager:160 - 11.41: Finished creating bam files for panels 254-271
30 Jun 2011 18:10:58,745  INFO [main] AnalysisJobManager:160 - 11.42: Finished making of BAM file for directory /usr/rmt_share/genomics/westerm/xr00162_Morning-glory-1/000631_2RG1_201/temp/pairing.wt-11/temp.16
30 Jun 2011 18:10:58,760  INFO [main] AnalysisJobManager:160 - 11.42: Finished creating bam files for panels 272-289
30 Jun 2011 18:11:00,470  INFO [main] AnalysisJobManager:160 - 11.48: Finished making of BAM file for directory /usr/rmt_share/genomics/westerm/xr00162_Morning-glory-1/000631_2RG1_201/temp/pairing.wt-11/temp.22
30 Jun 2011 18:11:00,481  INFO [main] AnalysisJobManager:160 - 11.48: Finished creating bam files for panels 376-392
30 Jun 2011 18:11:01,380  INFO [main] AnalysisJobManager:160 - 11.45: Finished making of BAM file for directory /usr/rmt_share/genomics/westerm/xr00162_Morning-glory-1/000631_2RG1_201/temp/pairing.wt-11/temp.19
30 Jun 2011 18:11:01,382  INFO [main] AnalysisJobManager:160 - 11.45: Finished creating bam files for panels 325-341
30 Jun 2011 18:11:04,047  INFO [main] AnalysisJobManager:160 - 11.47: Finished making of BAM file for directory /usr/rmt_share/genomics/westerm/xr00162_Morning-glory-1/000631_2RG1_201/temp/pairing.wt-11/temp.21
30 Jun 2011 18:11:04,054  INFO [main] AnalysisJobManager:160 - 11.47: Finished creating bam files for panels 359-375
30 Jun 2011 18:11:05,518  INFO [main] AnalysisJobManager:160 - 11.49: Finished making of BAM file for directory /usr/rmt_share/genomics/westerm/xr00162_Morning-glory-1/000631_2RG1_201/temp/pairing.wt-11/temp.23
30 Jun 2011 18:11:05,523  INFO [main] AnalysisJobManager:160 - 11.49: Finished creating bam files for panels 393-409
30 Jun 2011 18:11:05,834  INFO [main] AnalysisJobManager:160 - 11.39: Finished making of BAM file for directory /usr/rmt_share/genomics/westerm/xr00162_Morning-glory-1/000631_2RG1_201/temp/pairing.wt-11/temp.13
30 Jun 2011 18:11:05,870  INFO [main] AnalysisJobManager:160 - 11.39: Finished creating bam files for panels 218-235
30 Jun 2011 18:11:07,788  INFO [main] AnalysisJobManager:160 - 11.43: Finished making of BAM file for directory /usr/rmt_share/genomics/westerm/xr00162_Morning-glory-1/000631_2RG1_201/temp/pairing.wt-11/temp.17
30 Jun 2011 18:11:07,793  INFO [main] AnalysisJobManager:160 - 11.43: Finished creating bam files for panels 290-307
30 Jun 2011 18:11:15,019  INFO [main] AnalysisJobManager:160 - 11.46: Finished making of BAM file for directory /usr/rmt_share/genomics/westerm/xr00162_Morning-glory-1/000631_2RG1_201/temp/pairing.wt-11/temp.20
30 Jun 2011 18:11:15,045  INFO [main] AnalysisJobManager:160 - 11.46: Finished creating bam files for panels 342-358
30 Jun 2011 18:11:19,859  INFO [main] AnalysisJobManager:160 - 11.40: Finished making of BAM file for directory /usr/rmt_share/genomics/westerm/xr00162_Morning-glory-1/000631_2RG1_201/temp/pairing.wt-11/temp.14
30 Jun 2011 18:11:20,255  INFO [main] AnalysisJobManager:160 - 11.40: Finished creating bam files for panels 236-253
30 Jun 2011 18:11:20,260  INFO [main] AnalysisJobManager:160 - 11: Pairing distributed BAM file creation finished.
30 Jun 2011 18:11:25,604  INFO [main] AnalysisJobManager:160 - 11.52: Starting merge of BAM files.
30 Jun 2011 18:17:27,764  INFO [main] AnalysisJobManager:160 - 11.52: Finished merge of BAM files.
30 Jun 2011 18:17:27,773  INFO [main] AnalysisJobManager:160 - 11.52: Starting making index.
30 Jun 2011 18:17:59,421  INFO [main] AnalysisJobManager:160 - 11.52: Finished making index.
30 Jun 2011 18:17:59,421  INFO [main] AnalysisJobManager:160 - 11.52: Starting merge of unmapped files
30 Jun 2011 18:20:15,415  INFO [main] AnalysisJobManager:160 - 11: Pairing file gather finished.
30 Jun 2011 18:20:15,998  INFO [main] AnalysisJobManager:118 - pairing.wt.run completed.
30 Jun 2011 18:20:15,999  INFO [main] AnalysisJobManager:63 - AnalysisJobManager.manageJobs() job.name=wt.counttag.run; pluginId=wt.counttag.run
30 Jun 2011 18:20:16,001  INFO [main] ClusterPluginJobLauncher:103 - fillinJob() ClusterJob ppn=1
30 Jun 2011 18:20:16,003  INFO [main] ClusterPluginJobLauncher:195 - SUBMIT SCRIPT>>>>#!/bin/bash
##Use user environment Variable
#PBS -V
## Job name
## Purdue mod ... was #PBS -N BioScope_wt.counttag.run_12
#PBS -N Bag.run_12
## Declare job re-runnable
#PBS -r y
## Output files
#PBS -o '/usr/rmt_share/genomics/westerm/xr00162_Morning-glory-1/000631_2RG1_201/log/TORQUE/wt.counttag/wt.counttag.run-12.20110630222016000.log'
#PBS -j oe

## Queue name
#PBS -q mgribsko
## User nameA
## Purdue deletion was ...  #PBS -u westerm

## Resources
#PBS -l walltime=72:00:00,nodes=1:ppn=1,mem=4gb



##all files to be group writable
#PBS -W umask=002

# Log Job Info for debugging
date '+TS[START]: %Y-%m-%d %k:%M:%S.%N'
echo StartTime is `date`
#echo Working directory is $PBS_O_WORKDIR
#cd $PBS_O_WORKDIR
echo Directory is `pwd`
echo Running on host $PBS_O_HOST / `hostname`
echo Job $PBS_O_JOBID - $PBS_JOBNAME in Queue $PBS_QUEUE
## Purdue ... need newline at end of file?
## Force all files to be group writable
umask 0002

unset DISPLAY

	export BIOSCOPEROOT=/scratch/genomics/bioscope/bioscope-coates
# Note, if bioscoperoot is not set above, this will run the
# system script in /etc/profile.d/bioscope_profile.sh
# following lines has freeMarker specific syntax
if [[ -f ${BIOSCOPEROOT}/etc/profile.d/bioscope_profile.sh ]]; then
    ${BIOSCOPEROOT}/etc/profile.d/bioscope_profile.sh
fi

echo BIOSCOPEROOT=$BIOSCOPEROOT

set -x


##==== PRE =========================================================

cd /usr/rmt_share/genomics/westerm/xr00162_Morning-glory-1/000631_2RG1_201

##==================================================================
date '+TS[JOB_START]: %Y-%m-%d %k:%M:%S.%N'
set +e
## =============== COMMAND IS RUN HERE! =============================
java_app.sh --memory 4000 com.apldbio.aga.analysis.exec.PluginRunner -q 316cbb4c-ed42-424c-b8c0-41a48c7b408f -L /usr/rmt_share/genomics/westerm/xr00162_Morning-glory-1/000631_2RG1_201/log -l wt.counttag/wt.counttag.run-12.20110630222015999.log -j 12 wt.counttag.run /usr/rmt_share/genomics/westerm/xr00162_Morning-glory-1/000631_2RG1_201/wt.pe.counttag.ini
## Save exit status
RETVAL=$?
set -e
date '+TS[JOB_END]: %Y-%m-%d %k:%M:%S.%N'
##==== POST ========================================================

##==================================================================

set +x



echo EndTime is `date`
date '+TS[END]: %Y-%m-%d %k:%M:%S.%N'

# return the executed command's exit status
exit $RETVAL

30 Jun 2011 18:20:16,080  INFO [main] ClusterPluginJobLauncher:199 - Submitted job wt.counttag.run with Id '12' for 'wt.counttag.run'
30 Jun 2011 18:20:16,081  INFO [main] AnalysisJobManager:46 - Waiting for events on selector '316cbb4c-ed42-424c-b8c0-41a48c7b408f'
01 Jul 2011 22:03:27,277  INFO [main] AnalysisJobManager:118 - wt.counttag.run completed.
01 Jul 2011 22:03:27,278  INFO [main] AnalysisJobManager:63 - AnalysisJobManager.manageJobs() job.name=wt.sam2wig.run; pluginId=wt.sam2wig.run
01 Jul 2011 22:03:27,297  INFO [main] ClusterPluginJobLauncher:103 - fillinJob() ClusterJob ppn=1
01 Jul 2011 22:03:27,313  INFO [main] ClusterPluginJobLauncher:195 - SUBMIT SCRIPT>>>>#!/bin/bash
##Use user environment Variable
#PBS -V
## Job name
## Purdue mod ... was #PBS -N BioScope_wt.sam2wig.run_13
#PBS -N Big.run_13
## Declare job re-runnable
#PBS -r y
## Output files
#PBS -o '/usr/rmt_share/genomics/westerm/xr00162_Morning-glory-1/000631_2RG1_201/log/TORQUE/wt.sam2wig/wt.sam2wig.run-13.20110702020327279.log'
#PBS -j oe

## Queue name
#PBS -q mgribsko
## User nameA
## Purdue deletion was ...  #PBS -u westerm

## Resources
#PBS -l walltime=96:00:00,nodes=1:ppn=1,mem=4gb



##all files to be group writable
#PBS -W umask=002

# Log Job Info for debugging
date '+TS[START]: %Y-%m-%d %k:%M:%S.%N'
echo StartTime is `date`
#echo Working directory is $PBS_O_WORKDIR
#cd $PBS_O_WORKDIR
echo Directory is `pwd`
echo Running on host $PBS_O_HOST / `hostname`
echo Job $PBS_O_JOBID - $PBS_JOBNAME in Queue $PBS_QUEUE
## Purdue ... need newline at end of file?
## Force all files to be group writable
umask 0002

unset DISPLAY

	export BIOSCOPEROOT=/scratch/genomics/bioscope/bioscope-coates
# Note, if bioscoperoot is not set above, this will run the
# system script in /etc/profile.d/bioscope_profile.sh
# following lines has freeMarker specific syntax
if [[ -f ${BIOSCOPEROOT}/etc/profile.d/bioscope_profile.sh ]]; then
    ${BIOSCOPEROOT}/etc/profile.d/bioscope_profile.sh
fi

echo BIOSCOPEROOT=$BIOSCOPEROOT

set -x


##==== PRE =========================================================

cd /usr/rmt_share/genomics/westerm/xr00162_Morning-glory-1/000631_2RG1_201

##==================================================================
date '+TS[JOB_START]: %Y-%m-%d %k:%M:%S.%N'
set +e
## =============== COMMAND IS RUN HERE! =============================
java_app.sh --memory 4000 com.apldbio.aga.analysis.exec.PluginRunner -q 316cbb4c-ed42-424c-b8c0-41a48c7b408f -L /usr/rmt_share/genomics/westerm/xr00162_Morning-glory-1/000631_2RG1_201/log -l wt.sam2wig/wt.sam2wig.run-13.20110702020327278.log -j 13 wt.sam2wig.run /usr/rmt_share/genomics/westerm/xr00162_Morning-glory-1/000631_2RG1_201/wt.pe.sam2wig.ini
## Save exit status
RETVAL=$?
set -e
date '+TS[JOB_END]: %Y-%m-%d %k:%M:%S.%N'
##==== POST ========================================================

##==================================================================

set +x



echo EndTime is `date`
date '+TS[END]: %Y-%m-%d %k:%M:%S.%N'

# return the executed command's exit status
exit $RETVAL

01 Jul 2011 22:03:28,319  INFO [main] ClusterPluginJobLauncher:199 - Submitted job wt.sam2wig.run with Id '13' for 'wt.sam2wig.run'
01 Jul 2011 22:03:28,319  INFO [main] AnalysisJobManager:46 - Waiting for events on selector '316cbb4c-ed42-424c-b8c0-41a48c7b408f'
01 Jul 2011 22:20:09,609  INFO [main] AnalysisJobManager:118 - wt.sam2wig.run completed.
01 Jul 2011 22:20:09,610  INFO [main] PluginJobManager:141 - Finished successfully
01 Jul 2011 22:20:09,611  INFO [main] PluginJobManager:128 - >>>> END of PluginJobManager >>>> date=2011-07-01 22:20:09.611  EDT
01 Jul 2011 22:20:09,611  INFO [main] PluginJobManager:130 - >>>> END of PluginJobManager >>>> date DURATION=1 days 6 hours 11 minutes 27 secs 
01 Jul 2011 22:20:09,618  INFO [ShutdownHook] EventTransportFactory:140 - Closing JMS connection and session
 on call from:
com.apldbio.aga.analysis.workflow.BioscopeShutdownHook.run(BioscopeShutdownHook.java:55)

