30 Jun 2011 16:08:56,699  INFO [main] PluginJobManager:107 - >>>> START of PluginJobManager >>>> date=2011-06-30 16:08:56.471  EDT
30 Jun 2011 16:08:56,815  INFO [main] PluginJobManager:110 - Bioscope version: bioscope-v1.3-rBS130_50843_20101020105719 
30 Jun 2011 16:08:59,958  INFO [ActiveMQ Task] FailoverTransport:745 - Successfully connected to tcp://asp.genomics.purdue.edu:61616?wireFormat.MaxInactivityDuration=-1
30 Jun 2011 16:09:00,557  INFO [ActiveMQ Task] FailoverTransport:745 - Successfully connected to tcp://asp.genomics.purdue.edu:61616?wireFormat.MaxInactivityDuration=-1
30 Jun 2011 16:09:01,467  INFO [main] ClusterJob:142 - Template location - /scratch/genomics/bioscope/bioscope-coates/etc/template
30 Jun 2011 16:09:03,672  WARN [main] PluginJobScheduler:88 - No plugins found in wt.pe.junction.finder.ini
30 Jun 2011 16:09:04,001  INFO [main] AnalysisJobManager:63 - AnalysisJobManager.manageJobs() job.name=wt.f3.genomic.mapping.plugin.run; pluginId=wt.f3.genomic.mapping.plugin.run
30 Jun 2011 16:09:04,002  INFO [main] AnalysisJobManager:63 - AnalysisJobManager.manageJobs() job.name=wt.f3.filter.mapping.plugin.run; pluginId=wt.f3.filter.mapping.plugin.run
30 Jun 2011 16:09:04,007  INFO [main] ClusterPluginJobLauncher:187 - Spawned process for 'wt.f3.genomic.mapping.plugin.run'.
java_app.sh --memory 64 com.apldbio.aga.analysis.exec.PluginRunner -q 7cf31a4e-08bc-4dc0-8ebb-f80c7d199de0 -s -L /usr/rmt_share/genomics/westerm/xr00162_Morning-glory-1/000635_Cb2_412/log -l wt.f3.genomic.mapping.plugin/wt.f3.genomic.mapping.plugin.run-1.20110630200904004.log -j 1 wt.f3.genomic.mapping.plugin.run /usr/rmt_share/genomics/westerm/xr00162_Morning-glory-1/000635_Cb2_412/wt.pe.f3.mapping.ini
30 Jun 2011 16:09:04,007  INFO [main] ClusterPluginJobLauncher:187 - Spawned process for 'wt.f3.filter.mapping.plugin.run'.
java_app.sh --memory 64 com.apldbio.aga.analysis.exec.PluginRunner -q 7cf31a4e-08bc-4dc0-8ebb-f80c7d199de0 -s -L /usr/rmt_share/genomics/westerm/xr00162_Morning-glory-1/000635_Cb2_412/log -l wt.f3.filter.mapping.plugin/wt.f3.filter.mapping.plugin.run-2.20110630200904007.log -j 2 wt.f3.filter.mapping.plugin.run /usr/rmt_share/genomics/westerm/xr00162_Morning-glory-1/000635_Cb2_412/wt.pe.f3.mapping.ini
30 Jun 2011 16:09:04,009  INFO [main] AnalysisJobManager:46 - Waiting for events on selector '7cf31a4e-08bc-4dc0-8ebb-f80c7d199de0'
30 Jun 2011 17:14:27,803  INFO [main] AnalysisJobManager:118 - wt.f3.genomic.mapping.plugin.run completed.
30 Jun 2011 17:14:27,804  INFO [main] AnalysisJobManager:46 - Waiting for events on selector '7cf31a4e-08bc-4dc0-8ebb-f80c7d199de0'
30 Jun 2011 17:14:34,220  INFO [main] AnalysisJobManager:118 - wt.f3.filter.mapping.plugin.run completed.
30 Jun 2011 17:14:34,220  INFO [main] AnalysisJobManager:63 - AnalysisJobManager.manageJobs() job.name=wt.f3.ma.file.merger.into.ma.file.plugin.run; pluginId=wt.f3.ma.file.merger.into.ma.file.plugin.run
30 Jun 2011 17:14:34,221  INFO [main] ClusterPluginJobLauncher:187 - Spawned process for 'wt.f3.ma.file.merger.into.ma.file.plugin.run'.
java_app.sh --memory 64 com.apldbio.aga.analysis.exec.PluginRunner -q 7cf31a4e-08bc-4dc0-8ebb-f80c7d199de0 -s -L /usr/rmt_share/genomics/westerm/xr00162_Morning-glory-1/000635_Cb2_412/log -l wt.f3.ma.file.merger.into.ma.file.plugin/wt.f3.ma.file.merger.into.ma.file.plugin.run-3.20110630211434221.log -j 3 wt.f3.ma.file.merger.into.ma.file.plugin.run /usr/rmt_share/genomics/westerm/xr00162_Morning-glory-1/000635_Cb2_412/wt.pe.f3.mapping.ini
30 Jun 2011 17:14:34,224  INFO [main] AnalysisJobManager:46 - Waiting for events on selector '7cf31a4e-08bc-4dc0-8ebb-f80c7d199de0'
30 Jun 2011 17:20:18,971  INFO [main] AnalysisJobManager:118 - wt.f3.ma.file.merger.into.ma.file.plugin.run completed.
30 Jun 2011 17:20:18,971  INFO [main] AnalysisJobManager:63 - AnalysisJobManager.manageJobs() job.name=wt.f5.genomic.mapping.plugin.run; pluginId=wt.f5.genomic.mapping.plugin.run
30 Jun 2011 17:20:18,972  INFO [main] AnalysisJobManager:63 - AnalysisJobManager.manageJobs() job.name=wt.f5.filter.mapping.plugin.run; pluginId=wt.f5.filter.mapping.plugin.run
30 Jun 2011 17:20:18,972  INFO [main] ClusterPluginJobLauncher:187 - Spawned process for 'wt.f5.genomic.mapping.plugin.run'.
java_app.sh --memory 64 com.apldbio.aga.analysis.exec.PluginRunner -q 7cf31a4e-08bc-4dc0-8ebb-f80c7d199de0 -s -L /usr/rmt_share/genomics/westerm/xr00162_Morning-glory-1/000635_Cb2_412/log -l wt.f5.genomic.mapping.plugin/wt.f5.genomic.mapping.plugin.run-4.20110630212018972.log -j 4 wt.f5.genomic.mapping.plugin.run /usr/rmt_share/genomics/westerm/xr00162_Morning-glory-1/000635_Cb2_412/wt.pe.f5.mapping.ini
30 Jun 2011 17:20:18,976  INFO [main] ClusterPluginJobLauncher:187 - Spawned process for 'wt.f5.filter.mapping.plugin.run'.
java_app.sh --memory 64 com.apldbio.aga.analysis.exec.PluginRunner -q 7cf31a4e-08bc-4dc0-8ebb-f80c7d199de0 -s -L /usr/rmt_share/genomics/westerm/xr00162_Morning-glory-1/000635_Cb2_412/log -l wt.f5.filter.mapping.plugin/wt.f5.filter.mapping.plugin.run-5.20110630212018973.log -j 5 wt.f5.filter.mapping.plugin.run /usr/rmt_share/genomics/westerm/xr00162_Morning-glory-1/000635_Cb2_412/wt.pe.f5.mapping.ini
30 Jun 2011 17:20:18,981  INFO [main] AnalysisJobManager:46 - Waiting for events on selector '7cf31a4e-08bc-4dc0-8ebb-f80c7d199de0'
30 Jun 2011 17:38:43,253  INFO [main] AnalysisJobManager:118 - wt.f5.filter.mapping.plugin.run completed.
30 Jun 2011 17:38:43,254  INFO [main] AnalysisJobManager:46 - Waiting for events on selector '7cf31a4e-08bc-4dc0-8ebb-f80c7d199de0'
30 Jun 2011 17:40:45,235  INFO [main] AnalysisJobManager:118 - wt.f5.genomic.mapping.plugin.run completed.
30 Jun 2011 17:40:45,235  INFO [main] AnalysisJobManager:63 - AnalysisJobManager.manageJobs() job.name=wt.f5.ma.file.merger.into.ma.file.plugin.run; pluginId=wt.f5.ma.file.merger.into.ma.file.plugin.run
30 Jun 2011 17:40:45,236  INFO [main] ClusterPluginJobLauncher:187 - Spawned process for 'wt.f5.ma.file.merger.into.ma.file.plugin.run'.
java_app.sh --memory 64 com.apldbio.aga.analysis.exec.PluginRunner -q 7cf31a4e-08bc-4dc0-8ebb-f80c7d199de0 -s -L /usr/rmt_share/genomics/westerm/xr00162_Morning-glory-1/000635_Cb2_412/log -l wt.f5.ma.file.merger.into.ma.file.plugin/wt.f5.ma.file.merger.into.ma.file.plugin.run-6.20110630214045236.log -j 6 wt.f5.ma.file.merger.into.ma.file.plugin.run /usr/rmt_share/genomics/westerm/xr00162_Morning-glory-1/000635_Cb2_412/wt.pe.f5.mapping.ini
30 Jun 2011 17:40:45,236  INFO [main] AnalysisJobManager:46 - Waiting for events on selector '7cf31a4e-08bc-4dc0-8ebb-f80c7d199de0'
30 Jun 2011 17:44:05,896  INFO [main] AnalysisJobManager:118 - wt.f5.ma.file.merger.into.ma.file.plugin.run completed.
30 Jun 2011 17:44:05,897  INFO [main] AnalysisJobManager:63 - AnalysisJobManager.manageJobs() job.name=wt.f3.exon.table.rescue.plugin.run; pluginId=wt.f3.exon.table.rescue.plugin.run
30 Jun 2011 17:44:05,902  INFO [main] ClusterPluginJobLauncher:103 - fillinJob() ClusterJob ppn=1
30 Jun 2011 17:44:06,076  INFO [main] ClusterPluginJobLauncher:195 - SUBMIT SCRIPT>>>>#!/bin/bash
##Use user environment Variable
#PBS -V
## Job name
## Purdue mod ... was #PBS -N BioScope_wt.f3.exon.table.rescue.plugin.run_7
#PBS -N Bgin.run_7
## Declare job re-runnable
#PBS -r y
## Output files
#PBS -o '/usr/rmt_share/genomics/westerm/xr00162_Morning-glory-1/000635_Cb2_412/log/TORQUE/wt.f3.exon.table.rescue.plugin/wt.f3.exon.table.rescue.plugin.run-7.20110630214405900.log'
#PBS -j oe

## Queue name
#PBS -q mgribsko
## User nameA
## Purdue deletion was ...  #PBS -u westerm

## Resources
#PBS -l walltime=96:00:00,nodes=1:ppn=1,mem=4gb



##all files to be group writable
#PBS -W umask=002

# Log Job Info for debugging
date '+TS[START]: %Y-%m-%d %k:%M:%S.%N'
echo StartTime is `date`
#echo Working directory is $PBS_O_WORKDIR
#cd $PBS_O_WORKDIR
echo Directory is `pwd`
echo Running on host $PBS_O_HOST / `hostname`
echo Job $PBS_O_JOBID - $PBS_JOBNAME in Queue $PBS_QUEUE
## Purdue ... need newline at end of file?
## Force all files to be group writable
umask 0002

unset DISPLAY

	export BIOSCOPEROOT=/scratch/genomics/bioscope/bioscope-coates
# Note, if bioscoperoot is not set above, this will run the
# system script in /etc/profile.d/bioscope_profile.sh
# following lines has freeMarker specific syntax
if [[ -f ${BIOSCOPEROOT}/etc/profile.d/bioscope_profile.sh ]]; then
    ${BIOSCOPEROOT}/etc/profile.d/bioscope_profile.sh
fi

echo BIOSCOPEROOT=$BIOSCOPEROOT

set -x


##==== PRE =========================================================

cd /usr/rmt_share/genomics/westerm/xr00162_Morning-glory-1/000635_Cb2_412

##==================================================================
date '+TS[JOB_START]: %Y-%m-%d %k:%M:%S.%N'
set +e
## =============== COMMAND IS RUN HERE! =============================
java_app.sh --memory 4000 com.apldbio.aga.analysis.exec.PluginRunner -q 7cf31a4e-08bc-4dc0-8ebb-f80c7d199de0 -L /usr/rmt_share/genomics/westerm/xr00162_Morning-glory-1/000635_Cb2_412/log -l wt.f3.exon.table.rescue.plugin/wt.f3.exon.table.rescue.plugin.run-7.20110630214405897.log -j 7 wt.f3.exon.table.rescue.plugin.run /usr/rmt_share/genomics/westerm/xr00162_Morning-glory-1/000635_Cb2_412/wt.pe.f3.rescue.ini
## Save exit status
RETVAL=$?
set -e
date '+TS[JOB_END]: %Y-%m-%d %k:%M:%S.%N'
##==== POST ========================================================

##==================================================================

set +x



echo EndTime is `date`
date '+TS[END]: %Y-%m-%d %k:%M:%S.%N'

# return the executed command's exit status
exit $RETVAL

30 Jun 2011 17:44:06,370  INFO [main] ClusterPluginJobLauncher:199 - Submitted job wt.f3.exon.table.rescue.plugin.run with Id '7' for 'wt.f3.exon.table.rescue.plugin.run'
30 Jun 2011 17:44:06,371  INFO [main] AnalysisJobManager:46 - Waiting for events on selector '7cf31a4e-08bc-4dc0-8ebb-f80c7d199de0'
30 Jun 2011 17:49:25,660  INFO [main] AnalysisJobManager:118 - wt.f3.exon.table.rescue.plugin.run completed.
30 Jun 2011 17:49:25,660  INFO [main] AnalysisJobManager:63 - AnalysisJobManager.manageJobs() job.name=wt.f3.rescue.ma.file.merger.into.ma.file.plugin.run; pluginId=wt.f3.rescue.ma.file.merger.into.ma.file.plugin.run
30 Jun 2011 17:49:25,661  INFO [main] ClusterPluginJobLauncher:187 - Spawned process for 'wt.f3.rescue.ma.file.merger.into.ma.file.plugin.run'.
java_app.sh --memory 64 com.apldbio.aga.analysis.exec.PluginRunner -q 7cf31a4e-08bc-4dc0-8ebb-f80c7d199de0 -s -L /usr/rmt_share/genomics/westerm/xr00162_Morning-glory-1/000635_Cb2_412/log -l wt.f3.rescue.ma.file.merger.into.ma.file.plugin/wt.f3.rescue.ma.file.merger.into.ma.file.plugin.run-8.20110630214925661.log -j 8 wt.f3.rescue.ma.file.merger.into.ma.file.plugin.run /usr/rmt_share/genomics/westerm/xr00162_Morning-glory-1/000635_Cb2_412/wt.pe.f3.rescue.ini
30 Jun 2011 17:49:25,661  INFO [main] AnalysisJobManager:46 - Waiting for events on selector '7cf31a4e-08bc-4dc0-8ebb-f80c7d199de0'
30 Jun 2011 17:55:59,370  INFO [main] AnalysisJobManager:118 - wt.f3.rescue.ma.file.merger.into.ma.file.plugin.run completed.
30 Jun 2011 17:55:59,370  INFO [main] AnalysisJobManager:63 - AnalysisJobManager.manageJobs() job.name=wt.f5.exon.table.rescue.plugin.run; pluginId=wt.f5.exon.table.rescue.plugin.run
30 Jun 2011 17:55:59,373  INFO [main] ClusterPluginJobLauncher:103 - fillinJob() ClusterJob ppn=1
30 Jun 2011 17:55:59,374  INFO [main] ClusterPluginJobLauncher:195 - SUBMIT SCRIPT>>>>#!/bin/bash
##Use user environment Variable
#PBS -V
## Job name
## Purdue mod ... was #PBS -N BioScope_wt.f5.exon.table.rescue.plugin.run_9
#PBS -N Bgin.run_9
## Declare job re-runnable
#PBS -r y
## Output files
#PBS -o '/usr/rmt_share/genomics/westerm/xr00162_Morning-glory-1/000635_Cb2_412/log/TORQUE/wt.f5.exon.table.rescue.plugin/wt.f5.exon.table.rescue.plugin.run-9.20110630215559371.log'
#PBS -j oe

## Queue name
#PBS -q mgribsko
## User nameA
## Purdue deletion was ...  #PBS -u westerm

## Resources
#PBS -l walltime=96:00:00,nodes=1:ppn=1,mem=4gb



##all files to be group writable
#PBS -W umask=002

# Log Job Info for debugging
date '+TS[START]: %Y-%m-%d %k:%M:%S.%N'
echo StartTime is `date`
#echo Working directory is $PBS_O_WORKDIR
#cd $PBS_O_WORKDIR
echo Directory is `pwd`
echo Running on host $PBS_O_HOST / `hostname`
echo Job $PBS_O_JOBID - $PBS_JOBNAME in Queue $PBS_QUEUE
## Purdue ... need newline at end of file?
## Force all files to be group writable
umask 0002

unset DISPLAY

	export BIOSCOPEROOT=/scratch/genomics/bioscope/bioscope-coates
# Note, if bioscoperoot is not set above, this will run the
# system script in /etc/profile.d/bioscope_profile.sh
# following lines has freeMarker specific syntax
if [[ -f ${BIOSCOPEROOT}/etc/profile.d/bioscope_profile.sh ]]; then
    ${BIOSCOPEROOT}/etc/profile.d/bioscope_profile.sh
fi

echo BIOSCOPEROOT=$BIOSCOPEROOT

set -x


##==== PRE =========================================================

cd /usr/rmt_share/genomics/westerm/xr00162_Morning-glory-1/000635_Cb2_412

##==================================================================
date '+TS[JOB_START]: %Y-%m-%d %k:%M:%S.%N'
set +e
## =============== COMMAND IS RUN HERE! =============================
java_app.sh --memory 4000 com.apldbio.aga.analysis.exec.PluginRunner -q 7cf31a4e-08bc-4dc0-8ebb-f80c7d199de0 -L /usr/rmt_share/genomics/westerm/xr00162_Morning-glory-1/000635_Cb2_412/log -l wt.f5.exon.table.rescue.plugin/wt.f5.exon.table.rescue.plugin.run-9.20110630215559370.log -j 9 wt.f5.exon.table.rescue.plugin.run /usr/rmt_share/genomics/westerm/xr00162_Morning-glory-1/000635_Cb2_412/wt.pe.f5.rescue.ini
## Save exit status
RETVAL=$?
set -e
date '+TS[JOB_END]: %Y-%m-%d %k:%M:%S.%N'
##==== POST ========================================================

##==================================================================

set +x



echo EndTime is `date`
date '+TS[END]: %Y-%m-%d %k:%M:%S.%N'

# return the executed command's exit status
exit $RETVAL

30 Jun 2011 17:55:59,442  INFO [main] ClusterPluginJobLauncher:199 - Submitted job wt.f5.exon.table.rescue.plugin.run with Id '9' for 'wt.f5.exon.table.rescue.plugin.run'
30 Jun 2011 17:55:59,443  INFO [main] AnalysisJobManager:46 - Waiting for events on selector '7cf31a4e-08bc-4dc0-8ebb-f80c7d199de0'
30 Jun 2011 18:01:32,640  INFO [main] AnalysisJobManager:118 - wt.f5.exon.table.rescue.plugin.run completed.
30 Jun 2011 18:01:32,641  INFO [main] AnalysisJobManager:63 - AnalysisJobManager.manageJobs() job.name=wt.f5.rescue.ma.file.merger.into.ma.file.plugin.run; pluginId=wt.f5.rescue.ma.file.merger.into.ma.file.plugin.run
30 Jun 2011 18:01:32,641  INFO [main] ClusterPluginJobLauncher:187 - Spawned process for 'wt.f5.rescue.ma.file.merger.into.ma.file.plugin.run'.
java_app.sh --memory 64 com.apldbio.aga.analysis.exec.PluginRunner -q 7cf31a4e-08bc-4dc0-8ebb-f80c7d199de0 -s -L /usr/rmt_share/genomics/westerm/xr00162_Morning-glory-1/000635_Cb2_412/log -l wt.f5.rescue.ma.file.merger.into.ma.file.plugin/wt.f5.rescue.ma.file.merger.into.ma.file.plugin.run-10.20110630220132641.log -j 10 wt.f5.rescue.ma.file.merger.into.ma.file.plugin.run /usr/rmt_share/genomics/westerm/xr00162_Morning-glory-1/000635_Cb2_412/wt.pe.f5.rescue.ini
30 Jun 2011 18:01:32,641  INFO [main] AnalysisJobManager:46 - Waiting for events on selector '7cf31a4e-08bc-4dc0-8ebb-f80c7d199de0'
30 Jun 2011 18:11:41,125  INFO [main] AnalysisJobManager:118 - wt.f5.rescue.ma.file.merger.into.ma.file.plugin.run completed.
30 Jun 2011 18:11:41,125  INFO [main] AnalysisJobManager:63 - AnalysisJobManager.manageJobs() job.name=pairing.wt.run; pluginId=pairing.wt.run
30 Jun 2011 18:11:41,126  INFO [main] ClusterPluginJobLauncher:187 - Spawned process for 'pairing.wt.run'.
java_app.sh --memory 64 com.apldbio.aga.analysis.exec.PluginRunner -q 7cf31a4e-08bc-4dc0-8ebb-f80c7d199de0 -s -L /usr/rmt_share/genomics/westerm/xr00162_Morning-glory-1/000635_Cb2_412/log -l pairing.wt/pairing.wt.run-11.20110630221141126.log -j 11 pairing.wt.run /usr/rmt_share/genomics/westerm/xr00162_Morning-glory-1/000635_Cb2_412/wt.pe.pairing.ini
30 Jun 2011 18:11:41,126  INFO [main] AnalysisJobManager:46 - Waiting for events on selector '7cf31a4e-08bc-4dc0-8ebb-f80c7d199de0'
30 Jun 2011 18:11:45,612  INFO [main] AnalysisJobManager:160 - 11: WARNING:  Value for key 'insert.start' may not be less than 35, using 35.
30 Jun 2011 18:12:02,624  INFO [main] AnalysisJobManager:160 - 11.1: WARNING:  Value for key 'insert.start' may not be less than 35, using 35.
30 Jun 2011 18:12:03,082  INFO [main] AnalysisJobManager:160 - 11.1: Creating (or finding) mapping indexes.
30 Jun 2011 18:13:10,006  INFO [main] AnalysisJobManager:160 - 11.1: Counting panels.
30 Jun 2011 18:13:10,018  INFO [main] AnalysisJobManager:160 - 11.1: Grouping panels for 24 jobs.
30 Jun 2011 18:13:10,209  INFO [main] AnalysisJobManager:160 - 11: Panel grouping finished.
30 Jun 2011 18:13:37,834  INFO [main] AnalysisJobManager:160 - 11.2: WARNING:  Value for key 'insert.start' may not be less than 35, using 35.
30 Jun 2011 18:13:37,917  INFO [main] AnalysisJobManager:160 - 11.2: Starting distribute quality values
30 Jun 2011 18:13:37,987  INFO [main] AnalysisJobManager:160 - 11.3: Starting main pairing run for panels 0-18
30 Jun 2011 18:13:40,093  INFO [main] AnalysisJobManager:160 - 11.4: Starting main pairing run for panels 19-36
30 Jun 2011 18:13:42,888  INFO [main] AnalysisJobManager:160 - 11.5: Starting main pairing run for panels 37-54
30 Jun 2011 18:13:42,927  INFO [main] AnalysisJobManager:160 - 11.6: Starting main pairing run for panels 55-72
30 Jun 2011 18:13:44,381  INFO [main] AnalysisJobManager:160 - 11.7: Starting main pairing run for panels 73-90
30 Jun 2011 18:13:46,254  INFO [main] AnalysisJobManager:160 - 11.3: Finished main pairing run for panels 0-18
30 Jun 2011 18:13:50,345  INFO [main] AnalysisJobManager:160 - 11.4: Finished main pairing run for panels 19-36
30 Jun 2011 18:13:52,898  INFO [main] AnalysisJobManager:160 - 11.5: Finished main pairing run for panels 37-54
30 Jun 2011 18:13:54,602  INFO [main] AnalysisJobManager:160 - 11.6: Finished main pairing run for panels 55-72
30 Jun 2011 18:13:54,729  INFO [main] AnalysisJobManager:160 - 11.8: Starting main pairing run for panels 91-108
30 Jun 2011 18:13:55,979  INFO [main] AnalysisJobManager:160 - 11.9: Starting main pairing run for panels 109-126
30 Jun 2011 18:13:56,846  INFO [main] AnalysisJobManager:160 - 11.10: Starting main pairing run for panels 127-144
30 Jun 2011 18:13:57,045  INFO [main] AnalysisJobManager:160 - 11.7: Finished main pairing run for panels 73-90
30 Jun 2011 18:13:58,255  INFO [main] AnalysisJobManager:160 - 11.11: Starting main pairing run for panels 145-163
30 Jun 2011 18:13:58,392  INFO [main] AnalysisJobManager:160 - 11.12: Starting main pairing run for panels 164-181
30 Jun 2011 18:14:00,643  INFO [main] AnalysisJobManager:160 - 11.13: Starting main pairing run for panels 182-199
30 Jun 2011 18:14:02,384  INFO [main] AnalysisJobManager:160 - 11.15: Starting main pairing run for panels 218-235
30 Jun 2011 18:14:03,041  INFO [main] AnalysisJobManager:160 - 11.16: Starting main pairing run for panels 236-253
30 Jun 2011 18:14:03,846  INFO [main] AnalysisJobManager:160 - 11.8: Finished main pairing run for panels 91-108
30 Jun 2011 18:14:04,249  INFO [main] AnalysisJobManager:160 - 11.14: Starting main pairing run for panels 200-217
30 Jun 2011 18:14:04,396  INFO [main] AnalysisJobManager:160 - 11.17: Starting main pairing run for panels 254-271
30 Jun 2011 18:14:04,768  INFO [main] AnalysisJobManager:160 - 11.18: Starting main pairing run for panels 272-289
30 Jun 2011 18:14:07,719  INFO [main] AnalysisJobManager:160 - 11.19: Starting main pairing run for panels 290-307
30 Jun 2011 18:14:10,143  INFO [main] AnalysisJobManager:160 - 11.20: Starting main pairing run for panels 308-324
30 Jun 2011 18:14:11,616  INFO [main] AnalysisJobManager:160 - 11.9: Finished main pairing run for panels 109-126
30 Jun 2011 18:14:11,760  INFO [main] AnalysisJobManager:160 - 11.11: Finished main pairing run for panels 145-163
30 Jun 2011 18:14:12,228  INFO [main] AnalysisJobManager:160 - 11.10: Finished main pairing run for panels 127-144
30 Jun 2011 18:14:12,621  INFO [main] AnalysisJobManager:160 - 11.12: Finished main pairing run for panels 164-181
30 Jun 2011 18:14:14,377  INFO [main] AnalysisJobManager:160 - 11.21: Starting main pairing run for panels 325-341
30 Jun 2011 18:14:16,988  INFO [main] AnalysisJobManager:160 - 11.22: Starting main pairing run for panels 342-358
30 Jun 2011 18:14:17,179  INFO [main] AnalysisJobManager:160 - 11.13: Finished main pairing run for panels 182-199
30 Jun 2011 18:14:17,882  INFO [main] AnalysisJobManager:160 - 11.23: Starting main pairing run for panels 359-375
30 Jun 2011 18:14:18,708  INFO [main] AnalysisJobManager:160 - 11.24: Starting main pairing run for panels 376-392
30 Jun 2011 18:14:19,761  INFO [main] AnalysisJobManager:160 - 11.25: Starting main pairing run for panels 393-409
30 Jun 2011 18:14:22,567  INFO [main] AnalysisJobManager:160 - 11.17: Finished main pairing run for panels 254-271
30 Jun 2011 18:14:22,728  INFO [main] AnalysisJobManager:160 - 11.14: Finished main pairing run for panels 200-217
30 Jun 2011 18:14:22,741  INFO [main] AnalysisJobManager:160 - 11.15: Finished main pairing run for panels 218-235
30 Jun 2011 18:14:22,995  INFO [main] AnalysisJobManager:160 - 11.16: Finished main pairing run for panels 236-253
30 Jun 2011 18:14:23,040  INFO [main] AnalysisJobManager:160 - 11.18: Finished main pairing run for panels 272-289
30 Jun 2011 18:14:25,584  INFO [main] AnalysisJobManager:160 - 11.20: Finished main pairing run for panels 308-324
30 Jun 2011 18:14:26,920  INFO [main] AnalysisJobManager:160 - 11.19: Finished main pairing run for panels 290-307
30 Jun 2011 18:14:27,539  INFO [main] AnalysisJobManager:160 - 11.26: Starting main pairing run for panels 410-99999999
30 Jun 2011 18:14:31,865  INFO [main] AnalysisJobManager:160 - 11.21: Finished main pairing run for panels 325-341
30 Jun 2011 18:14:32,100  INFO [main] AnalysisJobManager:160 - 11.24: Finished main pairing run for panels 376-392
30 Jun 2011 18:14:33,438  INFO [main] AnalysisJobManager:160 - 11.25: Finished main pairing run for panels 393-409
30 Jun 2011 18:14:35,451  INFO [main] AnalysisJobManager:160 - 11.23: Finished main pairing run for panels 359-375
30 Jun 2011 18:14:35,512  INFO [main] AnalysisJobManager:160 - 11.22: Finished main pairing run for panels 342-358
30 Jun 2011 18:14:38,633  INFO [main] AnalysisJobManager:160 - 11.26: Finished main pairing run for panels 410-99999999
30 Jun 2011 18:14:38,638  INFO [main] AnalysisJobManager:160 - 11: Main pairing run finished.
30 Jun 2011 18:20:56,622  INFO [main] AnalysisJobManager:160 - 11.2: Finished distributing quality values
30 Jun 2011 18:21:03,232  INFO [main] AnalysisJobManager:160 - 11.27: Started creating bam files for panels 0-18
30 Jun 2011 18:21:03,257  INFO [main] AnalysisJobManager:160 - 11.27: Starting making BAM file for directory /usr/rmt_share/genomics/westerm/xr00162_Morning-glory-1/000635_Cb2_412/temp/pairing.wt-11/temp.01
30 Jun 2011 18:21:04,054  INFO [main] AnalysisJobManager:160 - 11.28: Started creating bam files for panels 19-36
30 Jun 2011 18:21:04,078  INFO [main] AnalysisJobManager:160 - 11.28: Starting making BAM file for directory /usr/rmt_share/genomics/westerm/xr00162_Morning-glory-1/000635_Cb2_412/temp/pairing.wt-11/temp.02
30 Jun 2011 18:21:04,770  INFO [main] AnalysisJobManager:160 - 11.29: Started creating bam files for panels 37-54
30 Jun 2011 18:21:04,829  INFO [main] AnalysisJobManager:160 - 11.29: Starting making BAM file for directory /usr/rmt_share/genomics/westerm/xr00162_Morning-glory-1/000635_Cb2_412/temp/pairing.wt-11/temp.03
30 Jun 2011 18:21:05,512  INFO [main] AnalysisJobManager:160 - 11.30: Started creating bam files for panels 55-72
30 Jun 2011 18:21:05,538  INFO [main] AnalysisJobManager:160 - 11.30: Starting making BAM file for directory /usr/rmt_share/genomics/westerm/xr00162_Morning-glory-1/000635_Cb2_412/temp/pairing.wt-11/temp.04
30 Jun 2011 18:21:08,673  INFO [main] AnalysisJobManager:160 - 11.32: Started creating bam files for panels 91-108
30 Jun 2011 18:21:08,696  INFO [main] AnalysisJobManager:160 - 11.32: Starting making BAM file for directory /usr/rmt_share/genomics/westerm/xr00162_Morning-glory-1/000635_Cb2_412/temp/pairing.wt-11/temp.06
30 Jun 2011 18:21:09,394  INFO [main] AnalysisJobManager:160 - 11.33: Started creating bam files for panels 109-126
30 Jun 2011 18:21:09,415  INFO [main] AnalysisJobManager:160 - 11.33: Starting making BAM file for directory /usr/rmt_share/genomics/westerm/xr00162_Morning-glory-1/000635_Cb2_412/temp/pairing.wt-11/temp.07
30 Jun 2011 18:21:10,441  INFO [main] AnalysisJobManager:160 - 11.34: Started creating bam files for panels 127-144
30 Jun 2011 18:21:10,465  INFO [main] AnalysisJobManager:160 - 11.34: Starting making BAM file for directory /usr/rmt_share/genomics/westerm/xr00162_Morning-glory-1/000635_Cb2_412/temp/pairing.wt-11/temp.08
30 Jun 2011 18:21:10,631  INFO [main] AnalysisJobManager:160 - 11.31: Started creating bam files for panels 73-90
30 Jun 2011 18:21:10,681  INFO [main] AnalysisJobManager:160 - 11.31: Starting making BAM file for directory /usr/rmt_share/genomics/westerm/xr00162_Morning-glory-1/000635_Cb2_412/temp/pairing.wt-11/temp.05
30 Jun 2011 18:21:11,346  INFO [main] AnalysisJobManager:160 - 11.35: Started creating bam files for panels 145-163
30 Jun 2011 18:21:11,367  INFO [main] AnalysisJobManager:160 - 11.35: Starting making BAM file for directory /usr/rmt_share/genomics/westerm/xr00162_Morning-glory-1/000635_Cb2_412/temp/pairing.wt-11/temp.09
30 Jun 2011 18:21:12,753  INFO [main] AnalysisJobManager:160 - 11.36: Started creating bam files for panels 164-181
30 Jun 2011 18:21:12,777  INFO [main] AnalysisJobManager:160 - 11.36: Starting making BAM file for directory /usr/rmt_share/genomics/westerm/xr00162_Morning-glory-1/000635_Cb2_412/temp/pairing.wt-11/temp.10
30 Jun 2011 18:21:14,503  INFO [main] AnalysisJobManager:160 - 11.37: Started creating bam files for panels 182-199
30 Jun 2011 18:21:14,524  INFO [main] AnalysisJobManager:160 - 11.37: Starting making BAM file for directory /usr/rmt_share/genomics/westerm/xr00162_Morning-glory-1/000635_Cb2_412/temp/pairing.wt-11/temp.11
30 Jun 2011 18:21:16,833  INFO [main] AnalysisJobManager:160 - 11.38: Started creating bam files for panels 200-217
30 Jun 2011 18:21:16,855  INFO [main] AnalysisJobManager:160 - 11.38: Starting making BAM file for directory /usr/rmt_share/genomics/westerm/xr00162_Morning-glory-1/000635_Cb2_412/temp/pairing.wt-11/temp.12
30 Jun 2011 18:21:18,269  INFO [main] AnalysisJobManager:160 - 11.39: Started creating bam files for panels 218-235
30 Jun 2011 18:21:18,289  INFO [main] AnalysisJobManager:160 - 11.39: Starting making BAM file for directory /usr/rmt_share/genomics/westerm/xr00162_Morning-glory-1/000635_Cb2_412/temp/pairing.wt-11/temp.13
30 Jun 2011 18:21:18,538  INFO [main] AnalysisJobManager:160 - 11.40: Started creating bam files for panels 236-253
30 Jun 2011 18:21:18,585  INFO [main] AnalysisJobManager:160 - 11.40: Starting making BAM file for directory /usr/rmt_share/genomics/westerm/xr00162_Morning-glory-1/000635_Cb2_412/temp/pairing.wt-11/temp.14
30 Jun 2011 18:21:20,214  INFO [main] AnalysisJobManager:160 - 11.41: Started creating bam files for panels 254-271
30 Jun 2011 18:21:20,234  INFO [main] AnalysisJobManager:160 - 11.41: Starting making BAM file for directory /usr/rmt_share/genomics/westerm/xr00162_Morning-glory-1/000635_Cb2_412/temp/pairing.wt-11/temp.15
30 Jun 2011 18:21:20,792  INFO [main] AnalysisJobManager:160 - 11.42: Started creating bam files for panels 272-289
30 Jun 2011 18:21:20,827  INFO [main] AnalysisJobManager:160 - 11.42: Starting making BAM file for directory /usr/rmt_share/genomics/westerm/xr00162_Morning-glory-1/000635_Cb2_412/temp/pairing.wt-11/temp.16
30 Jun 2011 18:21:22,217  INFO [main] AnalysisJobManager:160 - 11.43: Started creating bam files for panels 290-307
30 Jun 2011 18:21:22,238  INFO [main] AnalysisJobManager:160 - 11.43: Starting making BAM file for directory /usr/rmt_share/genomics/westerm/xr00162_Morning-glory-1/000635_Cb2_412/temp/pairing.wt-11/temp.17
30 Jun 2011 18:21:22,900  INFO [main] AnalysisJobManager:160 - 11.44: Started creating bam files for panels 308-324
30 Jun 2011 18:21:22,919  INFO [main] AnalysisJobManager:160 - 11.44: Starting making BAM file for directory /usr/rmt_share/genomics/westerm/xr00162_Morning-glory-1/000635_Cb2_412/temp/pairing.wt-11/temp.18
30 Jun 2011 18:21:24,801  INFO [main] AnalysisJobManager:160 - 11.45: Started creating bam files for panels 325-341
30 Jun 2011 18:21:24,836  INFO [main] AnalysisJobManager:160 - 11.45: Starting making BAM file for directory /usr/rmt_share/genomics/westerm/xr00162_Morning-glory-1/000635_Cb2_412/temp/pairing.wt-11/temp.19
30 Jun 2011 18:21:25,925  INFO [main] AnalysisJobManager:160 - 11.46: Started creating bam files for panels 342-358
30 Jun 2011 18:21:25,948  INFO [main] AnalysisJobManager:160 - 11.46: Starting making BAM file for directory /usr/rmt_share/genomics/westerm/xr00162_Morning-glory-1/000635_Cb2_412/temp/pairing.wt-11/temp.20
30 Jun 2011 18:21:29,759  INFO [main] AnalysisJobManager:160 - 11.48: Started creating bam files for panels 376-392
30 Jun 2011 18:21:29,807  INFO [main] AnalysisJobManager:160 - 11.48: Starting making BAM file for directory /usr/rmt_share/genomics/westerm/xr00162_Morning-glory-1/000635_Cb2_412/temp/pairing.wt-11/temp.22
30 Jun 2011 18:21:30,332  INFO [main] AnalysisJobManager:160 - 11.47: Started creating bam files for panels 359-375
30 Jun 2011 18:21:30,352  INFO [main] AnalysisJobManager:160 - 11.47: Starting making BAM file for directory /usr/rmt_share/genomics/westerm/xr00162_Morning-glory-1/000635_Cb2_412/temp/pairing.wt-11/temp.21
30 Jun 2011 18:21:30,524  INFO [main] AnalysisJobManager:160 - 11.49: Started creating bam files for panels 393-409
30 Jun 2011 18:21:30,543  INFO [main] AnalysisJobManager:160 - 11.49: Starting making BAM file for directory /usr/rmt_share/genomics/westerm/xr00162_Morning-glory-1/000635_Cb2_412/temp/pairing.wt-11/temp.23
30 Jun 2011 18:21:31,579  INFO [main] AnalysisJobManager:160 - 11.50: Started creating bam files for panels 410-99999999
30 Jun 2011 18:21:31,597  INFO [main] AnalysisJobManager:160 - 11.50: Starting making BAM file for directory /usr/rmt_share/genomics/westerm/xr00162_Morning-glory-1/000635_Cb2_412/temp/pairing.wt-11/temp.24
30 Jun 2011 18:21:40,275  INFO [main] AnalysisJobManager:160 - 11.27: Started sort of BAM file for directory /usr/rmt_share/genomics/westerm/xr00162_Morning-glory-1/000635_Cb2_412/temp/pairing.wt-11/temp.01
30 Jun 2011 18:21:43,878  INFO [main] AnalysisJobManager:160 - 11.29: Started sort of BAM file for directory /usr/rmt_share/genomics/westerm/xr00162_Morning-glory-1/000635_Cb2_412/temp/pairing.wt-11/temp.03
30 Jun 2011 18:21:46,201  INFO [main] AnalysisJobManager:160 - 11.32: Started sort of BAM file for directory /usr/rmt_share/genomics/westerm/xr00162_Morning-glory-1/000635_Cb2_412/temp/pairing.wt-11/temp.06
30 Jun 2011 18:21:49,139  INFO [main] AnalysisJobManager:160 - 11.30: Started sort of BAM file for directory /usr/rmt_share/genomics/westerm/xr00162_Morning-glory-1/000635_Cb2_412/temp/pairing.wt-11/temp.04
30 Jun 2011 18:21:50,444  INFO [main] AnalysisJobManager:160 - 11.28: Started sort of BAM file for directory /usr/rmt_share/genomics/westerm/xr00162_Morning-glory-1/000635_Cb2_412/temp/pairing.wt-11/temp.02
30 Jun 2011 18:21:54,612  INFO [main] AnalysisJobManager:160 - 11.35: Started sort of BAM file for directory /usr/rmt_share/genomics/westerm/xr00162_Morning-glory-1/000635_Cb2_412/temp/pairing.wt-11/temp.09
30 Jun 2011 18:21:56,743  INFO [main] AnalysisJobManager:160 - 11.33: Started sort of BAM file for directory /usr/rmt_share/genomics/westerm/xr00162_Morning-glory-1/000635_Cb2_412/temp/pairing.wt-11/temp.07
30 Jun 2011 18:21:56,944  INFO [main] AnalysisJobManager:160 - 11.41: Started sort of BAM file for directory /usr/rmt_share/genomics/westerm/xr00162_Morning-glory-1/000635_Cb2_412/temp/pairing.wt-11/temp.15
30 Jun 2011 18:21:57,320  INFO [main] AnalysisJobManager:160 - 11.38: Started sort of BAM file for directory /usr/rmt_share/genomics/westerm/xr00162_Morning-glory-1/000635_Cb2_412/temp/pairing.wt-11/temp.12
30 Jun 2011 18:21:57,887  INFO [main] AnalysisJobManager:160 - 11.44: Started sort of BAM file for directory /usr/rmt_share/genomics/westerm/xr00162_Morning-glory-1/000635_Cb2_412/temp/pairing.wt-11/temp.18
30 Jun 2011 18:21:59,452  INFO [main] AnalysisJobManager:160 - 11.31: Started sort of BAM file for directory /usr/rmt_share/genomics/westerm/xr00162_Morning-glory-1/000635_Cb2_412/temp/pairing.wt-11/temp.05
30 Jun 2011 18:22:00,225  INFO [main] AnalysisJobManager:160 - 11.36: Started sort of BAM file for directory /usr/rmt_share/genomics/westerm/xr00162_Morning-glory-1/000635_Cb2_412/temp/pairing.wt-11/temp.10
30 Jun 2011 18:22:00,285  INFO [main] AnalysisJobManager:160 - 11.50: Started sort of BAM file for directory /usr/rmt_share/genomics/westerm/xr00162_Morning-glory-1/000635_Cb2_412/temp/pairing.wt-11/temp.24
30 Jun 2011 18:22:02,168  INFO [main] AnalysisJobManager:160 - 11.42: Started sort of BAM file for directory /usr/rmt_share/genomics/westerm/xr00162_Morning-glory-1/000635_Cb2_412/temp/pairing.wt-11/temp.16
30 Jun 2011 18:22:03,873  INFO [main] AnalysisJobManager:160 - 11.34: Started sort of BAM file for directory /usr/rmt_share/genomics/westerm/xr00162_Morning-glory-1/000635_Cb2_412/temp/pairing.wt-11/temp.08
30 Jun 2011 18:22:05,336  INFO [main] AnalysisJobManager:160 - 11.27: Started annotation of BAM file for directory /usr/rmt_share/genomics/westerm/xr00162_Morning-glory-1/000635_Cb2_412/temp/pairing.wt-11/temp.01
30 Jun 2011 18:22:05,510  INFO [main] AnalysisJobManager:160 - 11.48: Started sort of BAM file for directory /usr/rmt_share/genomics/westerm/xr00162_Morning-glory-1/000635_Cb2_412/temp/pairing.wt-11/temp.22
30 Jun 2011 18:22:05,939  INFO [main] AnalysisJobManager:160 - 11.47: Started sort of BAM file for directory /usr/rmt_share/genomics/westerm/xr00162_Morning-glory-1/000635_Cb2_412/temp/pairing.wt-11/temp.21
30 Jun 2011 18:22:06,496  INFO [main] AnalysisJobManager:160 - 11.39: Started sort of BAM file for directory /usr/rmt_share/genomics/westerm/xr00162_Morning-glory-1/000635_Cb2_412/temp/pairing.wt-11/temp.13
30 Jun 2011 18:22:07,478  INFO [main] AnalysisJobManager:160 - 11.49: Started sort of BAM file for directory /usr/rmt_share/genomics/westerm/xr00162_Morning-glory-1/000635_Cb2_412/temp/pairing.wt-11/temp.23
30 Jun 2011 18:22:07,637  INFO [main] AnalysisJobManager:160 - 11.45: Started sort of BAM file for directory /usr/rmt_share/genomics/westerm/xr00162_Morning-glory-1/000635_Cb2_412/temp/pairing.wt-11/temp.19
30 Jun 2011 18:22:07,877  INFO [main] AnalysisJobManager:160 - 11.40: Started sort of BAM file for directory /usr/rmt_share/genomics/westerm/xr00162_Morning-glory-1/000635_Cb2_412/temp/pairing.wt-11/temp.14
30 Jun 2011 18:22:09,444  INFO [main] AnalysisJobManager:160 - 11.37: Started sort of BAM file for directory /usr/rmt_share/genomics/westerm/xr00162_Morning-glory-1/000635_Cb2_412/temp/pairing.wt-11/temp.11
30 Jun 2011 18:22:10,031  INFO [main] AnalysisJobManager:160 - 11.43: Started sort of BAM file for directory /usr/rmt_share/genomics/westerm/xr00162_Morning-glory-1/000635_Cb2_412/temp/pairing.wt-11/temp.17
30 Jun 2011 18:22:11,778  INFO [main] AnalysisJobManager:160 - 11.46: Started sort of BAM file for directory /usr/rmt_share/genomics/westerm/xr00162_Morning-glory-1/000635_Cb2_412/temp/pairing.wt-11/temp.20
30 Jun 2011 18:22:16,948  INFO [main] AnalysisJobManager:160 - 11.29: Started annotation of BAM file for directory /usr/rmt_share/genomics/westerm/xr00162_Morning-glory-1/000635_Cb2_412/temp/pairing.wt-11/temp.03
30 Jun 2011 18:22:21,746  INFO [main] AnalysisJobManager:160 - 11.50: Started annotation of BAM file for directory /usr/rmt_share/genomics/westerm/xr00162_Morning-glory-1/000635_Cb2_412/temp/pairing.wt-11/temp.24
30 Jun 2011 18:22:22,099  INFO [main] AnalysisJobManager:160 - 11.32: Started annotation of BAM file for directory /usr/rmt_share/genomics/westerm/xr00162_Morning-glory-1/000635_Cb2_412/temp/pairing.wt-11/temp.06
30 Jun 2011 18:22:25,062  INFO [main] AnalysisJobManager:160 - 11.44: Started annotation of BAM file for directory /usr/rmt_share/genomics/westerm/xr00162_Morning-glory-1/000635_Cb2_412/temp/pairing.wt-11/temp.18
30 Jun 2011 18:22:30,848  INFO [main] AnalysisJobManager:160 - 11.41: Started annotation of BAM file for directory /usr/rmt_share/genomics/westerm/xr00162_Morning-glory-1/000635_Cb2_412/temp/pairing.wt-11/temp.15
30 Jun 2011 18:22:34,213  INFO [main] AnalysisJobManager:160 - 11.28: Started annotation of BAM file for directory /usr/rmt_share/genomics/westerm/xr00162_Morning-glory-1/000635_Cb2_412/temp/pairing.wt-11/temp.02
30 Jun 2011 18:22:35,971  INFO [main] AnalysisJobManager:160 - 11.35: Started annotation of BAM file for directory /usr/rmt_share/genomics/westerm/xr00162_Morning-glory-1/000635_Cb2_412/temp/pairing.wt-11/temp.09
30 Jun 2011 18:22:37,906  INFO [main] AnalysisJobManager:160 - 11.48: Started annotation of BAM file for directory /usr/rmt_share/genomics/westerm/xr00162_Morning-glory-1/000635_Cb2_412/temp/pairing.wt-11/temp.22
30 Jun 2011 18:22:38,872  INFO [main] AnalysisJobManager:160 - 11.27: Finished making of BAM file for directory /usr/rmt_share/genomics/westerm/xr00162_Morning-glory-1/000635_Cb2_412/temp/pairing.wt-11/temp.01
30 Jun 2011 18:22:38,893  INFO [main] AnalysisJobManager:160 - 11.27: Finished creating bam files for panels 0-18
30 Jun 2011 18:22:40,450  INFO [main] AnalysisJobManager:160 - 11.49: Started annotation of BAM file for directory /usr/rmt_share/genomics/westerm/xr00162_Morning-glory-1/000635_Cb2_412/temp/pairing.wt-11/temp.23
30 Jun 2011 18:22:40,925  INFO [main] AnalysisJobManager:160 - 11.30: Started annotation of BAM file for directory /usr/rmt_share/genomics/westerm/xr00162_Morning-glory-1/000635_Cb2_412/temp/pairing.wt-11/temp.04
30 Jun 2011 18:22:44,821  INFO [main] AnalysisJobManager:160 - 11.38: Started annotation of BAM file for directory /usr/rmt_share/genomics/westerm/xr00162_Morning-glory-1/000635_Cb2_412/temp/pairing.wt-11/temp.12
30 Jun 2011 18:22:46,799  INFO [main] AnalysisJobManager:160 - 11.47: Started annotation of BAM file for directory /usr/rmt_share/genomics/westerm/xr00162_Morning-glory-1/000635_Cb2_412/temp/pairing.wt-11/temp.21
30 Jun 2011 18:22:46,881  INFO [main] AnalysisJobManager:160 - 11.42: Started annotation of BAM file for directory /usr/rmt_share/genomics/westerm/xr00162_Morning-glory-1/000635_Cb2_412/temp/pairing.wt-11/temp.16
30 Jun 2011 18:22:49,868  INFO [main] AnalysisJobManager:160 - 11.50: Finished making of BAM file for directory /usr/rmt_share/genomics/westerm/xr00162_Morning-glory-1/000635_Cb2_412/temp/pairing.wt-11/temp.24
30 Jun 2011 18:22:49,874  INFO [main] AnalysisJobManager:160 - 11.50: Finished creating bam files for panels 410-99999999
30 Jun 2011 18:22:49,986  INFO [main] AnalysisJobManager:160 - 11.31: Started annotation of BAM file for directory /usr/rmt_share/genomics/westerm/xr00162_Morning-glory-1/000635_Cb2_412/temp/pairing.wt-11/temp.05
30 Jun 2011 18:22:51,538  INFO [main] AnalysisJobManager:160 - 11.33: Started annotation of BAM file for directory /usr/rmt_share/genomics/westerm/xr00162_Morning-glory-1/000635_Cb2_412/temp/pairing.wt-11/temp.07
30 Jun 2011 18:22:51,562  INFO [main] AnalysisJobManager:160 - 11.36: Started annotation of BAM file for directory /usr/rmt_share/genomics/westerm/xr00162_Morning-glory-1/000635_Cb2_412/temp/pairing.wt-11/temp.10
30 Jun 2011 18:22:52,888  INFO [main] AnalysisJobManager:160 - 11.40: Started annotation of BAM file for directory /usr/rmt_share/genomics/westerm/xr00162_Morning-glory-1/000635_Cb2_412/temp/pairing.wt-11/temp.14
30 Jun 2011 18:22:54,072  INFO [main] AnalysisJobManager:160 - 11.29: Finished making of BAM file for directory /usr/rmt_share/genomics/westerm/xr00162_Morning-glory-1/000635_Cb2_412/temp/pairing.wt-11/temp.03
30 Jun 2011 18:22:54,084  INFO [main] AnalysisJobManager:160 - 11.29: Finished creating bam files for panels 37-54
30 Jun 2011 18:22:54,989  INFO [main] AnalysisJobManager:160 - 11.45: Started annotation of BAM file for directory /usr/rmt_share/genomics/westerm/xr00162_Morning-glory-1/000635_Cb2_412/temp/pairing.wt-11/temp.19
30 Jun 2011 18:22:55,618  INFO [main] AnalysisJobManager:160 - 11.39: Started annotation of BAM file for directory /usr/rmt_share/genomics/westerm/xr00162_Morning-glory-1/000635_Cb2_412/temp/pairing.wt-11/temp.13
30 Jun 2011 18:22:57,421  INFO [main] AnalysisJobManager:160 - 11.46: Started annotation of BAM file for directory /usr/rmt_share/genomics/westerm/xr00162_Morning-glory-1/000635_Cb2_412/temp/pairing.wt-11/temp.20
30 Jun 2011 18:22:59,651  INFO [main] AnalysisJobManager:160 - 11.34: Started annotation of BAM file for directory /usr/rmt_share/genomics/westerm/xr00162_Morning-glory-1/000635_Cb2_412/temp/pairing.wt-11/temp.08
30 Jun 2011 18:23:00,596  INFO [main] AnalysisJobManager:160 - 11.44: Finished making of BAM file for directory /usr/rmt_share/genomics/westerm/xr00162_Morning-glory-1/000635_Cb2_412/temp/pairing.wt-11/temp.18
30 Jun 2011 18:23:00,609  INFO [main] AnalysisJobManager:160 - 11.44: Finished creating bam files for panels 308-324
30 Jun 2011 18:23:00,710  INFO [main] AnalysisJobManager:160 - 11.43: Started annotation of BAM file for directory /usr/rmt_share/genomics/westerm/xr00162_Morning-glory-1/000635_Cb2_412/temp/pairing.wt-11/temp.17
30 Jun 2011 18:23:02,379  INFO [main] AnalysisJobManager:160 - 11.32: Finished making of BAM file for directory /usr/rmt_share/genomics/westerm/xr00162_Morning-glory-1/000635_Cb2_412/temp/pairing.wt-11/temp.06
30 Jun 2011 18:23:02,400  INFO [main] AnalysisJobManager:160 - 11.32: Finished creating bam files for panels 91-108
30 Jun 2011 18:23:03,031  INFO [main] AnalysisJobManager:160 - 11.37: Started annotation of BAM file for directory /usr/rmt_share/genomics/westerm/xr00162_Morning-glory-1/000635_Cb2_412/temp/pairing.wt-11/temp.11
30 Jun 2011 18:23:06,445  INFO [main] AnalysisJobManager:160 - 11.41: Finished making of BAM file for directory /usr/rmt_share/genomics/westerm/xr00162_Morning-glory-1/000635_Cb2_412/temp/pairing.wt-11/temp.15
30 Jun 2011 18:23:06,450  INFO [main] AnalysisJobManager:160 - 11.41: Finished creating bam files for panels 254-271
30 Jun 2011 18:23:10,846  INFO [main] AnalysisJobManager:160 - 11.48: Finished making of BAM file for directory /usr/rmt_share/genomics/westerm/xr00162_Morning-glory-1/000635_Cb2_412/temp/pairing.wt-11/temp.22
30 Jun 2011 18:23:10,866  INFO [main] AnalysisJobManager:160 - 11.48: Finished creating bam files for panels 376-392
30 Jun 2011 18:23:12,985  INFO [main] AnalysisJobManager:160 - 11.28: Finished making of BAM file for directory /usr/rmt_share/genomics/westerm/xr00162_Morning-glory-1/000635_Cb2_412/temp/pairing.wt-11/temp.02
30 Jun 2011 18:23:13,009  INFO [main] AnalysisJobManager:160 - 11.28: Finished creating bam files for panels 19-36
30 Jun 2011 18:23:13,994  INFO [main] AnalysisJobManager:160 - 11.35: Finished making of BAM file for directory /usr/rmt_share/genomics/westerm/xr00162_Morning-glory-1/000635_Cb2_412/temp/pairing.wt-11/temp.09
30 Jun 2011 18:23:14,009  INFO [main] AnalysisJobManager:160 - 11.35: Finished creating bam files for panels 145-163
30 Jun 2011 18:23:14,346  INFO [main] AnalysisJobManager:160 - 11.49: Finished making of BAM file for directory /usr/rmt_share/genomics/westerm/xr00162_Morning-glory-1/000635_Cb2_412/temp/pairing.wt-11/temp.23
30 Jun 2011 18:23:14,353  INFO [main] AnalysisJobManager:160 - 11.49: Finished creating bam files for panels 393-409
30 Jun 2011 18:23:20,152  INFO [main] AnalysisJobManager:160 - 11.30: Finished making of BAM file for directory /usr/rmt_share/genomics/westerm/xr00162_Morning-glory-1/000635_Cb2_412/temp/pairing.wt-11/temp.04
30 Jun 2011 18:23:20,169  INFO [main] AnalysisJobManager:160 - 11.30: Finished creating bam files for panels 55-72
30 Jun 2011 18:23:20,189  INFO [main] AnalysisJobManager:160 - 11.47: Finished making of BAM file for directory /usr/rmt_share/genomics/westerm/xr00162_Morning-glory-1/000635_Cb2_412/temp/pairing.wt-11/temp.21
30 Jun 2011 18:23:20,195  INFO [main] AnalysisJobManager:160 - 11.47: Finished creating bam files for panels 359-375
30 Jun 2011 18:23:21,042  INFO [main] AnalysisJobManager:160 - 11.38: Finished making of BAM file for directory /usr/rmt_share/genomics/westerm/xr00162_Morning-glory-1/000635_Cb2_412/temp/pairing.wt-11/temp.12
30 Jun 2011 18:23:21,051  INFO [main] AnalysisJobManager:160 - 11.38: Finished creating bam files for panels 200-217
30 Jun 2011 18:23:27,340  INFO [main] AnalysisJobManager:160 - 11.42: Finished making of BAM file for directory /usr/rmt_share/genomics/westerm/xr00162_Morning-glory-1/000635_Cb2_412/temp/pairing.wt-11/temp.16
30 Jun 2011 18:23:27,347  INFO [main] AnalysisJobManager:160 - 11.42: Finished creating bam files for panels 272-289
30 Jun 2011 18:23:32,171  INFO [main] AnalysisJobManager:160 - 11.45: Finished making of BAM file for directory /usr/rmt_share/genomics/westerm/xr00162_Morning-glory-1/000635_Cb2_412/temp/pairing.wt-11/temp.19
30 Jun 2011 18:23:32,180  INFO [main] AnalysisJobManager:160 - 11.45: Finished creating bam files for panels 325-341
30 Jun 2011 18:23:36,241  INFO [main] AnalysisJobManager:160 - 11.40: Finished making of BAM file for directory /usr/rmt_share/genomics/westerm/xr00162_Morning-glory-1/000635_Cb2_412/temp/pairing.wt-11/temp.14
30 Jun 2011 18:23:36,345  INFO [main] AnalysisJobManager:160 - 11.40: Finished creating bam files for panels 236-253
30 Jun 2011 18:23:36,599  INFO [main] AnalysisJobManager:160 - 11.46: Finished making of BAM file for directory /usr/rmt_share/genomics/westerm/xr00162_Morning-glory-1/000635_Cb2_412/temp/pairing.wt-11/temp.20
30 Jun 2011 18:23:36,622  INFO [main] AnalysisJobManager:160 - 11.46: Finished creating bam files for panels 342-358
30 Jun 2011 18:23:37,326  INFO [main] AnalysisJobManager:160 - 11.33: Finished making of BAM file for directory /usr/rmt_share/genomics/westerm/xr00162_Morning-glory-1/000635_Cb2_412/temp/pairing.wt-11/temp.07
30 Jun 2011 18:23:37,457  INFO [main] AnalysisJobManager:160 - 11.33: Finished creating bam files for panels 109-126
30 Jun 2011 18:23:38,518  INFO [main] AnalysisJobManager:160 - 11.36: Finished making of BAM file for directory /usr/rmt_share/genomics/westerm/xr00162_Morning-glory-1/000635_Cb2_412/temp/pairing.wt-11/temp.10
30 Jun 2011 18:23:38,583  INFO [main] AnalysisJobManager:160 - 11.36: Finished creating bam files for panels 164-181
30 Jun 2011 18:23:40,061  INFO [main] AnalysisJobManager:160 - 11.43: Finished making of BAM file for directory /usr/rmt_share/genomics/westerm/xr00162_Morning-glory-1/000635_Cb2_412/temp/pairing.wt-11/temp.17
30 Jun 2011 18:23:40,081  INFO [main] AnalysisJobManager:160 - 11.43: Finished creating bam files for panels 290-307
30 Jun 2011 18:23:42,572  INFO [main] AnalysisJobManager:160 - 11.39: Finished making of BAM file for directory /usr/rmt_share/genomics/westerm/xr00162_Morning-glory-1/000635_Cb2_412/temp/pairing.wt-11/temp.13
30 Jun 2011 18:23:42,664  INFO [main] AnalysisJobManager:160 - 11.39: Finished creating bam files for panels 218-235
30 Jun 2011 18:23:44,089  INFO [main] AnalysisJobManager:160 - 11.34: Finished making of BAM file for directory /usr/rmt_share/genomics/westerm/xr00162_Morning-glory-1/000635_Cb2_412/temp/pairing.wt-11/temp.08
30 Jun 2011 18:23:44,107  INFO [main] AnalysisJobManager:160 - 11.34: Finished creating bam files for panels 127-144
30 Jun 2011 18:23:47,318  INFO [main] AnalysisJobManager:160 - 11.31: Finished making of BAM file for directory /usr/rmt_share/genomics/westerm/xr00162_Morning-glory-1/000635_Cb2_412/temp/pairing.wt-11/temp.05
30 Jun 2011 18:23:47,566  INFO [main] AnalysisJobManager:160 - 11.31: Finished creating bam files for panels 73-90
30 Jun 2011 18:23:50,387  INFO [main] AnalysisJobManager:160 - 11.37: Finished making of BAM file for directory /usr/rmt_share/genomics/westerm/xr00162_Morning-glory-1/000635_Cb2_412/temp/pairing.wt-11/temp.11
30 Jun 2011 18:23:50,408  INFO [main] AnalysisJobManager:160 - 11.37: Finished creating bam files for panels 182-199
30 Jun 2011 18:23:50,415  INFO [main] AnalysisJobManager:160 - 11: Pairing distributed BAM file creation finished.
30 Jun 2011 18:23:58,948  INFO [main] AnalysisJobManager:160 - 11.52: Starting merge of BAM files.
30 Jun 2011 18:31:05,863  INFO [main] AnalysisJobManager:160 - 11.52: Finished merge of BAM files.
30 Jun 2011 18:31:05,871  INFO [main] AnalysisJobManager:160 - 11.52: Starting making index.
30 Jun 2011 18:31:37,725  INFO [main] AnalysisJobManager:160 - 11.52: Finished making index.
30 Jun 2011 18:31:37,726  INFO [main] AnalysisJobManager:160 - 11.52: Starting merge of unmapped files
30 Jun 2011 18:34:07,904  INFO [main] AnalysisJobManager:160 - 11: Pairing file gather finished.
30 Jun 2011 18:34:08,323  INFO [main] AnalysisJobManager:118 - pairing.wt.run completed.
30 Jun 2011 18:34:08,324  INFO [main] AnalysisJobManager:63 - AnalysisJobManager.manageJobs() job.name=wt.counttag.run; pluginId=wt.counttag.run
30 Jun 2011 18:34:08,327  INFO [main] ClusterPluginJobLauncher:103 - fillinJob() ClusterJob ppn=1
30 Jun 2011 18:34:08,329  INFO [main] ClusterPluginJobLauncher:195 - SUBMIT SCRIPT>>>>#!/bin/bash
##Use user environment Variable
#PBS -V
## Job name
## Purdue mod ... was #PBS -N BioScope_wt.counttag.run_12
#PBS -N Bag.run_12
## Declare job re-runnable
#PBS -r y
## Output files
#PBS -o '/usr/rmt_share/genomics/westerm/xr00162_Morning-glory-1/000635_Cb2_412/log/TORQUE/wt.counttag/wt.counttag.run-12.20110630223408325.log'
#PBS -j oe

## Queue name
#PBS -q mgribsko
## User nameA
## Purdue deletion was ...  #PBS -u westerm

## Resources
#PBS -l walltime=72:00:00,nodes=1:ppn=1,mem=4gb



##all files to be group writable
#PBS -W umask=002

# Log Job Info for debugging
date '+TS[START]: %Y-%m-%d %k:%M:%S.%N'
echo StartTime is `date`
#echo Working directory is $PBS_O_WORKDIR
#cd $PBS_O_WORKDIR
echo Directory is `pwd`
echo Running on host $PBS_O_HOST / `hostname`
echo Job $PBS_O_JOBID - $PBS_JOBNAME in Queue $PBS_QUEUE
## Purdue ... need newline at end of file?
## Force all files to be group writable
umask 0002

unset DISPLAY

	export BIOSCOPEROOT=/scratch/genomics/bioscope/bioscope-coates
# Note, if bioscoperoot is not set above, this will run the
# system script in /etc/profile.d/bioscope_profile.sh
# following lines has freeMarker specific syntax
if [[ -f ${BIOSCOPEROOT}/etc/profile.d/bioscope_profile.sh ]]; then
    ${BIOSCOPEROOT}/etc/profile.d/bioscope_profile.sh
fi

echo BIOSCOPEROOT=$BIOSCOPEROOT

set -x


##==== PRE =========================================================

cd /usr/rmt_share/genomics/westerm/xr00162_Morning-glory-1/000635_Cb2_412

##==================================================================
date '+TS[JOB_START]: %Y-%m-%d %k:%M:%S.%N'
set +e
## =============== COMMAND IS RUN HERE! =============================
java_app.sh --memory 4000 com.apldbio.aga.analysis.exec.PluginRunner -q 7cf31a4e-08bc-4dc0-8ebb-f80c7d199de0 -L /usr/rmt_share/genomics/westerm/xr00162_Morning-glory-1/000635_Cb2_412/log -l wt.counttag/wt.counttag.run-12.20110630223408324.log -j 12 wt.counttag.run /usr/rmt_share/genomics/westerm/xr00162_Morning-glory-1/000635_Cb2_412/wt.pe.counttag.ini
## Save exit status
RETVAL=$?
set -e
date '+TS[JOB_END]: %Y-%m-%d %k:%M:%S.%N'
##==== POST ========================================================

##==================================================================

set +x



echo EndTime is `date`
date '+TS[END]: %Y-%m-%d %k:%M:%S.%N'

# return the executed command's exit status
exit $RETVAL

30 Jun 2011 18:34:08,434  INFO [main] ClusterPluginJobLauncher:199 - Submitted job wt.counttag.run with Id '12' for 'wt.counttag.run'
30 Jun 2011 18:34:08,435  INFO [main] AnalysisJobManager:46 - Waiting for events on selector '7cf31a4e-08bc-4dc0-8ebb-f80c7d199de0'
02 Jul 2011 08:02:11,977  INFO [main] AnalysisJobManager:118 - wt.counttag.run completed.
02 Jul 2011 08:02:12,048  INFO [main] AnalysisJobManager:63 - AnalysisJobManager.manageJobs() job.name=wt.sam2wig.run; pluginId=wt.sam2wig.run
02 Jul 2011 08:02:12,117  INFO [main] ClusterPluginJobLauncher:103 - fillinJob() ClusterJob ppn=1
02 Jul 2011 08:02:12,243  INFO [main] ClusterPluginJobLauncher:195 - SUBMIT SCRIPT>>>>#!/bin/bash
##Use user environment Variable
#PBS -V
## Job name
## Purdue mod ... was #PBS -N BioScope_wt.sam2wig.run_13
#PBS -N Big.run_13
## Declare job re-runnable
#PBS -r y
## Output files
#PBS -o '/usr/rmt_share/genomics/westerm/xr00162_Morning-glory-1/000635_Cb2_412/log/TORQUE/wt.sam2wig/wt.sam2wig.run-13.20110702120212101.log'
#PBS -j oe

## Queue name
#PBS -q mgribsko
## User nameA
## Purdue deletion was ...  #PBS -u westerm

## Resources
#PBS -l walltime=96:00:00,nodes=1:ppn=1,mem=4gb



##all files to be group writable
#PBS -W umask=002

# Log Job Info for debugging
date '+TS[START]: %Y-%m-%d %k:%M:%S.%N'
echo StartTime is `date`
#echo Working directory is $PBS_O_WORKDIR
#cd $PBS_O_WORKDIR
echo Directory is `pwd`
echo Running on host $PBS_O_HOST / `hostname`
echo Job $PBS_O_JOBID - $PBS_JOBNAME in Queue $PBS_QUEUE
## Purdue ... need newline at end of file?
## Force all files to be group writable
umask 0002

unset DISPLAY

	export BIOSCOPEROOT=/scratch/genomics/bioscope/bioscope-coates
# Note, if bioscoperoot is not set above, this will run the
# system script in /etc/profile.d/bioscope_profile.sh
# following lines has freeMarker specific syntax
if [[ -f ${BIOSCOPEROOT}/etc/profile.d/bioscope_profile.sh ]]; then
    ${BIOSCOPEROOT}/etc/profile.d/bioscope_profile.sh
fi

echo BIOSCOPEROOT=$BIOSCOPEROOT

set -x


##==== PRE =========================================================

cd /usr/rmt_share/genomics/westerm/xr00162_Morning-glory-1/000635_Cb2_412

##==================================================================
date '+TS[JOB_START]: %Y-%m-%d %k:%M:%S.%N'
set +e
## =============== COMMAND IS RUN HERE! =============================
java_app.sh --memory 4000 com.apldbio.aga.analysis.exec.PluginRunner -q 7cf31a4e-08bc-4dc0-8ebb-f80c7d199de0 -L /usr/rmt_share/genomics/westerm/xr00162_Morning-glory-1/000635_Cb2_412/log -l wt.sam2wig/wt.sam2wig.run-13.20110702120212066.log -j 13 wt.sam2wig.run /usr/rmt_share/genomics/westerm/xr00162_Morning-glory-1/000635_Cb2_412/wt.pe.sam2wig.ini
## Save exit status
RETVAL=$?
set -e
date '+TS[JOB_END]: %Y-%m-%d %k:%M:%S.%N'
##==== POST ========================================================

##==================================================================

set +x



echo EndTime is `date`
date '+TS[END]: %Y-%m-%d %k:%M:%S.%N'

# return the executed command's exit status
exit $RETVAL

02 Jul 2011 08:02:20,644  INFO [main] ClusterPluginJobLauncher:199 - Submitted job wt.sam2wig.run with Id '13' for 'wt.sam2wig.run'
02 Jul 2011 08:02:20,644  INFO [main] AnalysisJobManager:46 - Waiting for events on selector '7cf31a4e-08bc-4dc0-8ebb-f80c7d199de0'
02 Jul 2011 08:08:48,656  INFO [main] AnalysisJobManager:118 - wt.sam2wig.run completed.
02 Jul 2011 08:08:48,657  INFO [main] PluginJobManager:141 - Finished successfully
02 Jul 2011 08:08:48,688  INFO [main] PluginJobManager:128 - >>>> END of PluginJobManager >>>> date=2011-07-02 08:08:48.688  EDT
02 Jul 2011 08:08:48,699  INFO [main] PluginJobManager:130 - >>>> END of PluginJobManager >>>> date DURATION=1 days 15 hours 59 minutes 52 secs 
02 Jul 2011 08:08:48,830  INFO [ShutdownHook] EventTransportFactory:140 - Closing JMS connection and session
 on call from:
com.apldbio.aga.analysis.workflow.BioscopeShutdownHook.run(BioscopeShutdownHook.java:55)

